


ARM Macro Assembler    Page 1 


    1 00000000         ; gpio.s
    2 00000000         ; Desenvolvido para a placa EK-TM4C1294XL
    3 00000000         ; Prof. Guilherme Peron
    4 00000000         ; 19/03/2018
    5 00000000         
    6 00000000         ; ------------------------------------------------------
                       -------------------------
    7 00000000                 THUMB                        ; Instruções do tip
                                                            o Thumb-2
    8 00000000         ; ------------------------------------------------------
                       -------------------------
    9 00000000         ; Declarações EQU - Defines
   10 00000000         ; ========================
   11 00000000         ; Definições dos Registradores Gerais
   12 00000000 400FE608 
                       SYSCTL_RCGCGPIO_R
                               EQU              0x400FE608
   13 00000000 400FEA08 
                       SYSCTL_PRGPIO_R
                               EQU              0x400FEA08
   14 00000000         ; ========================
   15 00000000         ; Definições dos Ports
   16 00000000 E000E104 
                       NVIC_EN1_R
                               EQU              0xE000E104
   17 00000000 E000E430 
                       NVIC_PRI12_R
                               EQU              0xE000E430
   18 00000000         
   19 00000000         ; PORT J
   20 00000000 40060520 
                       GPIO_PORTJ_AHB_LOCK_R
                               EQU              0x40060520
   21 00000000 40060524 
                       GPIO_PORTJ_AHB_CR_R
                               EQU              0x40060524
   22 00000000 40060528 
                       GPIO_PORTJ_AHB_AMSEL_R
                               EQU              0x40060528
   23 00000000 4006052C 
                       GPIO_PORTJ_AHB_PCTL_R
                               EQU              0x4006052C
   24 00000000 40060400 
                       GPIO_PORTJ_AHB_DIR_R
                               EQU              0x40060400
   25 00000000 40060420 
                       GPIO_PORTJ_AHB_AFSEL_R
                               EQU              0x40060420
   26 00000000 4006051C 
                       GPIO_PORTJ_AHB_DEN_R
                               EQU              0x4006051C
   27 00000000 40060510 
                       GPIO_PORTJ_AHB_PUR_R
                               EQU              0x40060510
   28 00000000 400603FC 
                       GPIO_PORTJ_AHB_DATA_R
                               EQU              0x400603FC
   29 00000000 00000100 
                       GPIO_PORTJ



ARM Macro Assembler    Page 2 


                               EQU              2_000000100000000
   30 00000000 40060410 
                       GPIO_PORTJ_AHB_IM_R
                               EQU              0x40060410
   31 00000000 40060404 
                       GPIO_PORTJ_AHB_IS_R
                               EQU              0x40060404
   32 00000000 40060408 
                       GPIO_PORTJ_AHB_IBE_R
                               EQU              0x40060408
   33 00000000 4006040C 
                       GPIO_PORTJ_AHB_IEV_R
                               EQU              0x4006040C
   34 00000000 4006041C 
                       GPIO_PORTJ_AHB_ICR_R
                               EQU              0x4006041C
   35 00000000 40060414 
                       GPIO_PORTJ_AHB_RIS_R
                               EQU              0x40060414
   36 00000000         
   37 00000000         
   38 00000000         ; PORT F
   39 00000000 4005D520 
                       GPIO_PORTF_AHB_LOCK_R
                               EQU              0x4005D520
   40 00000000 4005D524 
                       GPIO_PORTF_AHB_CR_R
                               EQU              0x4005D524
   41 00000000 4005D528 
                       GPIO_PORTF_AHB_AMSEL_R
                               EQU              0x4005D528
   42 00000000 4005D52C 
                       GPIO_PORTF_AHB_PCTL_R
                               EQU              0x4005D52C
   43 00000000 4005D400 
                       GPIO_PORTF_AHB_DIR_R
                               EQU              0x4005D400
   44 00000000 4005D420 
                       GPIO_PORTF_AHB_AFSEL_R
                               EQU              0x4005D420
   45 00000000 4005D51C 
                       GPIO_PORTF_AHB_DEN_R
                               EQU              0x4005D51C
   46 00000000 4005D510 
                       GPIO_PORTF_AHB_PUR_R
                               EQU              0x4005D510
   47 00000000 4005D3FC 
                       GPIO_PORTF_AHB_DATA_R
                               EQU              0x4005D3FC
   48 00000000 00000020 
                       GPIO_PORTF
                               EQU              2_000000000100000
   49 00000000         
   50 00000000         
   51 00000000         ; PORT K
   52 00000000 40061000 
                       GPIO_PORTK_DATA_BITS_R
                               EQU              0x40061000
   53 00000000 400613FC 



ARM Macro Assembler    Page 3 


                       GPIO_PORTK_DATA_R
                               EQU              0x400613FC
   54 00000000 40061400 
                       GPIO_PORTK_DIR_R
                               EQU              0x40061400
   55 00000000 40061404 
                       GPIO_PORTK_IS_R
                               EQU              0x40061404
   56 00000000 40061408 
                       GPIO_PORTK_IBE_R
                               EQU              0x40061408
   57 00000000 4006140C 
                       GPIO_PORTK_IEV_R
                               EQU              0x4006140C
   58 00000000 40061410 
                       GPIO_PORTK_IM_R
                               EQU              0x40061410
   59 00000000 40061414 
                       GPIO_PORTK_RIS_R
                               EQU              0x40061414
   60 00000000 40061418 
                       GPIO_PORTK_MIS_R
                               EQU              0x40061418
   61 00000000 4006141C 
                       GPIO_PORTK_ICR_R
                               EQU              0x4006141C
   62 00000000 40061420 
                       GPIO_PORTK_AFSEL_R
                               EQU              0x40061420
   63 00000000 40061500 
                       GPIO_PORTK_DR2R_R
                               EQU              0x40061500
   64 00000000 40061504 
                       GPIO_PORTK_DR4R_R
                               EQU              0x40061504
   65 00000000 40061508 
                       GPIO_PORTK_DR8R_R
                               EQU              0x40061508
   66 00000000 4006150C 
                       GPIO_PORTK_ODR_R
                               EQU              0x4006150C
   67 00000000 40061510 
                       GPIO_PORTK_PUR_R
                               EQU              0x40061510
   68 00000000 40061514 
                       GPIO_PORTK_PDR_R
                               EQU              0x40061514
   69 00000000 40061518 
                       GPIO_PORTK_SLR_R
                               EQU              0x40061518
   70 00000000 4006151C 
                       GPIO_PORTK_DEN_R
                               EQU              0x4006151C
   71 00000000 40061520 
                       GPIO_PORTK_LOCK_R
                               EQU              0x40061520
   72 00000000 40061524 
                       GPIO_PORTK_CR_R
                               EQU              0x40061524



ARM Macro Assembler    Page 4 


   73 00000000 40061528 
                       GPIO_PORTK_AMSEL_R
                               EQU              0x40061528
   74 00000000 4006152C 
                       GPIO_PORTK_PCTL_R
                               EQU              0x4006152C
   75 00000000 40061530 
                       GPIO_PORTK_ADCCTL_R
                               EQU              0x40061530
   76 00000000 40061534 
                       GPIO_PORTK_DMACTL_R
                               EQU              0x40061534
   77 00000000 40061538 
                       GPIO_PORTK_SI_R
                               EQU              0x40061538
   78 00000000 4006153C 
                       GPIO_PORTK_DR12R_R
                               EQU              0x4006153C
   79 00000000 40061540 
                       GPIO_PORTK_WAKEPEN_R
                               EQU              0x40061540
   80 00000000 40061544 
                       GPIO_PORTK_WAKELVL_R
                               EQU              0x40061544
   81 00000000 40061548 
                       GPIO_PORTK_WAKESTAT_R
                               EQU              0x40061548
   82 00000000 40061FC0 
                       GPIO_PORTK_PP_R
                               EQU              0x40061FC0
   83 00000000 40061FC4 
                       GPIO_PORTK_PC_R
                               EQU              0x40061FC4
   84 00000000 00000200 
                       GPIO_PORTK
                               EQU              2_1000000000
   85 00000000         
   86 00000000         ; PORT M
   87 00000000 40063000 
                       GPIO_PORTM_DATA_BITS_R
                               EQU              0x40063000
   88 00000000 400633FC 
                       GPIO_PORTM_DATA_R
                               EQU              0x400633FC
   89 00000000 40063400 
                       GPIO_PORTM_DIR_R
                               EQU              0x40063400
   90 00000000 40063404 
                       GPIO_PORTM_IS_R
                               EQU              0x40063404
   91 00000000 40063408 
                       GPIO_PORTM_IBE_R
                               EQU              0x40063408
   92 00000000 4006340C 
                       GPIO_PORTM_IEV_R
                               EQU              0x4006340C
   93 00000000 40063410 
                       GPIO_PORTM_IM_R
                               EQU              0x40063410



ARM Macro Assembler    Page 5 


   94 00000000 40063414 
                       GPIO_PORTM_RIS_R
                               EQU              0x40063414
   95 00000000 40063418 
                       GPIO_PORTM_MIS_R
                               EQU              0x40063418
   96 00000000 4006341C 
                       GPIO_PORTM_ICR_R
                               EQU              0x4006341C
   97 00000000 40063420 
                       GPIO_PORTM_AFSEL_R
                               EQU              0x40063420
   98 00000000 40063500 
                       GPIO_PORTM_DR2R_R
                               EQU              0x40063500
   99 00000000 40063504 
                       GPIO_PORTM_DR4R_R
                               EQU              0x40063504
  100 00000000 40063508 
                       GPIO_PORTM_DR8R_R
                               EQU              0x40063508
  101 00000000 4006350C 
                       GPIO_PORTM_ODR_R
                               EQU              0x4006350C
  102 00000000 40063510 
                       GPIO_PORTM_PUR_R
                               EQU              0x40063510
  103 00000000 40063514 
                       GPIO_PORTM_PDR_R
                               EQU              0x40063514
  104 00000000 40063518 
                       GPIO_PORTM_SLR_R
                               EQU              0x40063518
  105 00000000 4006351C 
                       GPIO_PORTM_DEN_R
                               EQU              0x4006351C
  106 00000000 40063520 
                       GPIO_PORTM_LOCK_R
                               EQU              0x40063520
  107 00000000 40063524 
                       GPIO_PORTM_CR_R
                               EQU              0x40063524
  108 00000000 40063528 
                       GPIO_PORTM_AMSEL_R
                               EQU              0x40063528
  109 00000000 4006352C 
                       GPIO_PORTM_PCTL_R
                               EQU              0x4006352C
  110 00000000 40063530 
                       GPIO_PORTM_ADCCTL_R
                               EQU              0x40063530
  111 00000000 40063534 
                       GPIO_PORTM_DMACTL_R
                               EQU              0x40063534
  112 00000000 40063538 
                       GPIO_PORTM_SI_R
                               EQU              0x40063538
  113 00000000 4006353C 
                       GPIO_PORTM_DR12R_R



ARM Macro Assembler    Page 6 


                               EQU              0x4006353C
  114 00000000 40063540 
                       GPIO_PORTM_WAKEPEN_R
                               EQU              0x40063540
  115 00000000 40063544 
                       GPIO_PORTM_WAKELVL_R
                               EQU              0x40063544
  116 00000000 40063548 
                       GPIO_PORTM_WAKESTAT_R
                               EQU              0x40063548
  117 00000000 40063FC0 
                       GPIO_PORTM_PP_R
                               EQU              0x40063FC0
  118 00000000 40063FC4 
                       GPIO_PORTM_PC_R
                               EQU              0x40063FC4
  119 00000000 00000800 
                       GPIO_PORTM
                               EQU              2_100000000000
  120 00000000         
  121 00000000         ; ------------------------------------------------------
                       -------------------------
  122 00000000         ; Área de Código - Tudo abaixo da diretiva a seguir será
                        armazenado na memória de 
  123 00000000         ;                  código
  124 00000000                 AREA             |.text|, CODE, READONLY, ALIGN=
2
  125 00000000         
  126 00000000         ; Se alguma função do arquivo for chamada em outro arqui
                       vo 
  127 00000000                 EXPORT           GPIO_Init   ; Permite chamar GP
                                                            IO_Init de outro ar
                                                            quivo
  128 00000000                 EXPORT           PortF_Output ; Permite chamar P
                                                            ortN_Output de outr
                                                            o arquivo
  129 00000000                 EXPORT           PortJ_Input ; Permite chamar Po
                                                            rtJ_Input de outro 
                                                            arquivo
  130 00000000                 EXPORT           GPIOPortJ_Handler
  131 00000000                 EXPORT           LCD_init
  132 00000000                 EXPORT           LCD_DATA
  133 00000000                 EXPORT           LCD_print_string
  134 00000000                 EXPORT           LCD_reset
  135 00000000                 IMPORT           SysTick_Wait1us
  136 00000000         
  137 00000000         
  138 00000000         ;-------------------------------------------------------
                       -------------------------
  139 00000000         ; Função GPIO_Init
  140 00000000         ; Parâmetro de entrada: Não tem
  141 00000000         ; Parâmetro de saída: Não tem
  142 00000000         GPIO_Init
  143 00000000         ;=====================
  144 00000000         ; 1. Ativar o clock para a porta setando o bit correspon
                       dente no registrador RCGCGPIO,
  145 00000000         ; após isso verificar no PRGPIO se a porta está pronta p
                       ara uso.
  146 00000000 489A            LDR              R0, =SYSCTL_RCGCGPIO_R ;Carrega



ARM Macro Assembler    Page 7 


                                                             o endereço do regi
                                                            strador RCGCGPIO
  147 00000002 F04F 0120       MOV              R1, #GPIO_PORTF ;Seta o bit da 
                                                            porta F
  148 00000006 F441 7180       ORR              R1, #GPIO_PORTJ ;Seta o bit da 
                                                            porta J, fazendo co
                                                            m OR
  149 0000000A F441 7100       ORR              R1, #GPIO_PORTK ;LCD - PINOS DE
                                                             DADOS
  150 0000000E F441 6100       ORR              R1, #GPIO_PORTM ;LCD - PINOS DE
                                                             COMANDO
  151 00000012 6001            STR              R1, [R0]    ;Move para a memóri
                                                            a os bits das porta
                                                            s no endereço do RC
                                                            GCGPIO
  152 00000014         
  153 00000014 4896            LDR              R0, =SYSCTL_PRGPIO_R ;Carrega o
                                                             endereço do PRGPIO
                                                             para esperar os GP
                                                            IO ficarem prontos
  154 00000016 6801    EsperaGPIO
                               LDR              R1, [R0]    ;Lê da memória o co
                                                            nteúdo do endereço 
                                                            do registrador
  155 00000018 F04F 0220       MOV              R2, #GPIO_PORTF ;Seta os bits c
                                                            orrespondentes às p
                                                            ortas para fazer a 
                                                            comparação
  156 0000001C F442 7280       ORR              R2, #GPIO_PORTJ ;Seta o bit da 
                                                            porta J, fazendo co
                                                            m OR
  157 00000020 F442 7200       ORR              R2, #GPIO_PORTK ;LCD - PINOS DE
                                                             DADOS
  158 00000024 F441 6100       ORR              R1, #GPIO_PORTM ;LCD - PINOS DE
                                                             COMANDO
  159 00000028 4211            TST              R1, R2      ;ANDS de R1 com R2
  160 0000002A D0F4            BEQ              EsperaGPIO  ;Se o flag Z=1, vol
                                                            ta para o laço. Sen
                                                            ão continua executa
                                                            ndo
  161 0000002C         
  162 0000002C         ; 2. Limpar o AMSEL para desabilitar a analógica
  163 0000002C F04F 0100       MOV              R1, #0x00   ;Colocar 0 no regis
                                                            trador para desabil
                                                            itar a função analó
                                                            gica
  164 00000030 4890            LDR              R0, =GPIO_PORTJ_AHB_AMSEL_R ;Ca
                                                            rrega o R0 com o en
                                                            dereço do AMSEL par
                                                            a a porta J
  165 00000032 6001            STR              R1, [R0]    ;Guarda no registra
                                                            dor AMSEL da porta 
                                                            J da memória
  166 00000034 4890            LDR              R0, =GPIO_PORTF_AHB_AMSEL_R ;Ca
                                                            rrega o R0 com o en
                                                            dereço do AMSEL par
                                                            a a porta F
  167 00000036 6001            STR              R1, [R0]    ;Guarda no registra
                                                            dor AMSEL da porta 



ARM Macro Assembler    Page 8 


                                                            F da memória
  168 00000038         
  169 00000038         ; LCD
  170 00000038 4890            LDR              R0, =GPIO_PORTK_AMSEL_R ;LCD - 
                                                            PINOS DE DADOS
  171 0000003A 6001            STR              R1, [R0]
  172 0000003C 4890            LDR              R0, =GPIO_PORTM_AMSEL_R ;LCD - 
                                                            PINOS DE COMANDOS
  173 0000003E 6001            STR              R1, [R0]
  174 00000040         
  175 00000040         
  176 00000040         ; 3. Limpar PCTL para selecionar o GPIO
  177 00000040 F04F 0100       MOV              R1, #0x00   ;Colocar 0 no regis
                                                            trador para selecio
                                                            nar o modo GPIO
  178 00000044 488F            LDR              R0, =GPIO_PORTJ_AHB_PCTL_R ;Car
                                                            rega o R0 com o end
                                                            ereço do PCTL para 
                                                            a porta J
  179 00000046 6001            STR              R1, [R0]    ;Guarda no registra
                                                            dor PCTL da porta J
                                                             da memória
  180 00000048 488F            LDR              R0, =GPIO_PORTF_AHB_PCTL_R ;Car
                                                            rega o R0 com o end
                                                            ereço do PCTL para 
                                                            a porta F
  181 0000004A 6001            STR              R1, [R0]    ;Guarda no registra
                                                            dor PCTL da porta F
                                                             da memória
  182 0000004C         
  183 0000004C         ; LCD
  184 0000004C 488F            LDR              R0, =GPIO_PORTK_PCTL_R ;LCD - P
                                                            INOS DE DADOS
  185 0000004E 6001            STR              R1, [R0]
  186 00000050 488F            LDR              R0, =GPIO_PORTM_PCTL_R ;LCD - P
                                                            INOS DE COMANDOS
  187 00000052 6001            STR              R1, [R0]
  188 00000054         
  189 00000054         ; 4. DIR para 0 se for entrada, 1 se for saída
  190 00000054 488F            LDR              R0, =GPIO_PORTF_AHB_DIR_R ;Carr
                                                            ega o R0 com o ende
                                                            reço do DIR para a 
                                                            porta F
  191 00000056 F04F 0111       MOV              R1, #2_00010001 
                                                            ;PF4 & PF0 para LED
                                                            
  192 0000005A 6001            STR              R1, [R0]    ;Guarda no registra
                                                            dor
  193 0000005C         ; O certo era verificar os outros bits da PF para não tr
                       ansformar entradas em saídas desnecessárias
  194 0000005C 488E            LDR              R0, =GPIO_PORTJ_AHB_DIR_R ;Carr
                                                            ega o R0 com o ende
                                                            reço do DIR para a 
                                                            porta J
  195 0000005E F04F 0100       MOV              R1, #0x00   ;Colocar 0 no regis
                                                            trador DIR para fun
                                                            cionar com saída
  196 00000062 6001            STR              R1, [R0]    ;Guarda no registra
                                                            dor PCTL da porta J



ARM Macro Assembler    Page 9 


                                                             da memória
  197 00000064         
  198 00000064         ; LCD - APENAS COMO ESCRITA (OUTPUT)
  199 00000064 488D            LDR              R0, =GPIO_PORTK_DIR_R
  200 00000066 F04F 01FF       MOV              R1, #0xFF
  201 0000006A 6001            STR              R1, [R0]
  202 0000006C 488C            LDR              R0, =GPIO_PORTM_DIR_R
  203 0000006E F04F 0107       MOV              R1, #2_111
  204 00000072 6001            STR              R1, [R0]
  205 00000074         
  206 00000074         
  207 00000074         ; 5. Limpar os bits AFSEL para 0 para selecionar GPIO 
  208 00000074         ;    Sem função alternativa
  209 00000074 F04F 0100       MOV              R1, #0x00   ;Colocar o valor 0 
                                                            para não setar funç
                                                            ão alternativa
  210 00000078 488A            LDR              R0, =GPIO_PORTF_AHB_AFSEL_R ;Ca
                                                            rrega o endereço do
                                                             AFSEL da porta F
  211 0000007A 6001            STR              R1, [R0]    ;Escreve na porta
  212 0000007C 488A            LDR              R0, =GPIO_PORTJ_AHB_AFSEL_R ;Ca
                                                            rrega o endereço do
                                                             AFSEL da porta J
  213 0000007E 6001            STR              R1, [R0]    ;Escreve na porta
  214 00000080         
  215 00000080         ; LCD
  216 00000080 F04F 0100       MOV              R1, #0x0
  217 00000084 4889            LDR              R0, =GPIO_PORTK_AFSEL_R
  218 00000086 6001            STR              R1, [R0]
  219 00000088 4889            LDR              R0, =GPIO_PORTM_AFSEL_R
  220 0000008A 6001            STR              R1, [R0]
  221 0000008C         
  222 0000008C         
  223 0000008C         ; 6. Setar os bits de DEN para habilitar I/O digital
  224 0000008C 4889            LDR              R0, =GPIO_PORTF_AHB_DEN_R ;Carr
                                                            ega o endereço do D
                                                            EN
  225 0000008E F04F 0111       MOV              R1, #2_00010001 ;Ativa os pinos
                                                             PF0 e PF4 como I/O
                                                             Digital
  226 00000092 6001            STR              R1, [R0]    ;Escreve no registr
                                                            ador da memória fun
                                                            cionalidade digital
                                                             
  227 00000094         
  228 00000094 4888            LDR              R0, =GPIO_PORTJ_AHB_DEN_R ;Carr
                                                            ega o endereço do D
                                                            EN
  229 00000096 F04F 0103       MOV              R1, #2_00000011 ;Ativa os pinos
                                                             PJ0 e PJ1 como I/O
                                                             Digital      
  230 0000009A 6001            STR              R1, [R0]    ;Escreve no registr
                                                            ador da memória fun
                                                            cionalidade digital
                                                            
  231 0000009C         
  232 0000009C         ; LCD
  233 0000009C 4887            LDR              R0, =GPIO_PORTK_DEN_R ;LCD - PI
                                                            NOS DE DADOS



ARM Macro Assembler    Page 10 


  234 0000009E F04F 01FF       MOV              R1, #2_11111111
  235 000000A2 6001            STR              R1, [R0]
  236 000000A4 4886            LDR              R0, =GPIO_PORTM_DEN_R ;LCD - PI
                                                            NOS DE COMANDOS
  237 000000A6 F04F 0107       MOV              R1, #2_111
  238 000000AA 6001            STR              R1, [R0]
  239 000000AC         
  240 000000AC         ; 7. Para habilitar resistor de pull-up interno, setar P
                       UR para 1
  241 000000AC 4885            LDR              R0, =GPIO_PORTJ_AHB_PUR_R ;Carr
                                                            ega o endereço do P
                                                            UR para a porta J
  242 000000AE F04F 0103       MOV              R1, #2_00000011 ;Habilitar func
                                                            ionalidade digital 
                                                            de resistor de pull
                                                            -up 
  243 000000B2         ;nos bits 0 e 1
  244 000000B2 6001            STR              R1, [R0]    ;Escreve no registr
                                                            ador da memória do 
                                                            resistor de pull-up
                                                            
  245 000000B4         
  246 000000B4         ; config da interrupção
  247 000000B4         
  248 000000B4         ;desabilita as interrupcoes
  249 000000B4 4884            LDR              R0, =GPIO_PORTJ_AHB_IM_R
  250 000000B6 6801            LDR              R1, [R0]    ;pega info
  251 000000B8 F021 0103       BIC              R1, #2_11   ;reseta bits
  252 000000BC F041 0100       ORR              R1, R1, #2_00 ;seta bits
  253 000000C0 6001            STR              R1, [R0]    ;registra
  254 000000C2         
  255 000000C2         ; configura como borda
  256 000000C2 4882            LDR              R0, =GPIO_PORTJ_AHB_IS_R
  257 000000C4 6801            LDR              R1, [R0]    ;pega info
  258 000000C6 F021 0103       BIC              R1, #2_11   ;reseta bits
  259 000000CA F041 0100       ORR              R1, R1, #2_00 ;seta bits
  260 000000CE 6001            STR              R1, [R0]
  261 000000D0         
  262 000000D0         ;configura borda unica
  263 000000D0 487F            LDR              R0, =GPIO_PORTJ_AHB_IBE_R
  264 000000D2 6801            LDR              R1, [R0]    ;pega info
  265 000000D4 F021 0103       BIC              R1, #2_11   ;reseta bits
  266 000000D8 F041 0100       ORR              R1, R1, #2_00 ;seta bits
  267 000000DC 6001            STR              R1, [R0]
  268 000000DE         
  269 000000DE         ;Configurar borda de descida para J0 e borda de subida p
                       ara J1 no registrador GPIOIEV
  270 000000DE 487D            LDR              R0, =GPIO_PORTJ_AHB_IEV_R
  271 000000E0 6801            LDR              R1, [R0]    ;pega info
  272 000000E2 F021 0103       BIC              R1, #2_11   ;reseta bits
  273 000000E6 F041 0102       ORR              R1, R1, #2_10 ;seta bits
  274 000000EA 6001            STR              R1, [R0]
  275 000000EC         
  276 000000EC         ;Garantir que a interrupção será atendida limpando o GPI
                       ORIS e GPIOMIS, realizando o ACK no registrador
  277 000000EC         ; GPIOICR para ambos os pinos. Setar os bits;
  278 000000EC 487A            LDR              R0, =GPIO_PORTJ_AHB_ICR_R
  279 000000EE 6801            LDR              R1, [R0]    ;pega info
  280 000000F0 F021 0103       BIC              R1, #2_11   ;reseta bits



ARM Macro Assembler    Page 11 


  281 000000F4 F041 0103       ORR              R1, R1, #2_11 ;seta bits
  282 000000F8 6001            STR              R1, [R0]
  283 000000FA         
  284 000000FA         ; reabilita as interrupções
  285 000000FA 4873            LDR              R0, =GPIO_PORTJ_AHB_IM_R
  286 000000FC 6801            LDR              R1, [R0]    ;pega info
  287 000000FE F021 0103       BIC              R1, #2_11   ;reseta bits
  288 00000102 F041 0103       ORR              R1, R1, #2_11 ;seta bits
  289 00000106 6001            STR              R1, [R0]    ;registra
  290 00000108         
  291 00000108         
  292 00000108         ; ativar a fonte de interrupção no NVIC
  293 00000108 4874            LDR              R0, =NVIC_EN1_R
  294 0000010A 6801            LDR              R1, [R0]
  295 0000010C F04F 0201       MOV              R2, #2_1
  296 00000110 EA4F 42C2       LSL              R2, #19
  297 00000114 EA41 0102       ORR              R1, R1, R2
  298 00000118 6001            STR              R1, [R0]
  299 0000011A         
  300 0000011A         ; define a prioridade da fonte de interrupcao
  301 0000011A 4871            LDR              R0, =NVIC_PRI12_R
  302 0000011C 6801            LDR              R1, [R0]
  303 0000011E F04F 0207       MOV              R2, #2_111  ;para limpar os bit
                                                            s do R1
  304 00000122 EA4F 7242       LSL              R2, #29
  305 00000126 EA21 0102       BIC              R1, R1, R2
  306 0000012A F04F 0305       MOV              R3, #5      ;prioridade
  307 0000012E EA4F 7343       LSL              R3, #29     ;4a posicao do reg 
                                                            PRI12
  308 00000132 EA41 0103       ORR              R1, R1, R3
  309 00000136 6001            STR              R1, [R0]
  310 00000138         
  311 00000138         ;retorno            
  312 00000138 4770            BX               LR
  313 0000013A         
  314 0000013A         ; ------------------------------------------------------
                       -------------------------
  315 0000013A         ; Função PortF_Output
  316 0000013A         ; Parâmetro de entrada: R0 --> se os BIT4 e BIT0 estão l
                       igado ou desligado
  317 0000013A         ; Parâmetro de saída: Não tem
  318 0000013A         PortF_Output
  319 0000013A 496A            LDR              R1, =GPIO_PORTF_AHB_DATA_R ;Car
                                                            rega o valor do off
                                                            set do data registe
                                                            r
  320 0000013C         ;Read-Modify-Write para escrita
  321 0000013C 680A            LDR              R2, [R1]
  322 0000013E F022 0211       BIC              R2, #2_00010001 ;Primeiro limpa
                                                            mos os dois bits do
                                                             lido da porta R2 =
                                                             R2 & 11101110
  323 00000142 EA40 0002       ORR              R0, R0, R2  ;Fazer o OR do lido
                                                             pela porta com o p
                                                            arâmetro de entrada
                                                            
  324 00000146 6008            STR              R0, [R1]    ;Escreve na porta F
                                                             o barramento de da
                                                            dos dos pinos F4 e 



ARM Macro Assembler    Page 12 


                                                            F0
  325 00000148 4770            BX               LR          ;Retorno
  326 0000014A         
  327 0000014A         ; ------------------------------------------------------
                       -------------------------
  328 0000014A         ; Função PortJ_Input
  329 0000014A         ; Parâmetro de entrada: Não tem
  330 0000014A         ; Parâmetro de saída: R0 --> o valor da leitura
  331 0000014A         PortJ_Input
  332 0000014A 4967            LDR              R1, =GPIO_PORTJ_AHB_DATA_R ;Car
                                                            rega o valor do off
                                                            set do data registe
                                                            r
  333 0000014C 6808            LDR              R0, [R1]    ;Lê no barramento d
                                                            e dados dos pinos [
                                                            J1-J0]
  334 0000014E 4770            BX               LR          ;Retorno
  335 00000150         
  336 00000150         ; ------------------------------------------------------
                       -------------------------
  337 00000150         ; Função GPIOPortJ_Handler
  338 00000150         ; Parâmetro de entrada: Não tem
  339 00000150         ; Parâmetro de saída: nao tem
  340 00000150         GPIOPortJ_Handler
  341 00000150 4966            LDR              R1, =GPIO_PORTJ_AHB_RIS_R
  342 00000152 680A            LDR              R2, [R1]
  343 00000154 2A01            CMP              R2, #2_01
  344 00000156 D002            BEQ              bt_J0_pressed
  345 00000158 2A02            CMP              R2, #2_10
  346 0000015A D005            BEQ              bt_J1_release
  347 0000015C E004            B                bt_J1_release
  348 0000015E         bt_J0_pressed
  349 0000015E 495E            LDR              R1, =GPIO_PORTJ_AHB_ICR_R
  350 00000160 600A            STR              R2, [R1]
  351 00000162 F04F 0001       MOV              R0, #1
  352 00000166 E003            B                set_led_interrupt
  353 00000168         bt_J1_release
  354 00000168 495B            LDR              R1, =GPIO_PORTJ_AHB_ICR_R
  355 0000016A 600A            STR              R2, [R1]
  356 0000016C F04F 0000       MOV              R0, #0
  357 00000170         set_led_interrupt
  358 00000170 B500            PUSH             {LR}
  359 00000172 F7FF FFFE       BL               PortF_Output
  360 00000176 F85D EB04       POP              {LR}
  361 0000017A         
  362 0000017A 4770            BX               LR
  363 0000017C         ; ------------------------------------------------------
                       -------------------------
  364 0000017C         LCD_init
  365 0000017C         
  366 0000017C         ; Inicializar no modo 2 linhas / caracter matriz 5x7
  367 0000017C F04F 0038       MOV              R0, #0x38
  368 00000180 B500            PUSH{LR}
  369 00000182 F000 F83A       BL               LCD_CMD
  370 00000186 F85D EB04       POP{LR}
  371 0000018A         
  372 0000018A F04F 0028       MOV              R0, #40
  373 0000018E B500            PUSH             {LR}
  374 00000190 F7FF FFFE       BL               SysTick_Wait1us



ARM Macro Assembler    Page 13 


  375 00000194 F85D EB04       POP              {LR}
  376 00000198         
  377 00000198         ; Cursor com autoincremento para direita
  378 00000198 F04F 0006       MOV              R0, #0x06
  379 0000019C B500            PUSH{LR}
  380 0000019E F000 F82C       BL               LCD_CMD
  381 000001A2 F85D EB04       POP{LR}
  382 000001A6         
  383 000001A6 F04F 0028       MOV              R0, #40
  384 000001AA B500            PUSH             {LR}
  385 000001AC F7FF FFFE       BL               SysTick_Wait1us
  386 000001B0 F85D EB04       POP              {LR}
  387 000001B4         
  388 000001B4         ; Configurar o cursor (habilitar o display + cursor + nã
                       o-pisca) 
  389 000001B4 F04F 000F       MOV              R0, #0x0F
  390 000001B8 B500            PUSH{LR}
  391 000001BA F000 F81E       BL               LCD_CMD
  392 000001BE F85D EB04       POP{LR}
  393 000001C2         
  394 000001C2 F04F 0028       MOV              R0, #40
  395 000001C6 B500            PUSH             {LR}
  396 000001C8 F7FF FFFE       BL               SysTick_Wait1us
  397 000001CC F85D EB04       POP              {LR}
  398 000001D0         
  399 000001D0 B500            PUSH{LR}
  400 000001D2 F7FF FFFE       BL               LCD_reset
  401 000001D6 F85D EB04       POP{LR}
  402 000001DA         
  403 000001DA 4770            BX               LR
  404 000001DC         
  405 000001DC         ; ------------------------------------------------------
                       -------------------------
  406 000001DC         ; Função LCD_RESET
  407 000001DC         ; Parâmetro de entrada: nao tem
  408 000001DC         ; Parâmetro de saída: nao tem
  409 000001DC         LCD_reset
  410 000001DC         
  411 000001DC F04F 0001       MOV              R0, #0x01
  412 000001E0 B500            PUSH{LR}
  413 000001E2 F000 F80A       BL               LCD_CMD
  414 000001E6 F85D EB04       POP{LR}
  415 000001EA         
  416 000001EA F241 3088       MOV              R0, #5000
  417 000001EE B500            PUSH             {LR}
  418 000001F0 F7FF FFFE       BL               SysTick_Wait1us
  419 000001F4 F85D EB04       POP              {LR}
  420 000001F8         
  421 000001F8 4770            BX               LR
  422 000001FA         
  423 000001FA         ; ------------------------------------------------------
                       -------------------------
  424 000001FA         ; Função LCD_CMD
  425 000001FA         ; Parâmetro de entrada: R0: comando a ser executado
  426 000001FA         ; Parâmetro de saída: nao tem
  427 000001FA         LCD_CMD
  428 000001FA 493D            LDR              R1, =GPIO_PORTK_DATA_R
  429 000001FC 6008            STR              R0, [R1]
  430 000001FE         



ARM Macro Assembler    Page 14 


  431 000001FE 493D            LDR              R1, =GPIO_PORTM_DATA_R
  432 00000200 F04F 0004       MOV              R0, #2_100  ;EN=1, RW=0 ,RS=1
  433 00000204 6008            STR              R0, [R1]
  434 00000206         
  435 00000206 F04F 000A       MOV              R0, #10
  436 0000020A B500            PUSH             {LR}
  437 0000020C F7FF FFFE       BL               SysTick_Wait1us
  438 00000210 F85D EB04       POP              {LR}
  439 00000214         
  440 00000214 4937            LDR              R1, =GPIO_PORTM_DATA_R
  441 00000216 F04F 0000       MOV              R0, #2_000  ;EN=0, RW=0 ,RS=0
  442 0000021A 6008            STR              R0, [R1]
  443 0000021C         
  444 0000021C 4770            BX               LR
  445 0000021E         
  446 0000021E         ; ------------------------------------------------------
                       -------------------------
  447 0000021E         ; Função LCD_write_data
  448 0000021E         ; Parâmetro de entrada: R0: ASCII a ser escrito
  449 0000021E         ; Parâmetro de saída: nao tem
  450 0000021E         LCD_DATA
  451 0000021E 4934            LDR              R1, =GPIO_PORTK_DATA_R
  452 00000220 6008            STR              R0, [R1]
  453 00000222         
  454 00000222 4934            LDR              R1, =GPIO_PORTM_DATA_R
  455 00000224 F04F 0005       MOV              R0, #2_101  ;EN=1, RW=0 ,RS=1
  456 00000228 6008            STR              R0, [R1]
  457 0000022A         
  458 0000022A F04F 000A       MOV              R0, #10
  459 0000022E B500            PUSH             {LR}
  460 00000230 F7FF FFFE       BL               SysTick_Wait1us
  461 00000234 F85D EB04       POP              {LR}
  462 00000238         
  463 00000238 492E            LDR              R1, =GPIO_PORTM_DATA_R
  464 0000023A F04F 0001       MOV              R0, #2_001  ;EN=0, RW=0 ,RS=1
  465 0000023E 6008            STR              R0, [R1]
  466 00000240         
  467 00000240 F04F 0028       MOV              R0, #40
  468 00000244 B500            PUSH             {LR}
  469 00000246 F7FF FFFE       BL               SysTick_Wait1us
  470 0000024A F85D EB04       POP              {LR}
  471 0000024E         
  472 0000024E 4770            BX               LR
  473 00000250         ; ------------------------------------------------------
                       -------------------------
  474 00000250         ; Função LCD_print_string
  475 00000250         ; Parâmetro de entrada: R0: Endereço da string a ser imp
                       ressa
  476 00000250         ; Parâmetro de saída: nao tem
  477 00000250         LCD_print_string
  478 00000250 B510            PUSH             {R4, LR}    ; Salvar R4 e LR no
                                                             stack
  479 00000252 4604            MOV              R4, R0      ; Mover o endereço 
                                                            da string para R4
  480 00000254         
  481 00000254         print_loop
  482 00000254 7820            LDRB             R0, [R4]    ; Carregar o byte a
                                                            tual da string em R
                                                            0



ARM Macro Assembler    Page 15 


  483 00000256 2800            CMP              R0, #0      ; Comparar R0 com 0
                                                             (verificar se é o 
                                                            terminador nulo)
  484 00000258 D004            BEQ              done        ; Se R0 == 0, então
                                                             sair do loop e ir 
                                                            para o rótulo 'done
                                                            '
  485 0000025A         
  486 0000025A F7FF FFFE       BL               LCD_DATA    ; Escrever o caract
                                                            ere em R0 no LCD
  487 0000025E F104 0401       ADD              R4, R4, #1  ; Incrementar o pon
                                                            teiro da string R4
  488 00000262 E7F7            B                print_loop  ; Voltar para o iní
                                                            cio do loop
  489 00000264         
  490 00000264         done
  491 00000264 E8BD 4010       POP              {R4, LR}    ; Restaurar R4 e LR
                                                             do stack
  492 00000268 4770            BX               LR          ; Retornar
  493 0000026A         ; ------------------------------------------------------
                       -------------------------
  494 0000026A         ; fim do arquivo
  495 0000026A 00 00           ALIGN                        ; garante que o fim
                                                             da seção está alin
                                                            hada 
  496 0000026C                 END                          ; fim do arquivo
              400FE608 
              400FEA08 
              40060528 
              4005D528 
              40061528 
              40063528 
              4006052C 
              4005D52C 
              4006152C 
              4006352C 
              4005D400 
              40060400 
              40061400 
              40063400 
              4005D420 
              40060420 
              40061420 
              40063420 
              4005D51C 
              4006051C 
              4006151C 
              4006351C 
              40060510 
              40060410 
              40060404 
              40060408 
              4006040C 
              4006041C 
              E000E104 
              E000E430 
              4005D3FC 
              400603FC 
              40060414 



ARM Macro Assembler    Page 16 


              400613FC 
              400633FC 
Command Line: --debug --xref --diag_suppress=9931,A1950W --cpu=Cortex-M4.fp.sp 
--depend=.\objects\gpio.d -o.\objects\gpio.o -IC:\Users\alfon\AppData\Local\Arm
\Packs\Keil\TM4C_DFP\1.1.0\Device\Include\TM4C129 --predefine="__EVAL SETA 1" -
-predefine="__UVISION_VERSION SETA 538" --predefine="TM4C1294NCPDT SETA 1" --li
st=.\listings\gpio.lst gpio.s



ARM Macro Assembler    Page 1 Alphabetic symbol ordering
Relocatable symbols

.text 00000000

Symbol: .text
   Definitions
      At line 124 in file gpio.s
   Uses
      None
Comment: .text unused
EsperaGPIO 00000016

Symbol: EsperaGPIO
   Definitions
      At line 154 in file gpio.s
   Uses
      At line 160 in file gpio.s
Comment: EsperaGPIO used once
GPIOPortJ_Handler 00000150

Symbol: GPIOPortJ_Handler
   Definitions
      At line 340 in file gpio.s
   Uses
      At line 130 in file gpio.s
Comment: GPIOPortJ_Handler used once
GPIO_Init 00000000

Symbol: GPIO_Init
   Definitions
      At line 142 in file gpio.s
   Uses
      At line 127 in file gpio.s
Comment: GPIO_Init used once
LCD_CMD 000001FA

Symbol: LCD_CMD
   Definitions
      At line 427 in file gpio.s
   Uses
      At line 369 in file gpio.s
      At line 380 in file gpio.s
      At line 391 in file gpio.s
      At line 413 in file gpio.s

LCD_DATA 0000021E

Symbol: LCD_DATA
   Definitions
      At line 450 in file gpio.s
   Uses
      At line 132 in file gpio.s
      At line 486 in file gpio.s

LCD_init 0000017C

Symbol: LCD_init
   Definitions
      At line 364 in file gpio.s
   Uses
      At line 131 in file gpio.s



ARM Macro Assembler    Page 2 Alphabetic symbol ordering
Relocatable symbols

Comment: LCD_init used once
LCD_print_string 00000250

Symbol: LCD_print_string
   Definitions
      At line 477 in file gpio.s
   Uses
      At line 133 in file gpio.s
Comment: LCD_print_string used once
LCD_reset 000001DC

Symbol: LCD_reset
   Definitions
      At line 409 in file gpio.s
   Uses
      At line 134 in file gpio.s
      At line 400 in file gpio.s

PortF_Output 0000013A

Symbol: PortF_Output
   Definitions
      At line 318 in file gpio.s
   Uses
      At line 128 in file gpio.s
      At line 359 in file gpio.s

PortJ_Input 0000014A

Symbol: PortJ_Input
   Definitions
      At line 331 in file gpio.s
   Uses
      At line 129 in file gpio.s
Comment: PortJ_Input used once
bt_J0_pressed 0000015E

Symbol: bt_J0_pressed
   Definitions
      At line 348 in file gpio.s
   Uses
      At line 344 in file gpio.s
Comment: bt_J0_pressed used once
bt_J1_release 00000168

Symbol: bt_J1_release
   Definitions
      At line 353 in file gpio.s
   Uses
      At line 346 in file gpio.s
      At line 347 in file gpio.s

done 00000264

Symbol: done
   Definitions
      At line 490 in file gpio.s
   Uses
      At line 484 in file gpio.s



ARM Macro Assembler    Page 3 Alphabetic symbol ordering
Relocatable symbols

Comment: done used once
print_loop 00000254

Symbol: print_loop
   Definitions
      At line 481 in file gpio.s
   Uses
      At line 488 in file gpio.s
Comment: print_loop used once
set_led_interrupt 00000170

Symbol: set_led_interrupt
   Definitions
      At line 357 in file gpio.s
   Uses
      At line 352 in file gpio.s
Comment: set_led_interrupt used once
16 symbols



ARM Macro Assembler    Page 1 Alphabetic symbol ordering
Absolute symbols

GPIO_PORTF 00000020

Symbol: GPIO_PORTF
   Definitions
      At line 48 in file gpio.s
   Uses
      At line 147 in file gpio.s
      At line 155 in file gpio.s

GPIO_PORTF_AHB_AFSEL_R 4005D420

Symbol: GPIO_PORTF_AHB_AFSEL_R
   Definitions
      At line 44 in file gpio.s
   Uses
      At line 210 in file gpio.s
Comment: GPIO_PORTF_AHB_AFSEL_R used once
GPIO_PORTF_AHB_AMSEL_R 4005D528

Symbol: GPIO_PORTF_AHB_AMSEL_R
   Definitions
      At line 41 in file gpio.s
   Uses
      At line 166 in file gpio.s
Comment: GPIO_PORTF_AHB_AMSEL_R used once
GPIO_PORTF_AHB_CR_R 4005D524

Symbol: GPIO_PORTF_AHB_CR_R
   Definitions
      At line 40 in file gpio.s
   Uses
      None
Comment: GPIO_PORTF_AHB_CR_R unused
GPIO_PORTF_AHB_DATA_R 4005D3FC

Symbol: GPIO_PORTF_AHB_DATA_R
   Definitions
      At line 47 in file gpio.s
   Uses
      At line 319 in file gpio.s
Comment: GPIO_PORTF_AHB_DATA_R used once
GPIO_PORTF_AHB_DEN_R 4005D51C

Symbol: GPIO_PORTF_AHB_DEN_R
   Definitions
      At line 45 in file gpio.s
   Uses
      At line 224 in file gpio.s
Comment: GPIO_PORTF_AHB_DEN_R used once
GPIO_PORTF_AHB_DIR_R 4005D400

Symbol: GPIO_PORTF_AHB_DIR_R
   Definitions
      At line 43 in file gpio.s
   Uses
      At line 190 in file gpio.s
Comment: GPIO_PORTF_AHB_DIR_R used once
GPIO_PORTF_AHB_LOCK_R 4005D520




ARM Macro Assembler    Page 2 Alphabetic symbol ordering
Absolute symbols

Symbol: GPIO_PORTF_AHB_LOCK_R
   Definitions
      At line 39 in file gpio.s
   Uses
      None
Comment: GPIO_PORTF_AHB_LOCK_R unused
GPIO_PORTF_AHB_PCTL_R 4005D52C

Symbol: GPIO_PORTF_AHB_PCTL_R
   Definitions
      At line 42 in file gpio.s
   Uses
      At line 180 in file gpio.s
Comment: GPIO_PORTF_AHB_PCTL_R used once
GPIO_PORTF_AHB_PUR_R 4005D510

Symbol: GPIO_PORTF_AHB_PUR_R
   Definitions
      At line 46 in file gpio.s
   Uses
      None
Comment: GPIO_PORTF_AHB_PUR_R unused
GPIO_PORTJ 00000100

Symbol: GPIO_PORTJ
   Definitions
      At line 29 in file gpio.s
   Uses
      At line 148 in file gpio.s
      At line 156 in file gpio.s

GPIO_PORTJ_AHB_AFSEL_R 40060420

Symbol: GPIO_PORTJ_AHB_AFSEL_R
   Definitions
      At line 25 in file gpio.s
   Uses
      At line 212 in file gpio.s
Comment: GPIO_PORTJ_AHB_AFSEL_R used once
GPIO_PORTJ_AHB_AMSEL_R 40060528

Symbol: GPIO_PORTJ_AHB_AMSEL_R
   Definitions
      At line 22 in file gpio.s
   Uses
      At line 164 in file gpio.s
Comment: GPIO_PORTJ_AHB_AMSEL_R used once
GPIO_PORTJ_AHB_CR_R 40060524

Symbol: GPIO_PORTJ_AHB_CR_R
   Definitions
      At line 21 in file gpio.s
   Uses
      None
Comment: GPIO_PORTJ_AHB_CR_R unused
GPIO_PORTJ_AHB_DATA_R 400603FC

Symbol: GPIO_PORTJ_AHB_DATA_R
   Definitions



ARM Macro Assembler    Page 3 Alphabetic symbol ordering
Absolute symbols

      At line 28 in file gpio.s
   Uses
      At line 332 in file gpio.s
Comment: GPIO_PORTJ_AHB_DATA_R used once
GPIO_PORTJ_AHB_DEN_R 4006051C

Symbol: GPIO_PORTJ_AHB_DEN_R
   Definitions
      At line 26 in file gpio.s
   Uses
      At line 228 in file gpio.s
Comment: GPIO_PORTJ_AHB_DEN_R used once
GPIO_PORTJ_AHB_DIR_R 40060400

Symbol: GPIO_PORTJ_AHB_DIR_R
   Definitions
      At line 24 in file gpio.s
   Uses
      At line 194 in file gpio.s
Comment: GPIO_PORTJ_AHB_DIR_R used once
GPIO_PORTJ_AHB_IBE_R 40060408

Symbol: GPIO_PORTJ_AHB_IBE_R
   Definitions
      At line 32 in file gpio.s
   Uses
      At line 263 in file gpio.s
Comment: GPIO_PORTJ_AHB_IBE_R used once
GPIO_PORTJ_AHB_ICR_R 4006041C

Symbol: GPIO_PORTJ_AHB_ICR_R
   Definitions
      At line 34 in file gpio.s
   Uses
      At line 278 in file gpio.s
      At line 349 in file gpio.s
      At line 354 in file gpio.s

GPIO_PORTJ_AHB_IEV_R 4006040C

Symbol: GPIO_PORTJ_AHB_IEV_R
   Definitions
      At line 33 in file gpio.s
   Uses
      At line 270 in file gpio.s
Comment: GPIO_PORTJ_AHB_IEV_R used once
GPIO_PORTJ_AHB_IM_R 40060410

Symbol: GPIO_PORTJ_AHB_IM_R
   Definitions
      At line 30 in file gpio.s
   Uses
      At line 249 in file gpio.s
      At line 285 in file gpio.s

GPIO_PORTJ_AHB_IS_R 40060404

Symbol: GPIO_PORTJ_AHB_IS_R
   Definitions



ARM Macro Assembler    Page 4 Alphabetic symbol ordering
Absolute symbols

      At line 31 in file gpio.s
   Uses
      At line 256 in file gpio.s
Comment: GPIO_PORTJ_AHB_IS_R used once
GPIO_PORTJ_AHB_LOCK_R 40060520

Symbol: GPIO_PORTJ_AHB_LOCK_R
   Definitions
      At line 20 in file gpio.s
   Uses
      None
Comment: GPIO_PORTJ_AHB_LOCK_R unused
GPIO_PORTJ_AHB_PCTL_R 4006052C

Symbol: GPIO_PORTJ_AHB_PCTL_R
   Definitions
      At line 23 in file gpio.s
   Uses
      At line 178 in file gpio.s
Comment: GPIO_PORTJ_AHB_PCTL_R used once
GPIO_PORTJ_AHB_PUR_R 40060510

Symbol: GPIO_PORTJ_AHB_PUR_R
   Definitions
      At line 27 in file gpio.s
   Uses
      At line 241 in file gpio.s
Comment: GPIO_PORTJ_AHB_PUR_R used once
GPIO_PORTJ_AHB_RIS_R 40060414

Symbol: GPIO_PORTJ_AHB_RIS_R
   Definitions
      At line 35 in file gpio.s
   Uses
      At line 341 in file gpio.s
Comment: GPIO_PORTJ_AHB_RIS_R used once
GPIO_PORTK 00000200

Symbol: GPIO_PORTK
   Definitions
      At line 84 in file gpio.s
   Uses
      At line 149 in file gpio.s
      At line 157 in file gpio.s

GPIO_PORTK_ADCCTL_R 40061530

Symbol: GPIO_PORTK_ADCCTL_R
   Definitions
      At line 75 in file gpio.s
   Uses
      None
Comment: GPIO_PORTK_ADCCTL_R unused
GPIO_PORTK_AFSEL_R 40061420

Symbol: GPIO_PORTK_AFSEL_R
   Definitions
      At line 62 in file gpio.s
   Uses



ARM Macro Assembler    Page 5 Alphabetic symbol ordering
Absolute symbols

      At line 217 in file gpio.s
Comment: GPIO_PORTK_AFSEL_R used once
GPIO_PORTK_AMSEL_R 40061528

Symbol: GPIO_PORTK_AMSEL_R
   Definitions
      At line 73 in file gpio.s
   Uses
      At line 170 in file gpio.s
Comment: GPIO_PORTK_AMSEL_R used once
GPIO_PORTK_CR_R 40061524

Symbol: GPIO_PORTK_CR_R
   Definitions
      At line 72 in file gpio.s
   Uses
      None
Comment: GPIO_PORTK_CR_R unused
GPIO_PORTK_DATA_BITS_R 40061000

Symbol: GPIO_PORTK_DATA_BITS_R
   Definitions
      At line 52 in file gpio.s
   Uses
      None
Comment: GPIO_PORTK_DATA_BITS_R unused
GPIO_PORTK_DATA_R 400613FC

Symbol: GPIO_PORTK_DATA_R
   Definitions
      At line 53 in file gpio.s
   Uses
      At line 428 in file gpio.s
      At line 451 in file gpio.s

GPIO_PORTK_DEN_R 4006151C

Symbol: GPIO_PORTK_DEN_R
   Definitions
      At line 70 in file gpio.s
   Uses
      At line 233 in file gpio.s
Comment: GPIO_PORTK_DEN_R used once
GPIO_PORTK_DIR_R 40061400

Symbol: GPIO_PORTK_DIR_R
   Definitions
      At line 54 in file gpio.s
   Uses
      At line 199 in file gpio.s
Comment: GPIO_PORTK_DIR_R used once
GPIO_PORTK_DMACTL_R 40061534

Symbol: GPIO_PORTK_DMACTL_R
   Definitions
      At line 76 in file gpio.s
   Uses
      None
Comment: GPIO_PORTK_DMACTL_R unused



ARM Macro Assembler    Page 6 Alphabetic symbol ordering
Absolute symbols

GPIO_PORTK_DR12R_R 4006153C

Symbol: GPIO_PORTK_DR12R_R
   Definitions
      At line 78 in file gpio.s
   Uses
      None
Comment: GPIO_PORTK_DR12R_R unused
GPIO_PORTK_DR2R_R 40061500

Symbol: GPIO_PORTK_DR2R_R
   Definitions
      At line 63 in file gpio.s
   Uses
      None
Comment: GPIO_PORTK_DR2R_R unused
GPIO_PORTK_DR4R_R 40061504

Symbol: GPIO_PORTK_DR4R_R
   Definitions
      At line 64 in file gpio.s
   Uses
      None
Comment: GPIO_PORTK_DR4R_R unused
GPIO_PORTK_DR8R_R 40061508

Symbol: GPIO_PORTK_DR8R_R
   Definitions
      At line 65 in file gpio.s
   Uses
      None
Comment: GPIO_PORTK_DR8R_R unused
GPIO_PORTK_IBE_R 40061408

Symbol: GPIO_PORTK_IBE_R
   Definitions
      At line 56 in file gpio.s
   Uses
      None
Comment: GPIO_PORTK_IBE_R unused
GPIO_PORTK_ICR_R 4006141C

Symbol: GPIO_PORTK_ICR_R
   Definitions
      At line 61 in file gpio.s
   Uses
      None
Comment: GPIO_PORTK_ICR_R unused
GPIO_PORTK_IEV_R 4006140C

Symbol: GPIO_PORTK_IEV_R
   Definitions
      At line 57 in file gpio.s
   Uses
      None
Comment: GPIO_PORTK_IEV_R unused
GPIO_PORTK_IM_R 40061410

Symbol: GPIO_PORTK_IM_R



ARM Macro Assembler    Page 7 Alphabetic symbol ordering
Absolute symbols

   Definitions
      At line 58 in file gpio.s
   Uses
      None
Comment: GPIO_PORTK_IM_R unused
GPIO_PORTK_IS_R 40061404

Symbol: GPIO_PORTK_IS_R
   Definitions
      At line 55 in file gpio.s
   Uses
      None
Comment: GPIO_PORTK_IS_R unused
GPIO_PORTK_LOCK_R 40061520

Symbol: GPIO_PORTK_LOCK_R
   Definitions
      At line 71 in file gpio.s
   Uses
      None
Comment: GPIO_PORTK_LOCK_R unused
GPIO_PORTK_MIS_R 40061418

Symbol: GPIO_PORTK_MIS_R
   Definitions
      At line 60 in file gpio.s
   Uses
      None
Comment: GPIO_PORTK_MIS_R unused
GPIO_PORTK_ODR_R 4006150C

Symbol: GPIO_PORTK_ODR_R
   Definitions
      At line 66 in file gpio.s
   Uses
      None
Comment: GPIO_PORTK_ODR_R unused
GPIO_PORTK_PCTL_R 4006152C

Symbol: GPIO_PORTK_PCTL_R
   Definitions
      At line 74 in file gpio.s
   Uses
      At line 184 in file gpio.s
Comment: GPIO_PORTK_PCTL_R used once
GPIO_PORTK_PC_R 40061FC4

Symbol: GPIO_PORTK_PC_R
   Definitions
      At line 83 in file gpio.s
   Uses
      None
Comment: GPIO_PORTK_PC_R unused
GPIO_PORTK_PDR_R 40061514

Symbol: GPIO_PORTK_PDR_R
   Definitions
      At line 68 in file gpio.s
   Uses



ARM Macro Assembler    Page 8 Alphabetic symbol ordering
Absolute symbols

      None
Comment: GPIO_PORTK_PDR_R unused
GPIO_PORTK_PP_R 40061FC0

Symbol: GPIO_PORTK_PP_R
   Definitions
      At line 82 in file gpio.s
   Uses
      None
Comment: GPIO_PORTK_PP_R unused
GPIO_PORTK_PUR_R 40061510

Symbol: GPIO_PORTK_PUR_R
   Definitions
      At line 67 in file gpio.s
   Uses
      None
Comment: GPIO_PORTK_PUR_R unused
GPIO_PORTK_RIS_R 40061414

Symbol: GPIO_PORTK_RIS_R
   Definitions
      At line 59 in file gpio.s
   Uses
      None
Comment: GPIO_PORTK_RIS_R unused
GPIO_PORTK_SI_R 40061538

Symbol: GPIO_PORTK_SI_R
   Definitions
      At line 77 in file gpio.s
   Uses
      None
Comment: GPIO_PORTK_SI_R unused
GPIO_PORTK_SLR_R 40061518

Symbol: GPIO_PORTK_SLR_R
   Definitions
      At line 69 in file gpio.s
   Uses
      None
Comment: GPIO_PORTK_SLR_R unused
GPIO_PORTK_WAKELVL_R 40061544

Symbol: GPIO_PORTK_WAKELVL_R
   Definitions
      At line 80 in file gpio.s
   Uses
      None
Comment: GPIO_PORTK_WAKELVL_R unused
GPIO_PORTK_WAKEPEN_R 40061540

Symbol: GPIO_PORTK_WAKEPEN_R
   Definitions
      At line 79 in file gpio.s
   Uses
      None
Comment: GPIO_PORTK_WAKEPEN_R unused
GPIO_PORTK_WAKESTAT_R 40061548



ARM Macro Assembler    Page 9 Alphabetic symbol ordering
Absolute symbols


Symbol: GPIO_PORTK_WAKESTAT_R
   Definitions
      At line 81 in file gpio.s
   Uses
      None
Comment: GPIO_PORTK_WAKESTAT_R unused
GPIO_PORTM 00000800

Symbol: GPIO_PORTM
   Definitions
      At line 119 in file gpio.s
   Uses
      At line 150 in file gpio.s
      At line 158 in file gpio.s

GPIO_PORTM_ADCCTL_R 40063530

Symbol: GPIO_PORTM_ADCCTL_R
   Definitions
      At line 110 in file gpio.s
   Uses
      None
Comment: GPIO_PORTM_ADCCTL_R unused
GPIO_PORTM_AFSEL_R 40063420

Symbol: GPIO_PORTM_AFSEL_R
   Definitions
      At line 97 in file gpio.s
   Uses
      At line 219 in file gpio.s
Comment: GPIO_PORTM_AFSEL_R used once
GPIO_PORTM_AMSEL_R 40063528

Symbol: GPIO_PORTM_AMSEL_R
   Definitions
      At line 108 in file gpio.s
   Uses
      At line 172 in file gpio.s
Comment: GPIO_PORTM_AMSEL_R used once
GPIO_PORTM_CR_R 40063524

Symbol: GPIO_PORTM_CR_R
   Definitions
      At line 107 in file gpio.s
   Uses
      None
Comment: GPIO_PORTM_CR_R unused
GPIO_PORTM_DATA_BITS_R 40063000

Symbol: GPIO_PORTM_DATA_BITS_R
   Definitions
      At line 87 in file gpio.s
   Uses
      None
Comment: GPIO_PORTM_DATA_BITS_R unused
GPIO_PORTM_DATA_R 400633FC

Symbol: GPIO_PORTM_DATA_R



ARM Macro Assembler    Page 10 Alphabetic symbol ordering
Absolute symbols

   Definitions
      At line 88 in file gpio.s
   Uses
      At line 431 in file gpio.s
      At line 440 in file gpio.s
      At line 454 in file gpio.s
      At line 463 in file gpio.s

GPIO_PORTM_DEN_R 4006351C

Symbol: GPIO_PORTM_DEN_R
   Definitions
      At line 105 in file gpio.s
   Uses
      At line 236 in file gpio.s
Comment: GPIO_PORTM_DEN_R used once
GPIO_PORTM_DIR_R 40063400

Symbol: GPIO_PORTM_DIR_R
   Definitions
      At line 89 in file gpio.s
   Uses
      At line 202 in file gpio.s
Comment: GPIO_PORTM_DIR_R used once
GPIO_PORTM_DMACTL_R 40063534

Symbol: GPIO_PORTM_DMACTL_R
   Definitions
      At line 111 in file gpio.s
   Uses
      None
Comment: GPIO_PORTM_DMACTL_R unused
GPIO_PORTM_DR12R_R 4006353C

Symbol: GPIO_PORTM_DR12R_R
   Definitions
      At line 113 in file gpio.s
   Uses
      None
Comment: GPIO_PORTM_DR12R_R unused
GPIO_PORTM_DR2R_R 40063500

Symbol: GPIO_PORTM_DR2R_R
   Definitions
      At line 98 in file gpio.s
   Uses
      None
Comment: GPIO_PORTM_DR2R_R unused
GPIO_PORTM_DR4R_R 40063504

Symbol: GPIO_PORTM_DR4R_R
   Definitions
      At line 99 in file gpio.s
   Uses
      None
Comment: GPIO_PORTM_DR4R_R unused
GPIO_PORTM_DR8R_R 40063508

Symbol: GPIO_PORTM_DR8R_R



ARM Macro Assembler    Page 11 Alphabetic symbol ordering
Absolute symbols

   Definitions
      At line 100 in file gpio.s
   Uses
      None
Comment: GPIO_PORTM_DR8R_R unused
GPIO_PORTM_IBE_R 40063408

Symbol: GPIO_PORTM_IBE_R
   Definitions
      At line 91 in file gpio.s
   Uses
      None
Comment: GPIO_PORTM_IBE_R unused
GPIO_PORTM_ICR_R 4006341C

Symbol: GPIO_PORTM_ICR_R
   Definitions
      At line 96 in file gpio.s
   Uses
      None
Comment: GPIO_PORTM_ICR_R unused
GPIO_PORTM_IEV_R 4006340C

Symbol: GPIO_PORTM_IEV_R
   Definitions
      At line 92 in file gpio.s
   Uses
      None
Comment: GPIO_PORTM_IEV_R unused
GPIO_PORTM_IM_R 40063410

Symbol: GPIO_PORTM_IM_R
   Definitions
      At line 93 in file gpio.s
   Uses
      None
Comment: GPIO_PORTM_IM_R unused
GPIO_PORTM_IS_R 40063404

Symbol: GPIO_PORTM_IS_R
   Definitions
      At line 90 in file gpio.s
   Uses
      None
Comment: GPIO_PORTM_IS_R unused
GPIO_PORTM_LOCK_R 40063520

Symbol: GPIO_PORTM_LOCK_R
   Definitions
      At line 106 in file gpio.s
   Uses
      None
Comment: GPIO_PORTM_LOCK_R unused
GPIO_PORTM_MIS_R 40063418

Symbol: GPIO_PORTM_MIS_R
   Definitions
      At line 95 in file gpio.s
   Uses



ARM Macro Assembler    Page 12 Alphabetic symbol ordering
Absolute symbols

      None
Comment: GPIO_PORTM_MIS_R unused
GPIO_PORTM_ODR_R 4006350C

Symbol: GPIO_PORTM_ODR_R
   Definitions
      At line 101 in file gpio.s
   Uses
      None
Comment: GPIO_PORTM_ODR_R unused
GPIO_PORTM_PCTL_R 4006352C

Symbol: GPIO_PORTM_PCTL_R
   Definitions
      At line 109 in file gpio.s
   Uses
      At line 186 in file gpio.s
Comment: GPIO_PORTM_PCTL_R used once
GPIO_PORTM_PC_R 40063FC4

Symbol: GPIO_PORTM_PC_R
   Definitions
      At line 118 in file gpio.s
   Uses
      None
Comment: GPIO_PORTM_PC_R unused
GPIO_PORTM_PDR_R 40063514

Symbol: GPIO_PORTM_PDR_R
   Definitions
      At line 103 in file gpio.s
   Uses
      None
Comment: GPIO_PORTM_PDR_R unused
GPIO_PORTM_PP_R 40063FC0

Symbol: GPIO_PORTM_PP_R
   Definitions
      At line 117 in file gpio.s
   Uses
      None
Comment: GPIO_PORTM_PP_R unused
GPIO_PORTM_PUR_R 40063510

Symbol: GPIO_PORTM_PUR_R
   Definitions
      At line 102 in file gpio.s
   Uses
      None
Comment: GPIO_PORTM_PUR_R unused
GPIO_PORTM_RIS_R 40063414

Symbol: GPIO_PORTM_RIS_R
   Definitions
      At line 94 in file gpio.s
   Uses
      None
Comment: GPIO_PORTM_RIS_R unused
GPIO_PORTM_SI_R 40063538



ARM Macro Assembler    Page 13 Alphabetic symbol ordering
Absolute symbols


Symbol: GPIO_PORTM_SI_R
   Definitions
      At line 112 in file gpio.s
   Uses
      None
Comment: GPIO_PORTM_SI_R unused
GPIO_PORTM_SLR_R 40063518

Symbol: GPIO_PORTM_SLR_R
   Definitions
      At line 104 in file gpio.s
   Uses
      None
Comment: GPIO_PORTM_SLR_R unused
GPIO_PORTM_WAKELVL_R 40063544

Symbol: GPIO_PORTM_WAKELVL_R
   Definitions
      At line 115 in file gpio.s
   Uses
      None
Comment: GPIO_PORTM_WAKELVL_R unused
GPIO_PORTM_WAKEPEN_R 40063540

Symbol: GPIO_PORTM_WAKEPEN_R
   Definitions
      At line 114 in file gpio.s
   Uses
      None
Comment: GPIO_PORTM_WAKEPEN_R unused
GPIO_PORTM_WAKESTAT_R 40063548

Symbol: GPIO_PORTM_WAKESTAT_R
   Definitions
      At line 116 in file gpio.s
   Uses
      None
Comment: GPIO_PORTM_WAKESTAT_R unused
NVIC_EN1_R E000E104

Symbol: NVIC_EN1_R
   Definitions
      At line 16 in file gpio.s
   Uses
      At line 293 in file gpio.s
Comment: NVIC_EN1_R used once
NVIC_PRI12_R E000E430

Symbol: NVIC_PRI12_R
   Definitions
      At line 17 in file gpio.s
   Uses
      At line 301 in file gpio.s
Comment: NVIC_PRI12_R used once
SYSCTL_PRGPIO_R 400FEA08

Symbol: SYSCTL_PRGPIO_R
   Definitions



ARM Macro Assembler    Page 14 Alphabetic symbol ordering
Absolute symbols

      At line 13 in file gpio.s
   Uses
      At line 153 in file gpio.s
Comment: SYSCTL_PRGPIO_R used once
SYSCTL_RCGCGPIO_R 400FE608

Symbol: SYSCTL_RCGCGPIO_R
   Definitions
      At line 12 in file gpio.s
   Uses
      At line 146 in file gpio.s
Comment: SYSCTL_RCGCGPIO_R used once
96 symbols



ARM Macro Assembler    Page 1 Alphabetic symbol ordering
External symbols

SysTick_Wait1us 00000000

Symbol: SysTick_Wait1us
   Definitions
      At line 135 in file gpio.s
   Uses
      At line 374 in file gpio.s
      At line 385 in file gpio.s
      At line 396 in file gpio.s
      At line 418 in file gpio.s
      At line 437 in file gpio.s
      At line 460 in file gpio.s
      At line 469 in file gpio.s

1 symbol
449 symbols in table
