


ARM Macro Assembler    Page 1 


    1 00000000         ;lcd.s
    2 00000000         ; Desenvolvido para a placa EK-TM4C1294XL
    3 00000000         ; Codigo que apresenta algumas funcionalidades:
    4 00000000         ; LCD_init
    5 00000000         ; LCD_reset
    6 00000000         ; LCD_command
    7 00000000         ; LCD_write_data
    8 00000000         
    9 00000000         ; ------------------------------------------------------
                       -------------------------
   10 00000000                 THUMB                        ; instrucoes do tip
                                                            o Thumb-2
   11 00000000         ; ------------------------------------------------------
                       -------------------------
   12 00000000         ; Declaracoes EQU - Defines
   13 00000000         ; ========================
   14 00000000         ; Definicoes dos Registradores Gerais
   15 00000000 400FE608 
                       SYSCTL_RCGCGPIO_R
                               EQU              0x400FE608
   16 00000000 400FEA08 
                       SYSCTL_PRGPIO_R
                               EQU              0x400FEA08
   17 00000000         ; ========================
   18 00000000         ; Definicoes dos Ports
   19 00000000         
   20 00000000         ; PORT K
   21 00000000 00000200 
                       GPIO_PORTK
                               EQU              2_1000000000
   22 00000000 40061000 
                       GPIO_PORTK_DATA_BITS_R
                               EQU              0x40061000
   23 00000000 400613FC 
                       GPIO_PORTK_DATA_R
                               EQU              0x400613FC
   24 00000000 40061400 
                       GPIO_PORTK_DIR_R
                               EQU              0x40061400
   25 00000000 40061404 
                       GPIO_PORTK_IS_R
                               EQU              0x40061404
   26 00000000 40061408 
                       GPIO_PORTK_IBE_R
                               EQU              0x40061408
   27 00000000 4006140C 
                       GPIO_PORTK_IEV_R
                               EQU              0x4006140C
   28 00000000 40061410 
                       GPIO_PORTK_IM_R
                               EQU              0x40061410
   29 00000000 40061414 
                       GPIO_PORTK_RIS_R
                               EQU              0x40061414
   30 00000000 40061418 
                       GPIO_PORTK_MIS_R
                               EQU              0x40061418
   31 00000000 4006141C 
                       GPIO_PORTK_ICR_R



ARM Macro Assembler    Page 2 


                               EQU              0x4006141C
   32 00000000 40061420 
                       GPIO_PORTK_AFSEL_R
                               EQU              0x40061420
   33 00000000 40061500 
                       GPIO_PORTK_DR2R_R
                               EQU              0x40061500
   34 00000000 40061504 
                       GPIO_PORTK_DR4R_R
                               EQU              0x40061504
   35 00000000 40061508 
                       GPIO_PORTK_DR8R_R
                               EQU              0x40061508
   36 00000000 4006150C 
                       GPIO_PORTK_ODR_R
                               EQU              0x4006150C
   37 00000000 40061510 
                       GPIO_PORTK_PUR_R
                               EQU              0x40061510
   38 00000000 40061514 
                       GPIO_PORTK_PDR_R
                               EQU              0x40061514
   39 00000000 40061518 
                       GPIO_PORTK_SLR_R
                               EQU              0x40061518
   40 00000000 4006151C 
                       GPIO_PORTK_DEN_R
                               EQU              0x4006151C
   41 00000000 40061520 
                       GPIO_PORTK_LOCK_R
                               EQU              0x40061520
   42 00000000 40061524 
                       GPIO_PORTK_CR_R
                               EQU              0x40061524
   43 00000000 40061528 
                       GPIO_PORTK_AMSEL_R
                               EQU              0x40061528
   44 00000000 4006152C 
                       GPIO_PORTK_PCTL_R
                               EQU              0x4006152C
   45 00000000 40061530 
                       GPIO_PORTK_ADCCTL_R
                               EQU              0x40061530
   46 00000000 40061534 
                       GPIO_PORTK_DMACTL_R
                               EQU              0x40061534
   47 00000000 40061538 
                       GPIO_PORTK_SI_R
                               EQU              0x40061538
   48 00000000 4006153C 
                       GPIO_PORTK_DR12R_R
                               EQU              0x4006153C
   49 00000000 40061540 
                       GPIO_PORTK_WAKEPEN_R
                               EQU              0x40061540
   50 00000000 40061544 
                       GPIO_PORTK_WAKELVL_R
                               EQU              0x40061544
   51 00000000 40061548 



ARM Macro Assembler    Page 3 


                       GPIO_PORTK_WAKESTAT_R
                               EQU              0x40061548
   52 00000000 40061FC0 
                       GPIO_PORTK_PP_R
                               EQU              0x40061FC0
   53 00000000 40061FC4 
                       GPIO_PORTK_PC_R
                               EQU              0x40061FC4
   54 00000000         
   55 00000000         ; PORT M
   56 00000000 40063000 
                       GPIO_PORTM_DATA_BITS_R
                               EQU              0x40063000
   57 00000000 400633FC 
                       GPIO_PORTM_DATA_R
                               EQU              0x400633FC
   58 00000000 40063400 
                       GPIO_PORTM_DIR_R
                               EQU              0x40063400
   59 00000000 40063404 
                       GPIO_PORTM_IS_R
                               EQU              0x40063404
   60 00000000 40063408 
                       GPIO_PORTM_IBE_R
                               EQU              0x40063408
   61 00000000 4006340C 
                       GPIO_PORTM_IEV_R
                               EQU              0x4006340C
   62 00000000 40063410 
                       GPIO_PORTM_IM_R
                               EQU              0x40063410
   63 00000000 40063414 
                       GPIO_PORTM_RIS_R
                               EQU              0x40063414
   64 00000000 40063418 
                       GPIO_PORTM_MIS_R
                               EQU              0x40063418
   65 00000000 4006341C 
                       GPIO_PORTM_ICR_R
                               EQU              0x4006341C
   66 00000000 40063420 
                       GPIO_PORTM_AFSEL_R
                               EQU              0x40063420
   67 00000000 40063500 
                       GPIO_PORTM_DR2R_R
                               EQU              0x40063500
   68 00000000 40063504 
                       GPIO_PORTM_DR4R_R
                               EQU              0x40063504
   69 00000000 40063508 
                       GPIO_PORTM_DR8R_R
                               EQU              0x40063508
   70 00000000 4006350C 
                       GPIO_PORTM_ODR_R
                               EQU              0x4006350C
   71 00000000 40063510 
                       GPIO_PORTM_PUR_R
                               EQU              0x40063510
   72 00000000 40063514 



ARM Macro Assembler    Page 4 


                       GPIO_PORTM_PDR_R
                               EQU              0x40063514
   73 00000000 40063518 
                       GPIO_PORTM_SLR_R
                               EQU              0x40063518
   74 00000000 4006351C 
                       GPIO_PORTM_DEN_R
                               EQU              0x4006351C
   75 00000000 40063520 
                       GPIO_PORTM_LOCK_R
                               EQU              0x40063520
   76 00000000 40063524 
                       GPIO_PORTM_CR_R
                               EQU              0x40063524
   77 00000000 40063528 
                       GPIO_PORTM_AMSEL_R
                               EQU              0x40063528
   78 00000000 4006352C 
                       GPIO_PORTM_PCTL_R
                               EQU              0x4006352C
   79 00000000 40063530 
                       GPIO_PORTM_ADCCTL_R
                               EQU              0x40063530
   80 00000000 40063534 
                       GPIO_PORTM_DMACTL_R
                               EQU              0x40063534
   81 00000000 40063538 
                       GPIO_PORTM_SI_R
                               EQU              0x40063538
   82 00000000 4006353C 
                       GPIO_PORTM_DR12R_R
                               EQU              0x4006353C
   83 00000000 40063540 
                       GPIO_PORTM_WAKEPEN_R
                               EQU              0x40063540
   84 00000000 40063544 
                       GPIO_PORTM_WAKELVL_R
                               EQU              0x40063544
   85 00000000 40063548 
                       GPIO_PORTM_WAKESTAT_R
                               EQU              0x40063548
   86 00000000 40063FC0 
                       GPIO_PORTM_PP_R
                               EQU              0x40063FC0
   87 00000000 40063FC4 
                       GPIO_PORTM_PC_R
                               EQU              0x40063FC4
   88 00000000 00000800 
                       GPIO_PORTM
                               EQU              2_100000000000
   89 00000000         
   90 00000000         ; ------------------------------------------------------
                       -------------------------
   91 00000000         ; Area de Codigo - Tudo abaixo da diretiva a seguir sera
                        armazenado na memoria de 
   92 00000000         ; codigo
   93 00000000                 AREA             |.text|, CODE, READONLY, ALIGN=
2
   94 00000000         



ARM Macro Assembler    Page 5 


   95 00000000         ; Se alguma funcao do arquivo for chamada em outro arqui
                       vo 
   96 00000000                 EXPORT           LCD_init
   97 00000000                 EXPORT           LCD_reset
   98 00000000                 EXPORT           LCD_command
   99 00000000                 EXPORT           LCD_write_data
  100 00000000                 EXPORT           LCD_print_string
  101 00000000         
  102 00000000                 IMPORT           SysTick_Wait1us
  103 00000000         
  104 00000000         ;-------------------------------------------------------
                       -------------------------
  105 00000000         ; Funcao LCD_init
  106 00000000         ; Parametro de entrada: Nao tem
  107 00000000         ; Parametro de saida: Nao tem
  108 00000000         LCD_init
  109 00000000         ; 1. Ativar o clock para a porta setando o bit correspon
                       dente no registrador RCGCGPIO,
  110 00000000 4862            LDR              R0, =SYSCTL_RCGCGPIO_R ;carrega
                                                             o endereco do regi
                                                            strador RCGCGPIO
  111 00000002 6801            LDR              R1, [R0]    ;carrega dado do re
                                                            gistrador
  112 00000004 F441 7100       ORR              R1, #GPIO_PORTK ;seta apenas pi
                                                            nos da porta dos PI
                                                            NOS DE DADOS LCD 
  113 00000008 F441 6100       ORR              R1, #GPIO_PORTM ;seta apenas pi
                                                            nos da porta dos PI
                                                            NOS DE COMANDO LCD 
                                                            
  114 0000000C 6001            STR              R1, [R0]    ;move para a memori
                                                            a os bits das porta
                                                            s no endereco do RC
                                                            GCGPIO
  115 0000000E         
  116 0000000E         ; verificar no PRGPIO se a porta esta pronta para uso.
  117 0000000E 4860            LDR              R0, =SYSCTL_PRGPIO_R ;carrega o
                                                             endereÔøΩo do PRGP
                                                            IO para esperar os 
                                                            GPIO ficarem pronto
                                                            s
  118 00000010         Espera_porta
  119 00000010 6801            LDR              R1, [R0]    ;le da memoria o co
                                                            nteudo do endereÔøΩ
                                                            o do registrador
  120 00000012 F44F 7200       MOV              R2, #GPIO_PORTK ;LCD - PINOS DE
                                                             DADOS
  121 00000016 F442 6200       ORR              R2, #GPIO_PORTM ;LCD - PINOS DE
                                                             COMANDO
  122 0000001A EA01 0102       AND              R1, R1, R2  ;seleciona apenas o
                                                            s pinos de porta de
                                                             comparacao
  123 0000001E 4211            TST              R1, R2      ;ANDS de R1 com R2
  124 00000020 D0F6            BEQ              Espera_porta ;Se o flag Z=1, vo
                                                            lta para o laÔøΩo. 
                                                            SenÔøΩo continua ex
                                                            ecutando
  125 00000022         
  126 00000022         ; 2. Limpar o AMSEL para desabilitar a analÔøΩgica



ARM Macro Assembler    Page 6 


  127 00000022 485C            LDR              R0, =GPIO_PORTK_AMSEL_R ;LCD - 
                                                            PINOS DE DADOS
  128 00000024 6801            LDR              R1, [R0]
  129 00000026 F021 01FF       BIC              R1, #0xFF   ; Pinos PK0 a PK7 =
                                                             0: desabilita anal
                                                            ogica
  130 0000002A 6001            STR              R1, [R0]
  131 0000002C         
  132 0000002C 485A            LDR              R0, =GPIO_PORTM_AMSEL_R ;LCD - 
                                                            PINOS DE COMANDOS
  133 0000002E 6801            LDR              R1, [R0]
  134 00000030 F021 0107       BIC              R1, #2_111  ; Pinos M0 a M2 = 0
                                                            : desabilita analog
                                                            ica
  135 00000034 6001            STR              R1, [R0]
  136 00000036         
  137 00000036         ; 3. Limpar PCTL para selecionar o GPIO
  138 00000036 4859            LDR              R0, =GPIO_PORTK_PCTL_R ;LCD - P
                                                            INOS DE DADOS
  139 00000038 6801            LDR              R1, [R0]
  140 0000003A F021 01FF       BIC              R1, #0xFF   ; Pinos PK0 a PK7 =
                                                             0: seleciona modo 
                                                            GPIO
  141 0000003E 6001            STR              R1, [R0]
  142 00000040         
  143 00000040 4857            LDR              R0, =GPIO_PORTM_PCTL_R ;LCD - P
                                                            INOS DE COMANDOS
  144 00000042 6801            LDR              R1, [R0]
  145 00000044 F021 0107       BIC              R1, #2_111  ; Pinos M0 a M2 = 0
                                                            : seleciona modo GP
                                                            IO
  146 00000048 6001            STR              R1, [R0]
  147 0000004A         
  148 0000004A         ; 4. DIR para 0: input (BIC), 1: output (ORR)
  149 0000004A 4856            LDR              R0, =GPIO_PORTK_DIR_R
  150 0000004C 6801            LDR              R1, [R0]
  151 0000004E F041 01FF       ORR              R1, R1, #0xFF ; pinos PK0 a PK7
                                                             = 1: output
  152 00000052 6001            STR              R1, [R0]
  153 00000054         
  154 00000054 4854            LDR              R0, =GPIO_PORTM_DIR_R
  155 00000056 6801            LDR              R1, [R0]
  156 00000058 F041 0107       ORR              R1, R1, #2_111 ; pinos M0 a M2 
                                                            = 1: output
  157 0000005C 6001            STR              R1, [R0]
  158 0000005E         
  159 0000005E         ; 5. Limpar os bits AFSEL para 0 para selecionar GPIO se
                       m funcao alternativa
  160 0000005E 4853            LDR              R0, =GPIO_PORTK_AFSEL_R
  161 00000060 6801            LDR              R1, [R0]
  162 00000062 F021 01FF       BIC              R1, R1, #0xFF ; pinos PK0 a PK7
                                                             = 0: sem funcao al
                                                            ternativa
  163 00000066 6001            STR              R1, [R0]
  164 00000068         
  165 00000068 4851            LDR              R0, =GPIO_PORTM_AFSEL_R
  166 0000006A 6801            LDR              R1, [R0]
  167 0000006C F021 0107       BIC              R1, R1, #2_111 ;pinos M0 a M2 =
                                                             0: sem funcao alte



ARM Macro Assembler    Page 7 


                                                            rnativa
  168 00000070 6001            STR              R1, [R0]
  169 00000072         
  170 00000072         ; 6. Setar os bits de DEN para habilitar I/O digital
  171 00000072 4850            LDR              R0, =GPIO_PORTK_DEN_R ;LCD - PI
                                                            NOS DE DADOS
  172 00000074 6801            LDR              R1, [R0]
  173 00000076 F041 01FF       ORR              R1, R1, #0xFF ; pinos K0 a K7 =
                                                             1: habilita I/O di
                                                            gital
  174 0000007A 6001            STR              R1, [R0]
  175 0000007C         
  176 0000007C 484E            LDR              R0, =GPIO_PORTM_DEN_R ;LCD - PI
                                                            NOS DE COMANDOS
  177 0000007E 6801            LDR              R1, [R0]
  178 00000080 F041 0107       ORR              R1, R1, #2_111 ; pinos M0 a M3 
                                                            = 1 : habilita I/O 
                                                            digital
  179 00000084 6001            STR              R1, [R0]
  180 00000086         
  181 00000086         ; 7. Para habilitar resistor de pull-up interno, setar P
                       UR para 1
  182 00000086         ; N/A
  183 00000086         
  184 00000086         ; chama funcao para configuracao do LCD
  185 00000086 B500            PUSH             {LR}
  186 00000088 F000 F803       BL               LCD_config
  187 0000008C F85D EB04       POP              {LR}
  188 00000090         
  189 00000090 4770            BX               LR
  190 00000092         
  191 00000092         ; ------------------------------------------------------
                       -------------------------
  192 00000092         ; Fun√ß√£o LCD_config
  193 00000092         ; Par√¢metro de entrada: nao tem
  194 00000092         ; Par√¢metro de sa√≠da: nao tem
  195 00000092         LCD_config
  196 00000092         
  197 00000092         ; Inicializar no modo 2 linhas / caracter matriz 5x7
  198 00000092 F04F 0038       MOV              R0, #0x38
  199 00000096 B500            PUSH{LR}
  200 00000098 F7FF FFFE       BL               LCD_command
  201 0000009C F85D EB04       POP{LR}
  202 000000A0         
  203 000000A0 F04F 0028       MOV              R0, #40
  204 000000A4 B500            PUSH             {LR}
  205 000000A6 F7FF FFFE       BL               SysTick_Wait1us
  206 000000AA F85D EB04       POP              {LR}
  207 000000AE         
  208 000000AE         ; Cursor com autoincremento para direita
  209 000000AE F04F 0006       MOV              R0, #0x06
  210 000000B2 B500            PUSH{LR}
  211 000000B4 F7FF FFFE       BL               LCD_command
  212 000000B8 F85D EB04       POP{LR}
  213 000000BC         
  214 000000BC F04F 0028       MOV              R0, #40
  215 000000C0 B500            PUSH             {LR}
  216 000000C2 F7FF FFFE       BL               SysTick_Wait1us
  217 000000C6 F85D EB04       POP              {LR}



ARM Macro Assembler    Page 8 


  218 000000CA         
  219 000000CA         ; Configurar o cursor (habilitar o display + cursor + n√
                       £o-pisca) 
  220 000000CA F04F 000F       MOV              R0, #0x0F
  221 000000CE B500            PUSH{LR}
  222 000000D0 F7FF FFFE       BL               LCD_command
  223 000000D4 F85D EB04       POP{LR}
  224 000000D8         
  225 000000D8         ; espera 40us
  226 000000D8 F04F 0028       MOV              R0, #40
  227 000000DC B500            PUSH             {LR}
  228 000000DE F7FF FFFE       BL               SysTick_Wait1us
  229 000000E2 F85D EB04       POP              {LR}
  230 000000E6         
  231 000000E6         ; reseta LCD
  232 000000E6 B500            PUSH{LR}
  233 000000E8 F7FF FFFE       BL               LCD_reset
  234 000000EC F85D EB04       POP{LR}
  235 000000F0         
  236 000000F0 4770            BX               LR          ;return
  237 000000F2         
  238 000000F2         ; ------------------------------------------------------
                       -------------------------
  239 000000F2         ; Fun√ß√£o LCD_reset
  240 000000F2         ; Par√¢metro de entrada: nao tem
  241 000000F2         ; Par√¢metro de sa√≠da: nao tem
  242 000000F2         LCD_reset
  243 000000F2         ; envia comando de reset
  244 000000F2 F04F 0001       MOV              R0, #0x01
  245 000000F6 B500            PUSH{LR}
  246 000000F8 F7FF FFFE       BL               LCD_command
  247 000000FC F85D EB04       POP{LR}
  248 00000100         
  249 00000100         ; espera 1.64ms
  250 00000100 F44F 60CD       MOV              R0, #1640
  251 00000104 B500            PUSH             {LR}
  252 00000106 F7FF FFFE       BL               SysTick_Wait1us
  253 0000010A F85D EB04       POP              {LR}
  254 0000010E         
  255 0000010E 4770            BX               LR
  256 00000110         
  257 00000110         ; ------------------------------------------------------
                       -------------------------
  258 00000110         ; Funcao LCD_command
  259 00000110         ; Par√¢metro de entrada: R0: comando a ser executado
  260 00000110         ; Par√¢metro de sa√≠da: nao tem
  261 00000110         LCD_command
  262 00000110 B402            PUSH             {R1}        ; amazena registrad
                                                            ores usados na func
                                                            ao
  263 00000112         
  264 00000112         ;seta dados de entrada
  265 00000112 492A            LDR              R1, =GPIO_PORTK_DATA_R
  266 00000114 6008            STR              R0, [R1]
  267 00000116         
  268 00000116         ;habilita lcd e escreve comando
  269 00000116 492A            LDR              R1, =GPIO_PORTM_DATA_R
  270 00000118 F04F 0004       MOV              R0, #2_100  ;EN=1, RW=0 ,RS=1
  271 0000011C 6008            STR              R0, [R1]



ARM Macro Assembler    Page 9 


  272 0000011E         
  273 0000011E         ; espera 10us
  274 0000011E F04F 000A       MOV              R0, #10
  275 00000122 B500            PUSH             {LR}
  276 00000124 F7FF FFFE       BL               SysTick_Wait1us
  277 00000128 F85D EB04       POP              {LR}
  278 0000012C         
  279 0000012C         ; desabilita lcd
  280 0000012C 4924            LDR              R1, =GPIO_PORTM_DATA_R
  281 0000012E F04F 0000       MOV              R0, #2_000  ;EN=0, RW=0 ,RS=0
  282 00000132 6008            STR              R0, [R1]
  283 00000134         
  284 00000134 BC02            POP              {R1}        ;restaura registrad
                                                            ores usados na func
                                                            ao
  285 00000136 4770            BX               LR          ;return
  286 00000138         
  287 00000138         ; ------------------------------------------------------
                       -------------------------
  288 00000138         ; Fun√ß√£o LCD_write_data
  289 00000138         ; Par√¢metro de entrada: R0: ASCII a ser escrito
  290 00000138         ; Par√¢metro de sa√≠da: nao tem
  291 00000138         LCD_write_data
  292 00000138 B402            PUSH             {R1}        ;amazena registrado
                                                            res usados na funca
                                                            o
  293 0000013A         
  294 0000013A         ;seta dados de entrada
  295 0000013A 4920            LDR              R1, =GPIO_PORTK_DATA_R
  296 0000013C 6008            STR              R0, [R1]
  297 0000013E         
  298 0000013E         ;habilita LCD e escreve dados
  299 0000013E 4920            LDR              R1, =GPIO_PORTM_DATA_R
  300 00000140 F04F 0005       MOV              R0, #2_101  ;EN=1, RW=0 ,RS=1
  301 00000144 6008            STR              R0, [R1]
  302 00000146         
  303 00000146         ;espera 10us
  304 00000146 F04F 000A       MOV              R0, #10
  305 0000014A B500            PUSH             {LR}
  306 0000014C F7FF FFFE       BL               SysTick_Wait1us
  307 00000150 F85D EB04       POP              {LR}
  308 00000154         
  309 00000154         ;desabilita LCD
  310 00000154 491A            LDR              R1, =GPIO_PORTM_DATA_R
  311 00000156 F04F 0001       MOV              R0, #2_001  ;EN=0, RW=0 ,RS=1
  312 0000015A 6008            STR              R0, [R1]
  313 0000015C         
  314 0000015C         ; espera 40us
  315 0000015C F04F 0028       MOV              R0, #40
  316 00000160 B500            PUSH             {LR}
  317 00000162 F7FF FFFE       BL               SysTick_Wait1us
  318 00000166 F85D EB04       POP              {LR}
  319 0000016A         
  320 0000016A BC02            POP              {R1}        ;restaura registrad
                                                            ores usados na func
                                                            ao
  321 0000016C 4770            BX               LR          ;retorno
  322 0000016E         
  323 0000016E         ; ------------------------------------------------------



ARM Macro Assembler    Page 10 


                       -------------------------
  324 0000016E         ; Fun√ß√£o LCD_write_data
  325 0000016E         ; Par√¢metro de entrada: R0: ASCII a ser escrito
  326 0000016E         ; Par√¢metro de sa√≠da: nao tem
  327 0000016E         LCD_print_string
  328 0000016E B406            PUSH             {R1, R2}
  329 00000170 4601            MOV              R1, R0      ;pega o ponteiro do
                                                             inicio da string
  330 00000172         loop_print_string
  331 00000172 F811 2B01       LDRB             R2, [R1], #1
  332 00000176 4610            MOV              R0, R2
  333 00000178 2800            CMP              R0, #0
  334 0000017A D005            BEQ              end_LCD_print_string
  335 0000017C B500            PUSH             {LR}
  336 0000017E F7FF FFFE       BL               LCD_write_data
  337 00000182 F85D EB04       POP              {LR}
  338 00000186 E7F4            B                loop_print_string
  339 00000188         end_LCD_print_string
  340 00000188 BC06            POP              {R1, R2}
  341 0000018A 4770            BX               LR
  342 0000018C         
  343 0000018C         ; ------------------------------------------------------
                       -------------------------
  344 0000018C         ; fim do arquivo
  345 0000018C                 ALIGN                        ; garante que o fim
                                                             da seÔøΩÔøΩo estÔø
                                                            Ω alinhada 
  346 0000018C                 END                          ; fim do arquivo
              400FE608 
              400FEA08 
              40061528 
              40063528 
              4006152C 
              4006352C 
              40061400 
              40063400 
              40061420 
              40063420 
              4006151C 
              4006351C 
              400613FC 
              400633FC 
Command Line: --debug --xref --diag_suppress=9931 --cpu=Cortex-M4.fp.sp --depen
d=.\objects\lcd.d -o.\objects\lcd.o -IC:\Users\roger\AppData\Local\Arm\Packs\Ke
il\TM4C_DFP\1.1.0\Device\Include\TM4C129 --predefine="__EVAL SETA 1" --predefin
e="__UVISION_VERSION SETA 536" --predefine="TM4C1294NCPDT SETA 1" --list=.\list
ings\lcd.lst lcd.s



ARM Macro Assembler    Page 1 Alphabetic symbol ordering
Relocatable symbols

.text 00000000

Symbol: .text
   Definitions
      At line 93 in file lcd.s
   Uses
      None
Comment: .text unused
Espera_porta 00000010

Symbol: Espera_porta
   Definitions
      At line 118 in file lcd.s
   Uses
      At line 124 in file lcd.s
Comment: Espera_porta used once
LCD_command 00000110

Symbol: LCD_command
   Definitions
      At line 261 in file lcd.s
   Uses
      At line 98 in file lcd.s
      At line 200 in file lcd.s
      At line 211 in file lcd.s
      At line 222 in file lcd.s
      At line 246 in file lcd.s

LCD_config 00000092

Symbol: LCD_config
   Definitions
      At line 195 in file lcd.s
   Uses
      At line 186 in file lcd.s
Comment: LCD_config used once
LCD_init 00000000

Symbol: LCD_init
   Definitions
      At line 108 in file lcd.s
   Uses
      At line 96 in file lcd.s
Comment: LCD_init used once
LCD_print_string 0000016E

Symbol: LCD_print_string
   Definitions
      At line 327 in file lcd.s
   Uses
      At line 100 in file lcd.s
Comment: LCD_print_string used once
LCD_reset 000000F2

Symbol: LCD_reset
   Definitions
      At line 242 in file lcd.s
   Uses
      At line 97 in file lcd.s



ARM Macro Assembler    Page 2 Alphabetic symbol ordering
Relocatable symbols

      At line 233 in file lcd.s

LCD_write_data 00000138

Symbol: LCD_write_data
   Definitions
      At line 291 in file lcd.s
   Uses
      At line 99 in file lcd.s
      At line 336 in file lcd.s

end_LCD_print_string 00000188

Symbol: end_LCD_print_string
   Definitions
      At line 339 in file lcd.s
   Uses
      At line 334 in file lcd.s
Comment: end_LCD_print_string used once
loop_print_string 00000172

Symbol: loop_print_string
   Definitions
      At line 330 in file lcd.s
   Uses
      At line 338 in file lcd.s
Comment: loop_print_string used once
10 symbols



ARM Macro Assembler    Page 1 Alphabetic symbol ordering
Absolute symbols

GPIO_PORTK 00000200

Symbol: GPIO_PORTK
   Definitions
      At line 21 in file lcd.s
   Uses
      At line 112 in file lcd.s
      At line 120 in file lcd.s

GPIO_PORTK_ADCCTL_R 40061530

Symbol: GPIO_PORTK_ADCCTL_R
   Definitions
      At line 45 in file lcd.s
   Uses
      None
Comment: GPIO_PORTK_ADCCTL_R unused
GPIO_PORTK_AFSEL_R 40061420

Symbol: GPIO_PORTK_AFSEL_R
   Definitions
      At line 32 in file lcd.s
   Uses
      At line 160 in file lcd.s
Comment: GPIO_PORTK_AFSEL_R used once
GPIO_PORTK_AMSEL_R 40061528

Symbol: GPIO_PORTK_AMSEL_R
   Definitions
      At line 43 in file lcd.s
   Uses
      At line 127 in file lcd.s
Comment: GPIO_PORTK_AMSEL_R used once
GPIO_PORTK_CR_R 40061524

Symbol: GPIO_PORTK_CR_R
   Definitions
      At line 42 in file lcd.s
   Uses
      None
Comment: GPIO_PORTK_CR_R unused
GPIO_PORTK_DATA_BITS_R 40061000

Symbol: GPIO_PORTK_DATA_BITS_R
   Definitions
      At line 22 in file lcd.s
   Uses
      None
Comment: GPIO_PORTK_DATA_BITS_R unused
GPIO_PORTK_DATA_R 400613FC

Symbol: GPIO_PORTK_DATA_R
   Definitions
      At line 23 in file lcd.s
   Uses
      At line 265 in file lcd.s
      At line 295 in file lcd.s

GPIO_PORTK_DEN_R 4006151C



ARM Macro Assembler    Page 2 Alphabetic symbol ordering
Absolute symbols


Symbol: GPIO_PORTK_DEN_R
   Definitions
      At line 40 in file lcd.s
   Uses
      At line 171 in file lcd.s
Comment: GPIO_PORTK_DEN_R used once
GPIO_PORTK_DIR_R 40061400

Symbol: GPIO_PORTK_DIR_R
   Definitions
      At line 24 in file lcd.s
   Uses
      At line 149 in file lcd.s
Comment: GPIO_PORTK_DIR_R used once
GPIO_PORTK_DMACTL_R 40061534

Symbol: GPIO_PORTK_DMACTL_R
   Definitions
      At line 46 in file lcd.s
   Uses
      None
Comment: GPIO_PORTK_DMACTL_R unused
GPIO_PORTK_DR12R_R 4006153C

Symbol: GPIO_PORTK_DR12R_R
   Definitions
      At line 48 in file lcd.s
   Uses
      None
Comment: GPIO_PORTK_DR12R_R unused
GPIO_PORTK_DR2R_R 40061500

Symbol: GPIO_PORTK_DR2R_R
   Definitions
      At line 33 in file lcd.s
   Uses
      None
Comment: GPIO_PORTK_DR2R_R unused
GPIO_PORTK_DR4R_R 40061504

Symbol: GPIO_PORTK_DR4R_R
   Definitions
      At line 34 in file lcd.s
   Uses
      None
Comment: GPIO_PORTK_DR4R_R unused
GPIO_PORTK_DR8R_R 40061508

Symbol: GPIO_PORTK_DR8R_R
   Definitions
      At line 35 in file lcd.s
   Uses
      None
Comment: GPIO_PORTK_DR8R_R unused
GPIO_PORTK_IBE_R 40061408

Symbol: GPIO_PORTK_IBE_R
   Definitions



ARM Macro Assembler    Page 3 Alphabetic symbol ordering
Absolute symbols

      At line 26 in file lcd.s
   Uses
      None
Comment: GPIO_PORTK_IBE_R unused
GPIO_PORTK_ICR_R 4006141C

Symbol: GPIO_PORTK_ICR_R
   Definitions
      At line 31 in file lcd.s
   Uses
      None
Comment: GPIO_PORTK_ICR_R unused
GPIO_PORTK_IEV_R 4006140C

Symbol: GPIO_PORTK_IEV_R
   Definitions
      At line 27 in file lcd.s
   Uses
      None
Comment: GPIO_PORTK_IEV_R unused
GPIO_PORTK_IM_R 40061410

Symbol: GPIO_PORTK_IM_R
   Definitions
      At line 28 in file lcd.s
   Uses
      None
Comment: GPIO_PORTK_IM_R unused
GPIO_PORTK_IS_R 40061404

Symbol: GPIO_PORTK_IS_R
   Definitions
      At line 25 in file lcd.s
   Uses
      None
Comment: GPIO_PORTK_IS_R unused
GPIO_PORTK_LOCK_R 40061520

Symbol: GPIO_PORTK_LOCK_R
   Definitions
      At line 41 in file lcd.s
   Uses
      None
Comment: GPIO_PORTK_LOCK_R unused
GPIO_PORTK_MIS_R 40061418

Symbol: GPIO_PORTK_MIS_R
   Definitions
      At line 30 in file lcd.s
   Uses
      None
Comment: GPIO_PORTK_MIS_R unused
GPIO_PORTK_ODR_R 4006150C

Symbol: GPIO_PORTK_ODR_R
   Definitions
      At line 36 in file lcd.s
   Uses
      None



ARM Macro Assembler    Page 4 Alphabetic symbol ordering
Absolute symbols

Comment: GPIO_PORTK_ODR_R unused
GPIO_PORTK_PCTL_R 4006152C

Symbol: GPIO_PORTK_PCTL_R
   Definitions
      At line 44 in file lcd.s
   Uses
      At line 138 in file lcd.s
Comment: GPIO_PORTK_PCTL_R used once
GPIO_PORTK_PC_R 40061FC4

Symbol: GPIO_PORTK_PC_R
   Definitions
      At line 53 in file lcd.s
   Uses
      None
Comment: GPIO_PORTK_PC_R unused
GPIO_PORTK_PDR_R 40061514

Symbol: GPIO_PORTK_PDR_R
   Definitions
      At line 38 in file lcd.s
   Uses
      None
Comment: GPIO_PORTK_PDR_R unused
GPIO_PORTK_PP_R 40061FC0

Symbol: GPIO_PORTK_PP_R
   Definitions
      At line 52 in file lcd.s
   Uses
      None
Comment: GPIO_PORTK_PP_R unused
GPIO_PORTK_PUR_R 40061510

Symbol: GPIO_PORTK_PUR_R
   Definitions
      At line 37 in file lcd.s
   Uses
      None
Comment: GPIO_PORTK_PUR_R unused
GPIO_PORTK_RIS_R 40061414

Symbol: GPIO_PORTK_RIS_R
   Definitions
      At line 29 in file lcd.s
   Uses
      None
Comment: GPIO_PORTK_RIS_R unused
GPIO_PORTK_SI_R 40061538

Symbol: GPIO_PORTK_SI_R
   Definitions
      At line 47 in file lcd.s
   Uses
      None
Comment: GPIO_PORTK_SI_R unused
GPIO_PORTK_SLR_R 40061518




ARM Macro Assembler    Page 5 Alphabetic symbol ordering
Absolute symbols

Symbol: GPIO_PORTK_SLR_R
   Definitions
      At line 39 in file lcd.s
   Uses
      None
Comment: GPIO_PORTK_SLR_R unused
GPIO_PORTK_WAKELVL_R 40061544

Symbol: GPIO_PORTK_WAKELVL_R
   Definitions
      At line 50 in file lcd.s
   Uses
      None
Comment: GPIO_PORTK_WAKELVL_R unused
GPIO_PORTK_WAKEPEN_R 40061540

Symbol: GPIO_PORTK_WAKEPEN_R
   Definitions
      At line 49 in file lcd.s
   Uses
      None
Comment: GPIO_PORTK_WAKEPEN_R unused
GPIO_PORTK_WAKESTAT_R 40061548

Symbol: GPIO_PORTK_WAKESTAT_R
   Definitions
      At line 51 in file lcd.s
   Uses
      None
Comment: GPIO_PORTK_WAKESTAT_R unused
GPIO_PORTM 00000800

Symbol: GPIO_PORTM
   Definitions
      At line 88 in file lcd.s
   Uses
      At line 113 in file lcd.s
      At line 121 in file lcd.s

GPIO_PORTM_ADCCTL_R 40063530

Symbol: GPIO_PORTM_ADCCTL_R
   Definitions
      At line 79 in file lcd.s
   Uses
      None
Comment: GPIO_PORTM_ADCCTL_R unused
GPIO_PORTM_AFSEL_R 40063420

Symbol: GPIO_PORTM_AFSEL_R
   Definitions
      At line 66 in file lcd.s
   Uses
      At line 165 in file lcd.s
Comment: GPIO_PORTM_AFSEL_R used once
GPIO_PORTM_AMSEL_R 40063528

Symbol: GPIO_PORTM_AMSEL_R
   Definitions



ARM Macro Assembler    Page 6 Alphabetic symbol ordering
Absolute symbols

      At line 77 in file lcd.s
   Uses
      At line 132 in file lcd.s
Comment: GPIO_PORTM_AMSEL_R used once
GPIO_PORTM_CR_R 40063524

Symbol: GPIO_PORTM_CR_R
   Definitions
      At line 76 in file lcd.s
   Uses
      None
Comment: GPIO_PORTM_CR_R unused
GPIO_PORTM_DATA_BITS_R 40063000

Symbol: GPIO_PORTM_DATA_BITS_R
   Definitions
      At line 56 in file lcd.s
   Uses
      None
Comment: GPIO_PORTM_DATA_BITS_R unused
GPIO_PORTM_DATA_R 400633FC

Symbol: GPIO_PORTM_DATA_R
   Definitions
      At line 57 in file lcd.s
   Uses
      At line 269 in file lcd.s
      At line 280 in file lcd.s
      At line 299 in file lcd.s
      At line 310 in file lcd.s

GPIO_PORTM_DEN_R 4006351C

Symbol: GPIO_PORTM_DEN_R
   Definitions
      At line 74 in file lcd.s
   Uses
      At line 176 in file lcd.s
Comment: GPIO_PORTM_DEN_R used once
GPIO_PORTM_DIR_R 40063400

Symbol: GPIO_PORTM_DIR_R
   Definitions
      At line 58 in file lcd.s
   Uses
      At line 154 in file lcd.s
Comment: GPIO_PORTM_DIR_R used once
GPIO_PORTM_DMACTL_R 40063534

Symbol: GPIO_PORTM_DMACTL_R
   Definitions
      At line 80 in file lcd.s
   Uses
      None
Comment: GPIO_PORTM_DMACTL_R unused
GPIO_PORTM_DR12R_R 4006353C

Symbol: GPIO_PORTM_DR12R_R
   Definitions



ARM Macro Assembler    Page 7 Alphabetic symbol ordering
Absolute symbols

      At line 82 in file lcd.s
   Uses
      None
Comment: GPIO_PORTM_DR12R_R unused
GPIO_PORTM_DR2R_R 40063500

Symbol: GPIO_PORTM_DR2R_R
   Definitions
      At line 67 in file lcd.s
   Uses
      None
Comment: GPIO_PORTM_DR2R_R unused
GPIO_PORTM_DR4R_R 40063504

Symbol: GPIO_PORTM_DR4R_R
   Definitions
      At line 68 in file lcd.s
   Uses
      None
Comment: GPIO_PORTM_DR4R_R unused
GPIO_PORTM_DR8R_R 40063508

Symbol: GPIO_PORTM_DR8R_R
   Definitions
      At line 69 in file lcd.s
   Uses
      None
Comment: GPIO_PORTM_DR8R_R unused
GPIO_PORTM_IBE_R 40063408

Symbol: GPIO_PORTM_IBE_R
   Definitions
      At line 60 in file lcd.s
   Uses
      None
Comment: GPIO_PORTM_IBE_R unused
GPIO_PORTM_ICR_R 4006341C

Symbol: GPIO_PORTM_ICR_R
   Definitions
      At line 65 in file lcd.s
   Uses
      None
Comment: GPIO_PORTM_ICR_R unused
GPIO_PORTM_IEV_R 4006340C

Symbol: GPIO_PORTM_IEV_R
   Definitions
      At line 61 in file lcd.s
   Uses
      None
Comment: GPIO_PORTM_IEV_R unused
GPIO_PORTM_IM_R 40063410

Symbol: GPIO_PORTM_IM_R
   Definitions
      At line 62 in file lcd.s
   Uses
      None



ARM Macro Assembler    Page 8 Alphabetic symbol ordering
Absolute symbols

Comment: GPIO_PORTM_IM_R unused
GPIO_PORTM_IS_R 40063404

Symbol: GPIO_PORTM_IS_R
   Definitions
      At line 59 in file lcd.s
   Uses
      None
Comment: GPIO_PORTM_IS_R unused
GPIO_PORTM_LOCK_R 40063520

Symbol: GPIO_PORTM_LOCK_R
   Definitions
      At line 75 in file lcd.s
   Uses
      None
Comment: GPIO_PORTM_LOCK_R unused
GPIO_PORTM_MIS_R 40063418

Symbol: GPIO_PORTM_MIS_R
   Definitions
      At line 64 in file lcd.s
   Uses
      None
Comment: GPIO_PORTM_MIS_R unused
GPIO_PORTM_ODR_R 4006350C

Symbol: GPIO_PORTM_ODR_R
   Definitions
      At line 70 in file lcd.s
   Uses
      None
Comment: GPIO_PORTM_ODR_R unused
GPIO_PORTM_PCTL_R 4006352C

Symbol: GPIO_PORTM_PCTL_R
   Definitions
      At line 78 in file lcd.s
   Uses
      At line 143 in file lcd.s
Comment: GPIO_PORTM_PCTL_R used once
GPIO_PORTM_PC_R 40063FC4

Symbol: GPIO_PORTM_PC_R
   Definitions
      At line 87 in file lcd.s
   Uses
      None
Comment: GPIO_PORTM_PC_R unused
GPIO_PORTM_PDR_R 40063514

Symbol: GPIO_PORTM_PDR_R
   Definitions
      At line 72 in file lcd.s
   Uses
      None
Comment: GPIO_PORTM_PDR_R unused
GPIO_PORTM_PP_R 40063FC0




ARM Macro Assembler    Page 9 Alphabetic symbol ordering
Absolute symbols

Symbol: GPIO_PORTM_PP_R
   Definitions
      At line 86 in file lcd.s
   Uses
      None
Comment: GPIO_PORTM_PP_R unused
GPIO_PORTM_PUR_R 40063510

Symbol: GPIO_PORTM_PUR_R
   Definitions
      At line 71 in file lcd.s
   Uses
      None
Comment: GPIO_PORTM_PUR_R unused
GPIO_PORTM_RIS_R 40063414

Symbol: GPIO_PORTM_RIS_R
   Definitions
      At line 63 in file lcd.s
   Uses
      None
Comment: GPIO_PORTM_RIS_R unused
GPIO_PORTM_SI_R 40063538

Symbol: GPIO_PORTM_SI_R
   Definitions
      At line 81 in file lcd.s
   Uses
      None
Comment: GPIO_PORTM_SI_R unused
GPIO_PORTM_SLR_R 40063518

Symbol: GPIO_PORTM_SLR_R
   Definitions
      At line 73 in file lcd.s
   Uses
      None
Comment: GPIO_PORTM_SLR_R unused
GPIO_PORTM_WAKELVL_R 40063544

Symbol: GPIO_PORTM_WAKELVL_R
   Definitions
      At line 84 in file lcd.s
   Uses
      None
Comment: GPIO_PORTM_WAKELVL_R unused
GPIO_PORTM_WAKEPEN_R 40063540

Symbol: GPIO_PORTM_WAKEPEN_R
   Definitions
      At line 83 in file lcd.s
   Uses
      None
Comment: GPIO_PORTM_WAKEPEN_R unused
GPIO_PORTM_WAKESTAT_R 40063548

Symbol: GPIO_PORTM_WAKESTAT_R
   Definitions
      At line 85 in file lcd.s



ARM Macro Assembler    Page 10 Alphabetic symbol ordering
Absolute symbols

   Uses
      None
Comment: GPIO_PORTM_WAKESTAT_R unused
SYSCTL_PRGPIO_R 400FEA08

Symbol: SYSCTL_PRGPIO_R
   Definitions
      At line 16 in file lcd.s
   Uses
      At line 117 in file lcd.s
Comment: SYSCTL_PRGPIO_R used once
SYSCTL_RCGCGPIO_R 400FE608

Symbol: SYSCTL_RCGCGPIO_R
   Definitions
      At line 15 in file lcd.s
   Uses
      At line 110 in file lcd.s
Comment: SYSCTL_RCGCGPIO_R used once
68 symbols



ARM Macro Assembler    Page 1 Alphabetic symbol ordering
External symbols

SysTick_Wait1us 00000000

Symbol: SysTick_Wait1us
   Definitions
      At line 102 in file lcd.s
   Uses
      At line 205 in file lcd.s
      At line 216 in file lcd.s
      At line 228 in file lcd.s
      At line 252 in file lcd.s
      At line 276 in file lcd.s
      At line 306 in file lcd.s
      At line 317 in file lcd.s

1 symbol
415 symbols in table
