


ARM Macro Assembler    Page 1 


    1 00000000         ;interrupt.s
    2 00000000         ; - configura SW1 e SW2 da placa EK-TM4C1294XL
    3 00000000         ; - habilita interrupcoes de SW1 e SW2 da placa EK-TM4C1
                       294XL
    4 00000000         
    5 00000000         ; ------------------------------------------------------
                       -------------------------
    6 00000000                 THUMB                        ; instrucoes do tip
                                                            o Thumb-2
    7 00000000         ; ------------------------------------------------------
                       -------------------------
    8 00000000         ; Declaracoes EQU - Defines
    9 00000000         ; ========================
   10 00000000         ; Definicoes dos Registradores Gerais
   11 00000000 400FE608 
                       SYSCTL_RCGCGPIO_R
                               EQU              0x400FE608
   12 00000000 400FEA08 
                       SYSCTL_PRGPIO_R
                               EQU              0x400FEA08
   13 00000000 E000E104 
                       NVIC_EN1_R
                               EQU              0xE000E104  ;registrador de fon
                                                            tes de interrupcao 
                                                            de 32 a 63
   14 00000000 E000E430 
                       NVIC_PRI12_R
                               EQU              0xE000E430  ;registrador de pri
                                                            oridades para fonte
                                                             de interrupcao de 
                                                            48 a 51
   15 00000000         
   16 00000000         ; ========================
   17 00000000         ; Definicoes dos Ports
   18 00000000         
   19 00000000         ; PORT J
   20 00000000 00000100 
                       GPIO_PORTJ
                               EQU              2_000000100000000
   21 00000000 40060520 
                       GPIO_PORTJ_AHB_LOCK_R
                               EQU              0x40060520
   22 00000000 40060524 
                       GPIO_PORTJ_AHB_CR_R
                               EQU              0x40060524
   23 00000000 40060528 
                       GPIO_PORTJ_AHB_AMSEL_R
                               EQU              0x40060528
   24 00000000 4006052C 
                       GPIO_PORTJ_AHB_PCTL_R
                               EQU              0x4006052C
   25 00000000 40060400 
                       GPIO_PORTJ_AHB_DIR_R
                               EQU              0x40060400
   26 00000000 40060420 
                       GPIO_PORTJ_AHB_AFSEL_R
                               EQU              0x40060420
   27 00000000 4006051C 
                       GPIO_PORTJ_AHB_DEN_R



ARM Macro Assembler    Page 2 


                               EQU              0x4006051C
   28 00000000 40060510 
                       GPIO_PORTJ_AHB_PUR_R
                               EQU              0x40060510
   29 00000000 400603FC 
                       GPIO_PORTJ_AHB_DATA_R
                               EQU              0x400603FC
   30 00000000 40060410 
                       GPIO_PORTJ_AHB_IM_R
                               EQU              0x40060410
   31 00000000 40060404 
                       GPIO_PORTJ_AHB_IS_R
                               EQU              0x40060404
   32 00000000 40060408 
                       GPIO_PORTJ_AHB_IBE_R
                               EQU              0x40060408
   33 00000000 4006040C 
                       GPIO_PORTJ_AHB_IEV_R
                               EQU              0x4006040C
   34 00000000 4006041C 
                       GPIO_PORTJ_AHB_ICR_R
                               EQU              0x4006041C
   35 00000000 40060414 
                       GPIO_PORTJ_AHB_RIS_R
                               EQU              0x40060414
   36 00000000         
   37 00000000         ; ------------------------------------------------------
                       -------------------------
   38 00000000         ; Area de Codigo - Tudo abaixo da diretiva a seguir sera
                        armazenado na memoria de 
   39 00000000         ; codigo
   40 00000000                 AREA             |.text|, CODE, READONLY, ALIGN=
2
   41 00000000         
   42 00000000         ; Se alguma funcao do arquivo for chamada em outro arqui
                       vo 
   43 00000000                 EXPORT           SW1_SW2_init
   44 00000000         
   45 00000000                 IMPORT           IS_LOCKED
   46 00000000         
   47 00000000         ;-------------------------------------------------------
                       -------------------------
   48 00000000         ; Funcao SW1_SW2_init
   49 00000000         ; Parametro de entrada: Nao tem
   50 00000000         ; Parametro de saida: Nao tem
   51 00000000         SW1_SW2_init
   52 00000000         ;=====================
   53 00000000         ; 1. Ativar o clock para a porta setando o bit correspon
                       dente no registrador RCGCGPIO,
   54 00000000 4844            LDR              R0, =SYSCTL_RCGCGPIO_R
   55 00000002 6801            LDR              R1, [R0]
   56 00000004 F441 7180       ORR              R1, #GPIO_PORTJ ;ativa port J
   57 00000008 6001            STR              R1, [R0]
   58 0000000A         
   59 0000000A         ; verificar no PRGPIO se a porta está pronta para uso.
   60 0000000A 4843            LDR              R0, =SYSCTL_PRGPIO_R
   61 0000000C         Espera_Porta
   62 0000000C 6801            LDR              R1, [R0]    ;carrega informacao
                                                             do PRGPIO_R



ARM Macro Assembler    Page 3 


   63 0000000E F44F 7280       MOV              R2, #GPIO_PORTJ ;seleciona o bi
                                                            t da porta J
   64 00000012 EA01 0102       AND              R1, R1, R2  ;seleciona apenas o
                                                            s bits das portas r
                                                            eferentes
   65 00000016 4211            TST              R1, R2      ;compara se os bits
                                                             estao iguais
   66 00000018 D0F8            BEQ              Espera_Porta
   67 0000001A         
   68 0000001A         ; 2. Limpar o AMSEL para desabilitar a analógica
   69 0000001A 4840            LDR              R0, =GPIO_PORTJ_AHB_AMSEL_R ;Ca
                                                            rrega o R0 com o en
                                                            dereço do AMSEL par
                                                            a a porta J
   70 0000001C 6801            LDR              R1, [R0]
   71 0000001E F021 0101       BIC              R1, #2_1    ;PJ0_AMSEL = 0: SW1
                                                             desabilitado porta
                                                             analogica 
   72 00000022 F021 0102       BIC              R1, #2_10   ;PJ1_AMSEL = 0: SW2
                                                             desabilitado porta
                                                             analogica
   73 00000026 6001            STR              R1, [R0]
   74 00000028         
   75 00000028         ; 3. Limpar PCTL para selecionar o GPIO
   76 00000028 483D            LDR              R0, =GPIO_PORTJ_AHB_PCTL_R ;Car
                                                            rega o R0 com o end
                                                            ereço do PCTL para 
                                                            a porta J
   77 0000002A 6801            LDR              R1, [R0]
   78 0000002C F021 0101       BIC              R1, #2_1    ;PJ0_PCTL = 0: SW1 
                                                            modo GPIO
   79 00000030 F021 0102       BIC              R1, #2_10   ;PJ1_PCTL = 0: SW2 
                                                            modo GPIO
   80 00000034 6001            STR              R1, [R0]
   81 00000036         
   82 00000036         ; 4. DIR para 0: input (BIC), 1: output (ORR)
   83 00000036 483B            LDR              R0, =GPIO_PORTJ_AHB_DIR_R
   84 00000038 6801            LDR              R1, [R0]
   85 0000003A F021 0101       BIC              R1, #2_1    ;PJ0_DIR = 0: SW1 i
                                                            nput
   86 0000003E F021 0102       BIC              R1, #2_10   ;PJ1_DIR = 0: SW2 i
                                                            nput
   87 00000042 6001            STR              R1, [R0]
   88 00000044         
   89 00000044         ; 5. Limpar os bits AFSEL para 0 para selecionar GPIO se
                       m funcao alternativa
   90 00000044 4838            LDR              R0, =GPIO_PORTJ_AHB_AFSEL_R ;Ca
                                                            rrega o endereço do
                                                             AFSEL da porta J
   91 00000046 6801            LDR              R1, [R0]
   92 00000048 F021 0101       BIC              R1, #2_1    ;PJ0_AFSEL = 0: SW1
                                                             sem funcao alterna
                                                            tiva
   93 0000004C F021 0102       BIC              R1, #2_10   ;PJ1_AFSEL = 0: SW2
                                                             sem funcao alterna
                                                            tiva
   94 00000050 6001            STR              R1, [R0]
   95 00000052         
   96 00000052         ; 6. Setar os bits de DEN para habilitar I/O digital



ARM Macro Assembler    Page 4 


   97 00000052 4836            LDR              R0, =GPIO_PORTJ_AHB_DEN_R
   98 00000054 6801            LDR              R1, [R0]
   99 00000056 F041 0101       ORR              R1, #2_1    ;PJ0_DEN = 1: SW1 m
                                                            odo I/O digital
  100 0000005A F041 0102       ORR              R1, #2_10   ;PJ1_DEN = 1: SW2 m
                                                            odo I/O digital
  101 0000005E 6001            STR              R1, [R0]
  102 00000060         
  103 00000060         ; 7. Para habilitar resistor de pull-up interno, setar P
                       UR para 1
  104 00000060 4833            LDR              R0, =GPIO_PORTJ_AHB_PUR_R
  105 00000062 6801            LDR              R1, [R0]
  106 00000064 F041 0101       ORR              R1, #2_1    ;PJ0_PUR = 1: SW1 c
                                                            om resistor de pull
                                                            -up interno
  107 00000068 F041 0102       ORR              R1, #2_10   ;PJ1_PUR = 1: SW2 c
                                                            om resistor de pull
                                                            -up interno
  108 0000006C 6001            STR              R1, [R0]
  109 0000006E         
  110 0000006E         ; configura interrupcoes
  111 0000006E B500            PUSH             {LR}
  112 00000070 F000 F803       BL               interrupt_config
  113 00000074 F85D EB04       POP              {LR}
  114 00000078         
  115 00000078 4770            BX               LR          ;return
  116 0000007A         
  117 0000007A         ;-------------------------------------------------------
                       -------------------------
  118 0000007A         ; Funcao interrupt_config
  119 0000007A         ; Parametro de entrada: Nao tem
  120 0000007A         ; Parametro de saida: Nao tem
  121 0000007A         interrupt_config
  122 0000007A         
  123 0000007A         ;desabilita as interrupcoes do port J (0:disable, 1:enab
                       le)
  124 0000007A 482E            LDR              R0, =GPIO_PORTJ_AHB_IM_R
  125 0000007C 6801            LDR              R1, [R0]
  126 0000007E F021 0101       BIC              R1, #2_01   ;PJ0_AHB_IM = 0: de
                                                            sabilita interrupco
                                                            es de SW1
  127 00000082 F021 0102       BIC              R1, #2_10   ;PJ1_AHB_IM = 0: de
                                                            sabilita interrupco
                                                            es de SW2
  128 00000086 6001            STR              R1, [R0]
  129 00000088         
  130 00000088         ; configura interrupcao como borda
  131 00000088 482B            LDR              R0, =GPIO_PORTJ_AHB_IS_R
  132 0000008A 6801            LDR              R1, [R0]
  133 0000008C F021 0101       BIC              R1, #2_01   ;PJ0_IS = 0: interr
                                                            upcao de SW1 por bo
                                                            rda
  134 00000090 F021 0102       BIC              R1, #2_10   ;PJ1_IS = 0: interr
                                                            upcao de SW2 por bo
                                                            rda
  135 00000094 6001            STR              R1, [R0]
  136 00000096         
  137 00000096         ; configura interrupcao borda unica
  138 00000096 4829            LDR              R0, =GPIO_PORTJ_AHB_IBE_R



ARM Macro Assembler    Page 5 


  139 00000098 6801            LDR              R1, [R0]
  140 0000009A F021 0101       BIC              R1, #2_01   ;PJ0_IBE = 0: inter
                                                            rupcao de SW1 por b
                                                            orda unica
  141 0000009E F021 0102       BIC              R1, #2_10   ;PJ1_IBE = 0: inter
                                                            rupcao de SW2 por b
                                                            orda unica
  142 000000A2 6001            STR              R1, [R0]
  143 000000A4         
  144 000000A4         ;Configurar borda de descida para J0 e borda de subida p
                       ara J1 no registrador GPIOIEV
  145 000000A4 4826            LDR              R0, =GPIO_PORTJ_AHB_IEV_R
  146 000000A6 6801            LDR              R1, [R0]
  147 000000A8 F021 0101       BIC              R1, #2_01   ;PJ0_IEV = 0: inter
                                                            rupcao de SW1 por b
                                                            orda de descida
  148 000000AC F041 0102       ORR              R1, #2_10   ;PJ1_IEV = 1: inter
                                                            rupcao de SW2 por b
                                                            orda de subida
  149 000000B0 6001            STR              R1, [R0]
  150 000000B2         
  151 000000B2         ;Seta os bits para garantir que a interrupcao sera atend
                       ida limpando o 
  152 000000B2         ; GPIORIS e GPIOMIS, realizando o ACK no registrador
  153 000000B2         ; GPIOICR para ambos os pinos.
  154 000000B2 4824            LDR              R0, =GPIO_PORTJ_AHB_ICR_R
  155 000000B4 6801            LDR              R1, [R0]
  156 000000B6 F041 0101       ORR              R1, #2_01   ;PJ0_ICR = 1: concl
                                                            ui interrupcao para
                                                             SW1 (possibilita n
                                                            ova interrupcao)
  157 000000BA F041 0102       ORR              R1, #2_10   ;PJ1_ICR = 1: concl
                                                            ui interrupcao para
                                                             SW2 (possibilita n
                                                            ova interrupcao)
  158 000000BE 6001            STR              R1, [R0]
  159 000000C0         
  160 000000C0         ; reabilita as interrupcoes do port J  (0:disable, 1:ena
                       ble)
  161 000000C0 481C            LDR              R0, =GPIO_PORTJ_AHB_IM_R
  162 000000C2 6801            LDR              R1, [R0]
  163 000000C4 F041 0101       ORR              R1, #2_01   ;PJ0_IM = 1: habili
                                                            ta interrupcoes de 
                                                            SW1
  164 000000C8 F041 0102       ORR              R1, #2_10   ;PJ1_IM = 1: habili
                                                            ta interrupcoes de 
                                                            SW2
  165 000000CC 6001            STR              R1, [R0]
  166 000000CE         
  167 000000CE         ; ativar a fonte geral de interrupcoes no NVIC
  168 000000CE 481E            LDR              R0, =NVIC_EN1_R ;numero da inte
                                                            rrupcao do port J: 
                                                            51 (Tabela 2-9 pg 1
                                                            16 datasheet)
  169 000000D0 6801            LDR              R1, [R0]
  170 000000D2 F04F 0201       MOV              R2, #2_1
  171 000000D6 EA4F 42C2       LSL              R2, #19     ;numero 51 -> bit 1
                                                            9 do port J
  172 000000DA EA41 0102       ORR              R1, R1, R2  ;NVIC_EN1: bit 19 =



ARM Macro Assembler    Page 6 


                                                             1
  173 000000DE 6001            STR              R1, [R0]
  174 000000E0         
  175 000000E0         ; define a prioridade da fonte de interrupcao
  176 000000E0 481A            LDR              R0, =NVIC_PRI12_R ; PRIX12: con
                                                            figura prioridade d
                                                            a interrupcao do nu
                                                            mero 48 (1a posicao
                                                            ) a 51 (4a posicao)
                                                            
  177 000000E2 6801            LDR              R1, [R0]
  178 000000E4 F04F 0207       MOV              R2, #2_111
  179 000000E8 EA4F 7242       LSL              R2, #29
  180 000000EC EA21 0102       BIC              R1, R2      ;limpa bits 29, 30 
                                                            e 31 do reg PRI12
  181 000000F0 F04F 0305       MOV              R3, #5      ;define a prioridad
                                                            e
  182 000000F4 EA4F 7343       LSL              R3, #29     ;4a posicao do reg 
                                                            PRI12
  183 000000F8 EA41 0103       ORR              R1, R1, R3  ;escreve os bits 29
                                                            , 30 e 31 do reg PR
                                                            I12
  184 000000FC 6001            STR              R1, [R0]
  185 000000FE         
  186 000000FE 4770            BX               LR          ;retorno
  187 00000100         
  188 00000100         ; ------------------------------------------------------
                       -------------------------
  189 00000100         ; Função GPIOPortJ_Handler (Tratamento de interrupcao da
                        PORT J)
  190 00000100         ; Parâmetro de entrada: Não tem
  191 00000100         ; Parâmetro de saída: nao tem
  192 00000100         GPIOPortJ_Handler
  193 00000100         ; destrava cofre
  194 00000100 4813            LDR              R0, =IS_LOCKED
  195 00000102 F04F 0100       MOV              R1, #0
  196 00000106 7001            STRB             R1, [R0]    ;escreve em 1 byte
  197 00000108         
  198 00000108         ; habilita novamente a interrupcao da port J (SW1 e SW2)
                       
  199 00000108 480E            LDR              R0, =GPIO_PORTJ_AHB_ICR_R
  200 0000010A 6801            LDR              R1, [R0]
  201 0000010C F041 0103       ORR              R1, #2_11
  202 00000110 6001            STR              R1, [R0]
  203 00000112         
  204 00000112 4770            BX               LR          ; return
  205 00000114         
  206 00000114         ; ------------------------------------------------------
                       -------------------------
  207 00000114         ; fim do arquivo
  208 00000114                 ALIGN                        ; garante que o fim
                                                             da secao esta alin
                                                            hada 
  209 00000114                 END                          ; fim do arquivo
              400FE608 
              400FEA08 
              40060528 
              4006052C 
              40060400 



ARM Macro Assembler    Page 7 


              40060420 
              4006051C 
              40060510 
              40060410 
              40060404 
              40060408 
              4006040C 
              4006041C 
              E000E104 
              E000E430 
              00000000 
Command Line: --debug --xref --diag_suppress=9931 --cpu=Cortex-M4.fp.sp --depen
d=.\objects\sw1_and_sw2_interrupt.d -o.\objects\sw1_and_sw2_interrupt.o -IC:\Us
ers\roger\AppData\Local\Arm\Packs\Keil\TM4C_DFP\1.1.0\Device\Include\TM4C129 --
predefine="__EVAL SETA 1" --predefine="__UVISION_VERSION SETA 536" --predefine=
"TM4C1294NCPDT SETA 1" --list=.\listings\sw1_and_sw2_interrupt.lst sw1_and_sw2_
interrupt.s



ARM Macro Assembler    Page 1 Alphabetic symbol ordering
Relocatable symbols

.text 00000000

Symbol: .text
   Definitions
      At line 40 in file sw1_and_sw2_interrupt.s
   Uses
      None
Comment: .text unused
Espera_Porta 0000000C

Symbol: Espera_Porta
   Definitions
      At line 61 in file sw1_and_sw2_interrupt.s
   Uses
      At line 66 in file sw1_and_sw2_interrupt.s
Comment: Espera_Porta used once
GPIOPortJ_Handler 00000100

Symbol: GPIOPortJ_Handler
   Definitions
      At line 192 in file sw1_and_sw2_interrupt.s
   Uses
      None
Comment: GPIOPortJ_Handler unused
SW1_SW2_init 00000000

Symbol: SW1_SW2_init
   Definitions
      At line 51 in file sw1_and_sw2_interrupt.s
   Uses
      At line 43 in file sw1_and_sw2_interrupt.s
Comment: SW1_SW2_init used once
interrupt_config 0000007A

Symbol: interrupt_config
   Definitions
      At line 121 in file sw1_and_sw2_interrupt.s
   Uses
      At line 112 in file sw1_and_sw2_interrupt.s
Comment: interrupt_config used once
5 symbols



ARM Macro Assembler    Page 1 Alphabetic symbol ordering
Absolute symbols

GPIO_PORTJ 00000100

Symbol: GPIO_PORTJ
   Definitions
      At line 20 in file sw1_and_sw2_interrupt.s
   Uses
      At line 56 in file sw1_and_sw2_interrupt.s
      At line 63 in file sw1_and_sw2_interrupt.s

GPIO_PORTJ_AHB_AFSEL_R 40060420

Symbol: GPIO_PORTJ_AHB_AFSEL_R
   Definitions
      At line 26 in file sw1_and_sw2_interrupt.s
   Uses
      At line 90 in file sw1_and_sw2_interrupt.s
Comment: GPIO_PORTJ_AHB_AFSEL_R used once
GPIO_PORTJ_AHB_AMSEL_R 40060528

Symbol: GPIO_PORTJ_AHB_AMSEL_R
   Definitions
      At line 23 in file sw1_and_sw2_interrupt.s
   Uses
      At line 69 in file sw1_and_sw2_interrupt.s
Comment: GPIO_PORTJ_AHB_AMSEL_R used once
GPIO_PORTJ_AHB_CR_R 40060524

Symbol: GPIO_PORTJ_AHB_CR_R
   Definitions
      At line 22 in file sw1_and_sw2_interrupt.s
   Uses
      None
Comment: GPIO_PORTJ_AHB_CR_R unused
GPIO_PORTJ_AHB_DATA_R 400603FC

Symbol: GPIO_PORTJ_AHB_DATA_R
   Definitions
      At line 29 in file sw1_and_sw2_interrupt.s
   Uses
      None
Comment: GPIO_PORTJ_AHB_DATA_R unused
GPIO_PORTJ_AHB_DEN_R 4006051C

Symbol: GPIO_PORTJ_AHB_DEN_R
   Definitions
      At line 27 in file sw1_and_sw2_interrupt.s
   Uses
      At line 97 in file sw1_and_sw2_interrupt.s
Comment: GPIO_PORTJ_AHB_DEN_R used once
GPIO_PORTJ_AHB_DIR_R 40060400

Symbol: GPIO_PORTJ_AHB_DIR_R
   Definitions
      At line 25 in file sw1_and_sw2_interrupt.s
   Uses
      At line 83 in file sw1_and_sw2_interrupt.s
Comment: GPIO_PORTJ_AHB_DIR_R used once
GPIO_PORTJ_AHB_IBE_R 40060408




ARM Macro Assembler    Page 2 Alphabetic symbol ordering
Absolute symbols

Symbol: GPIO_PORTJ_AHB_IBE_R
   Definitions
      At line 32 in file sw1_and_sw2_interrupt.s
   Uses
      At line 138 in file sw1_and_sw2_interrupt.s
Comment: GPIO_PORTJ_AHB_IBE_R used once
GPIO_PORTJ_AHB_ICR_R 4006041C

Symbol: GPIO_PORTJ_AHB_ICR_R
   Definitions
      At line 34 in file sw1_and_sw2_interrupt.s
   Uses
      At line 154 in file sw1_and_sw2_interrupt.s
      At line 199 in file sw1_and_sw2_interrupt.s

GPIO_PORTJ_AHB_IEV_R 4006040C

Symbol: GPIO_PORTJ_AHB_IEV_R
   Definitions
      At line 33 in file sw1_and_sw2_interrupt.s
   Uses
      At line 145 in file sw1_and_sw2_interrupt.s
Comment: GPIO_PORTJ_AHB_IEV_R used once
GPIO_PORTJ_AHB_IM_R 40060410

Symbol: GPIO_PORTJ_AHB_IM_R
   Definitions
      At line 30 in file sw1_and_sw2_interrupt.s
   Uses
      At line 124 in file sw1_and_sw2_interrupt.s
      At line 161 in file sw1_and_sw2_interrupt.s

GPIO_PORTJ_AHB_IS_R 40060404

Symbol: GPIO_PORTJ_AHB_IS_R
   Definitions
      At line 31 in file sw1_and_sw2_interrupt.s
   Uses
      At line 131 in file sw1_and_sw2_interrupt.s
Comment: GPIO_PORTJ_AHB_IS_R used once
GPIO_PORTJ_AHB_LOCK_R 40060520

Symbol: GPIO_PORTJ_AHB_LOCK_R
   Definitions
      At line 21 in file sw1_and_sw2_interrupt.s
   Uses
      None
Comment: GPIO_PORTJ_AHB_LOCK_R unused
GPIO_PORTJ_AHB_PCTL_R 4006052C

Symbol: GPIO_PORTJ_AHB_PCTL_R
   Definitions
      At line 24 in file sw1_and_sw2_interrupt.s
   Uses
      At line 76 in file sw1_and_sw2_interrupt.s
Comment: GPIO_PORTJ_AHB_PCTL_R used once
GPIO_PORTJ_AHB_PUR_R 40060510

Symbol: GPIO_PORTJ_AHB_PUR_R



ARM Macro Assembler    Page 3 Alphabetic symbol ordering
Absolute symbols

   Definitions
      At line 28 in file sw1_and_sw2_interrupt.s
   Uses
      At line 104 in file sw1_and_sw2_interrupt.s
Comment: GPIO_PORTJ_AHB_PUR_R used once
GPIO_PORTJ_AHB_RIS_R 40060414

Symbol: GPIO_PORTJ_AHB_RIS_R
   Definitions
      At line 35 in file sw1_and_sw2_interrupt.s
   Uses
      None
Comment: GPIO_PORTJ_AHB_RIS_R unused
NVIC_EN1_R E000E104

Symbol: NVIC_EN1_R
   Definitions
      At line 13 in file sw1_and_sw2_interrupt.s
   Uses
      At line 168 in file sw1_and_sw2_interrupt.s
Comment: NVIC_EN1_R used once
NVIC_PRI12_R E000E430

Symbol: NVIC_PRI12_R
   Definitions
      At line 14 in file sw1_and_sw2_interrupt.s
   Uses
      At line 176 in file sw1_and_sw2_interrupt.s
Comment: NVIC_PRI12_R used once
SYSCTL_PRGPIO_R 400FEA08

Symbol: SYSCTL_PRGPIO_R
   Definitions
      At line 12 in file sw1_and_sw2_interrupt.s
   Uses
      At line 60 in file sw1_and_sw2_interrupt.s
Comment: SYSCTL_PRGPIO_R used once
SYSCTL_RCGCGPIO_R 400FE608

Symbol: SYSCTL_RCGCGPIO_R
   Definitions
      At line 11 in file sw1_and_sw2_interrupt.s
   Uses
      At line 54 in file sw1_and_sw2_interrupt.s
Comment: SYSCTL_RCGCGPIO_R used once
20 symbols



ARM Macro Assembler    Page 1 Alphabetic symbol ordering
External symbols

IS_LOCKED 00000000

Symbol: IS_LOCKED
   Definitions
      At line 45 in file sw1_and_sw2_interrupt.s
   Uses
      At line 194 in file sw1_and_sw2_interrupt.s
Comment: IS_LOCKED used once
1 symbol
362 symbols in table
