


ARM Macro Assembler    Page 1 


    1 00000000         ;leds_and_displays.s
    2 00000000         ; Desenvolvido para a placa EK-TM4C1294XL
    3 00000000         
    4 00000000         ; ------------------------------------------------------
                       -------------------------
    5 00000000                 THUMB                        ; Instruções do tip
                                                            o Thumb-2
    6 00000000         ; ------------------------------------------------------
                       -------------------------
    7 00000000         ; Declarações EQU - Defines
    8 00000000         ; ========================
    9 00000000         ; Definições de Valores
   10 00000000 00000001 
                       BIT0    EQU              0x01
   11 00000000 00000002 
                       BIT1    EQU              0x02
   12 00000000 00000004 
                       BIT2    EQU              0x04
   13 00000000 00000008 
                       BIT3    EQU              0x08
   14 00000000 00000010 
                       BIT4    EQU              0x10
   15 00000000 00000020 
                       BIT5    EQU              0x20
   16 00000000 00000040 
                       BIT6    EQU              0x40
   17 00000000 00000080 
                       BIT7    EQU              0x80
   18 00000000         
   19 00000000 0000003F 
                       DISP_DIG_0
                               EQU              2_00111111
   20 00000000 00000006 
                       DISP_DIG_1
                               EQU              2_00000110
   21 00000000 0000005B 
                       DISP_DIG_2
                               EQU              2_01011011
   22 00000000 0000004F 
                       DISP_DIG_3
                               EQU              2_01001111
   23 00000000 00000066 
                       DISP_DIG_4
                               EQU              2_01100110
   24 00000000 0000006D 
                       DISP_DIG_5
                               EQU              2_01101101
   25 00000000 0000007D 
                       DISP_DIG_6
                               EQU              2_01111101
   26 00000000 00000007 
                       DISP_DIG_7
                               EQU              2_00000111
   27 00000000 0000007F 
                       DISP_DIG_8
                               EQU              2_01111111
   28 00000000 0000006F 
                       DISP_DIG_9
                               EQU              2_01101111



ARM Macro Assembler    Page 2 


   29 00000000 00000077 
                       DISP_DIG_A
                               EQU              2_01110111
   30 00000000 0000007C 
                       DISP_DIG_B
                               EQU              2_01111100
   31 00000000 00000039 
                       DISP_DIG_C
                               EQU              2_00111001
   32 00000000 0000005E 
                       DISP_DIG_D
                               EQU              2_01011110
   33 00000000 00000079 
                       DISP_DIG_E
                               EQU              2_01111001
   34 00000000 00000071 
                       DISP_DIG_F
                               EQU              2_01110001
   35 00000000         
   36 00000000         ; ========================
   37 00000000         ; Definições dos Registradores Gerais
   38 00000000 400FE608 
                       SYSCTL_RCGCGPIO_R
                               EQU              0x400FE608
   39 00000000 400FEA08 
                       SYSCTL_PRGPIO_R
                               EQU              0x400FEA08
   40 00000000         
   41 00000000         ; ========================
   42 00000000         ; Definições dos Ports
   43 00000000         
   44 00000000         ; PORT Q
   45 00000000 00000001 
                       GPIO_PORTA
                               EQU              2_000000000000001
   46 00000000 00000002 
                       GPIO_PORTB
                               EQU              2_000000000000010
   47 00000000 00000004 
                       GPIO_PORTC
                               EQU              2_000000000000100
   48 00000000 00000008 
                       GPIO_PORTD
                               EQU              2_000000000001000
   49 00000000 00000010 
                       GPIO_PORTE
                               EQU              2_000000000010000
   50 00000000 00000020 
                       GPIO_PORTF
                               EQU              2_000000000100000
   51 00000000 00000040 
                       GPIO_PORTG
                               EQU              2_000000001000000
   52 00000000 00000080 
                       GPIO_PORTH
                               EQU              2_000000010000000
   53 00000000 00000100 
                       GPIO_PORTJ
                               EQU              2_000000100000000



ARM Macro Assembler    Page 3 


   54 00000000 00000200 
                       GPIO_PORTK
                               EQU              2_000001000000000
   55 00000000 00000400 
                       GPIO_PORTL
                               EQU              2_000010000000000
   56 00000000 00000800 
                       GPIO_PORTM
                               EQU              2_000100000000000
   57 00000000 00001000 
                       GPIO_PORTN
                               EQU              2_001000000000000
   58 00000000 00002000 
                       GPIO_PORTP
                               EQU              2_010000000000000
   59 00000000 00004000 
                       GPIO_PORTQ
                               EQU              2_100000000000000
   60 00000000         
   61 00000000         ; PORT A
   62 00000000 40058000 
                       GPIO_PORTA_DATA_BITS_R
                               EQU              0x40058000
   63 00000000 400583FC 
                       GPIO_PORTA_DATA_R
                               EQU              0x400583FC
   64 00000000 40058400 
                       GPIO_PORTA_DIR_R
                               EQU              0x40058400
   65 00000000 40058404 
                       GPIO_PORTA_IS_R
                               EQU              0x40058404
   66 00000000 40058408 
                       GPIO_PORTA_IBE_R
                               EQU              0x40058408
   67 00000000 4005840C 
                       GPIO_PORTA_IEV_R
                               EQU              0x4005840C
   68 00000000 40058410 
                       GPIO_PORTA_IM_R
                               EQU              0x40058410
   69 00000000 40058414 
                       GPIO_PORTA_RIS_R
                               EQU              0x40058414
   70 00000000 40058418 
                       GPIO_PORTA_MIS_R
                               EQU              0x40058418
   71 00000000 4005841C 
                       GPIO_PORTA_ICR_R
                               EQU              0x4005841C
   72 00000000 40058420 
                       GPIO_PORTA_AFSEL_R
                               EQU              0x40058420
   73 00000000 40058500 
                       GPIO_PORTA_DR2R_R
                               EQU              0x40058500
   74 00000000 40058504 
                       GPIO_PORTA_DR4R_R
                               EQU              0x40058504



ARM Macro Assembler    Page 4 


   75 00000000 40058508 
                       GPIO_PORTA_DR8R_R
                               EQU              0x40058508
   76 00000000 4005850C 
                       GPIO_PORTA_ODR_R
                               EQU              0x4005850C
   77 00000000 40058510 
                       GPIO_PORTA_PUR_R
                               EQU              0x40058510
   78 00000000 40058514 
                       GPIO_PORTA_PDR_R
                               EQU              0x40058514
   79 00000000 40058518 
                       GPIO_PORTA_SLR_R
                               EQU              0x40058518
   80 00000000 4005851C 
                       GPIO_PORTA_DEN_R
                               EQU              0x4005851C
   81 00000000 40058520 
                       GPIO_PORTA_LOCK_R
                               EQU              0x40058520
   82 00000000 40058524 
                       GPIO_PORTA_CR_R
                               EQU              0x40058524
   83 00000000 40058528 
                       GPIO_PORTA_AMSEL_R
                               EQU              0x40058528
   84 00000000 4005852C 
                       GPIO_PORTA_PCTL_R
                               EQU              0x4005852C
   85 00000000 40058530 
                       GPIO_PORTA_ADCCTL_R
                               EQU              0x40058530
   86 00000000 40058534 
                       GPIO_PORTA_DMACTL_R
                               EQU              0x40058534
   87 00000000 40058538 
                       GPIO_PORTA_SI_R
                               EQU              0x40058538
   88 00000000 4005853C 
                       GPIO_PORTA_DR12R_R
                               EQU              0x4005853C
   89 00000000 40058540 
                       GPIO_PORTA_WAKEPEN_R
                               EQU              0x40058540
   90 00000000 40058544 
                       GPIO_PORTA_WAKELVL_R
                               EQU              0x40058544
   91 00000000 40058548 
                       GPIO_PORTA_WAKESTAT_R
                               EQU              0x40058548
   92 00000000 40058FC0 
                       GPIO_PORTA_PP_R
                               EQU              0x40058FC0
   93 00000000 40058FC4 
                       GPIO_PORTA_PC_R
                               EQU              0x40058FC4
   94 00000000         
   95 00000000         ; PORT B



ARM Macro Assembler    Page 5 


   96 00000000 40059000 
                       GPIO_PORTB_DATA_BITS_R
                               EQU              0x40059000
   97 00000000 400593FC 
                       GPIO_PORTB_DATA_R
                               EQU              0x400593FC
   98 00000000 40059400 
                       GPIO_PORTB_DIR_R
                               EQU              0x40059400
   99 00000000 40059404 
                       GPIO_PORTB_IS_R
                               EQU              0x40059404
  100 00000000 40059408 
                       GPIO_PORTB_IBE_R
                               EQU              0x40059408
  101 00000000 4005940C 
                       GPIO_PORTB_IEV_R
                               EQU              0x4005940C
  102 00000000 40059410 
                       GPIO_PORTB_IM_R
                               EQU              0x40059410
  103 00000000 40059414 
                       GPIO_PORTB_RIS_R
                               EQU              0x40059414
  104 00000000 40059418 
                       GPIO_PORTB_MIS_R
                               EQU              0x40059418
  105 00000000 4005941C 
                       GPIO_PORTB_ICR_R
                               EQU              0x4005941C
  106 00000000 40059420 
                       GPIO_PORTB_AFSEL_R
                               EQU              0x40059420
  107 00000000 40059500 
                       GPIO_PORTB_DR2R_R
                               EQU              0x40059500
  108 00000000 40059504 
                       GPIO_PORTB_DR4R_R
                               EQU              0x40059504
  109 00000000 40059508 
                       GPIO_PORTB_DR8R_R
                               EQU              0x40059508
  110 00000000 4005950C 
                       GPIO_PORTB_ODR_R
                               EQU              0x4005950C
  111 00000000 40059510 
                       GPIO_PORTB_PUR_R
                               EQU              0x40059510
  112 00000000 40059514 
                       GPIO_PORTB_PDR_R
                               EQU              0x40059514
  113 00000000 40059518 
                       GPIO_PORTB_SLR_R
                               EQU              0x40059518
  114 00000000 4005951C 
                       GPIO_PORTB_DEN_R
                               EQU              0x4005951C
  115 00000000 40059520 
                       GPIO_PORTB_LOCK_R



ARM Macro Assembler    Page 6 


                               EQU              0x40059520
  116 00000000 40059524 
                       GPIO_PORTB_CR_R
                               EQU              0x40059524
  117 00000000 40059528 
                       GPIO_PORTB_AMSEL_R
                               EQU              0x40059528
  118 00000000 4005952C 
                       GPIO_PORTB_PCTL_R
                               EQU              0x4005952C
  119 00000000 40059530 
                       GPIO_PORTB_ADCCTL_R
                               EQU              0x40059530
  120 00000000 40059534 
                       GPIO_PORTB_DMACTL_R
                               EQU              0x40059534
  121 00000000 40059538 
                       GPIO_PORTB_SI_R
                               EQU              0x40059538
  122 00000000 4005953C 
                       GPIO_PORTB_DR12R_R
                               EQU              0x4005953C
  123 00000000 40059540 
                       GPIO_PORTB_WAKEPEN_R
                               EQU              0x40059540
  124 00000000 40059544 
                       GPIO_PORTB_WAKELVL_R
                               EQU              0x40059544
  125 00000000 40059548 
                       GPIO_PORTB_WAKESTAT_R
                               EQU              0x40059548
  126 00000000 40059FC0 
                       GPIO_PORTB_PP_R
                               EQU              0x40059FC0
  127 00000000 40059FC4 
                       GPIO_PORTB_PC_R
                               EQU              0x40059FC4
  128 00000000         
  129 00000000         ; PORT P
  130 00000000 40065000 
                       GPIO_PORTP_DATA_BITS_R
                               EQU              0x40065000
  131 00000000 400653FC 
                       GPIO_PORTP_DATA_R
                               EQU              0x400653FC
  132 00000000 40065400 
                       GPIO_PORTP_DIR_R
                               EQU              0x40065400
  133 00000000 40065404 
                       GPIO_PORTP_IS_R
                               EQU              0x40065404
  134 00000000 40065408 
                       GPIO_PORTP_IBE_R
                               EQU              0x40065408
  135 00000000 4006540C 
                       GPIO_PORTP_IEV_R
                               EQU              0x4006540C
  136 00000000 40065410 
                       GPIO_PORTP_IM_R



ARM Macro Assembler    Page 7 


                               EQU              0x40065410
  137 00000000 40065414 
                       GPIO_PORTP_RIS_R
                               EQU              0x40065414
  138 00000000 40065418 
                       GPIO_PORTP_MIS_R
                               EQU              0x40065418
  139 00000000 4006541C 
                       GPIO_PORTP_ICR_R
                               EQU              0x4006541C
  140 00000000 40065420 
                       GPIO_PORTP_AFSEL_R
                               EQU              0x40065420
  141 00000000 40065500 
                       GPIO_PORTP_DR2R_R
                               EQU              0x40065500
  142 00000000 40065504 
                       GPIO_PORTP_DR4R_R
                               EQU              0x40065504
  143 00000000 40065508 
                       GPIO_PORTP_DR8R_R
                               EQU              0x40065508
  144 00000000 4006550C 
                       GPIO_PORTP_ODR_R
                               EQU              0x4006550C
  145 00000000 40065510 
                       GPIO_PORTP_PUR_R
                               EQU              0x40065510
  146 00000000 40065514 
                       GPIO_PORTP_PDR_R
                               EQU              0x40065514
  147 00000000 40065518 
                       GPIO_PORTP_SLR_R
                               EQU              0x40065518
  148 00000000 4006551C 
                       GPIO_PORTP_DEN_R
                               EQU              0x4006551C
  149 00000000 40065520 
                       GPIO_PORTP_LOCK_R
                               EQU              0x40065520
  150 00000000 40065524 
                       GPIO_PORTP_CR_R
                               EQU              0x40065524
  151 00000000 40065528 
                       GPIO_PORTP_AMSEL_R
                               EQU              0x40065528
  152 00000000 4006552C 
                       GPIO_PORTP_PCTL_R
                               EQU              0x4006552C
  153 00000000 40065530 
                       GPIO_PORTP_ADCCTL_R
                               EQU              0x40065530
  154 00000000 40065534 
                       GPIO_PORTP_DMACTL_R
                               EQU              0x40065534
  155 00000000 40065538 
                       GPIO_PORTP_SI_R
                               EQU              0x40065538
  156 00000000 4006553C 



ARM Macro Assembler    Page 8 


                       GPIO_PORTP_DR12R_R
                               EQU              0x4006553C
  157 00000000 40065540 
                       GPIO_PORTP_WAKEPEN_R
                               EQU              0x40065540
  158 00000000 40065544 
                       GPIO_PORTP_WAKELVL_R
                               EQU              0x40065544
  159 00000000 40065548 
                       GPIO_PORTP_WAKESTAT_R
                               EQU              0x40065548
  160 00000000 40065FC0 
                       GPIO_PORTP_PP_R
                               EQU              0x40065FC0
  161 00000000 40065FC4 
                       GPIO_PORTP_PC_R
                               EQU              0x40065FC4
  162 00000000         
  163 00000000         ; PORT Q
  164 00000000 40066000 
                       GPIO_PORTQ_DATA_BITS_R
                               EQU              0x40066000
  165 00000000 400663FC 
                       GPIO_PORTQ_DATA_R
                               EQU              0x400663FC
  166 00000000 40066400 
                       GPIO_PORTQ_DIR_R
                               EQU              0x40066400
  167 00000000 40066404 
                       GPIO_PORTQ_IS_R
                               EQU              0x40066404
  168 00000000 40066408 
                       GPIO_PORTQ_IBE_R
                               EQU              0x40066408
  169 00000000 4006640C 
                       GPIO_PORTQ_IEV_R
                               EQU              0x4006640C
  170 00000000 40066410 
                       GPIO_PORTQ_IM_R
                               EQU              0x40066410
  171 00000000 40066414 
                       GPIO_PORTQ_RIS_R
                               EQU              0x40066414
  172 00000000 40066418 
                       GPIO_PORTQ_MIS_R
                               EQU              0x40066418
  173 00000000 4006641C 
                       GPIO_PORTQ_ICR_R
                               EQU              0x4006641C
  174 00000000 40066420 
                       GPIO_PORTQ_AFSEL_R
                               EQU              0x40066420
  175 00000000 40066500 
                       GPIO_PORTQ_DR2R_R
                               EQU              0x40066500
  176 00000000 40066504 
                       GPIO_PORTQ_DR4R_R
                               EQU              0x40066504
  177 00000000 40066508 



ARM Macro Assembler    Page 9 


                       GPIO_PORTQ_DR8R_R
                               EQU              0x40066508
  178 00000000 4006650C 
                       GPIO_PORTQ_ODR_R
                               EQU              0x4006650C
  179 00000000 40066510 
                       GPIO_PORTQ_PUR_R
                               EQU              0x40066510
  180 00000000 40066514 
                       GPIO_PORTQ_PDR_R
                               EQU              0x40066514
  181 00000000 40066518 
                       GPIO_PORTQ_SLR_R
                               EQU              0x40066518
  182 00000000 4006651C 
                       GPIO_PORTQ_DEN_R
                               EQU              0x4006651C
  183 00000000 40066520 
                       GPIO_PORTQ_LOCK_R
                               EQU              0x40066520
  184 00000000 40066524 
                       GPIO_PORTQ_CR_R
                               EQU              0x40066524
  185 00000000 40066528 
                       GPIO_PORTQ_AMSEL_R
                               EQU              0x40066528
  186 00000000 4006652C 
                       GPIO_PORTQ_PCTL_R
                               EQU              0x4006652C
  187 00000000 40066530 
                       GPIO_PORTQ_ADCCTL_R
                               EQU              0x40066530
  188 00000000 40066534 
                       GPIO_PORTQ_DMACTL_R
                               EQU              0x40066534
  189 00000000 40066538 
                       GPIO_PORTQ_SI_R
                               EQU              0x40066538
  190 00000000 4006653C 
                       GPIO_PORTQ_DR12R_R
                               EQU              0x4006653C
  191 00000000 40066540 
                       GPIO_PORTQ_WAKEPEN_R
                               EQU              0x40066540
  192 00000000 40066544 
                       GPIO_PORTQ_WAKELVL_R
                               EQU              0x40066544
  193 00000000 40066548 
                       GPIO_PORTQ_WAKESTAT_R
                               EQU              0x40066548
  194 00000000 40066FC0 
                       GPIO_PORTQ_PP_R
                               EQU              0x40066FC0
  195 00000000 40066FC4 
                       GPIO_PORTQ_PC_R
                               EQU              0x40066FC4
  196 00000000         
  197 00000000         ; ------------------------------------------------------
                       -------------------------



ARM Macro Assembler    Page 10 


  198 00000000         ; Area de Codigo - Tudo abaixo da diretiva a seguir sera
                        armazenado na memoria de 
  199 00000000         ; codigo
  200 00000000                 AREA             |.text|, CODE, READONLY, ALIGN=
2
  201 00000000         
  202 00000000         ; Se alguma funcao do arquivo for chamada em outro arqui
                       vo 
  203 00000000                 EXPORT           LEDS_AND_DISPLAYS_init
  204 00000000                 EXPORT           select_leds
  205 00000000                 EXPORT           select_dig_DS
  206 00000000                 EXPORT           turn_leds_ON
  207 00000000                 EXPORT           turn_DS1_ON
  208 00000000                 EXPORT           turn_DS2_ON
  209 00000000         
  210 00000000                 IMPORT           SysTick_Wait1us
  211 00000000                 IMPORT           SysTick_Wait1ms
  212 00000000         
  213 00000000         ;-------------------------------------------------------
                       -------------------------
  214 00000000         ; Funcao MKBOARD_init
  215 00000000         ; Parametro de entrada: Nao tem
  216 00000000         ; Parametro de saida: Nao tem
  217 00000000         LEDS_AND_DISPLAYS_init
  218 00000000         ;=====================
  219 00000000         ; 1. Ativar o clock para a porta setando o bit correspon
                       dente no registrador RCGCGPIO,
  220 00000000 4884            LDR              R0, =SYSCTL_RCGCGPIO_R ;Carrega
                                                             o endereço do regi
                                                            strador RCGCGPIO
  221 00000002 6801            LDR              R1, [R0]
  222 00000004 F041 0101       ORR              R1, #GPIO_PORTA ; leds 8 a 5 + 
                                                            disp: 'd' a 'DP'
  223 00000008 F441 4180       ORR              R1, #GPIO_PORTQ ; leds 1 a 4 + 
                                                            disp: 'a' a 'c'
  224 0000000C F041 0102       ORR              R1, #GPIO_PORTB ; acionamento d
                                                            os displays
  225 00000010 F441 5100       ORR              R1, #GPIO_PORTP ; acionamento d
                                                            os leds
  226 00000014 6001            STR              R1, [R0]    ;Move para a memóri
                                                            a os bits das porta
                                                            s no endereço do RC
                                                            GCGPIO
  227 00000016         
  228 00000016         ; verificar no PRGPIO se a porta está pronta para uso.
  229 00000016 4880            LDR              R0, =SYSCTL_PRGPIO_R ;Carrega o
                                                             endereço do PRGPIO
                                                             para esperar os GP
                                                            IO ficarem prontos
  230 00000018         Espera_Porta
  231 00000018 6801            LDR              R1, [R0]    ;Lê da memória o co
                                                            nteúdo do endereço 
                                                            do registrador
  232 0000001A F04F 0201       MOV              R2, #GPIO_PORTA
  233 0000001E F442 4280       ORR              R2, #GPIO_PORTQ
  234 00000022 F042 0202       ORR              R2, #GPIO_PORTB
  235 00000026 F442 5200       ORR              R2, #GPIO_PORTP
  236 0000002A EA01 0102       AND              R1, R1, R2  ;seleciona apenas o
                                                            s bits das portas r



ARM Macro Assembler    Page 11 


                                                            eferentes
  237 0000002E 4211            TST              R1, R2      ;compara se os bits
                                                             estao iguais
  238 00000030 D0F2            BEQ              Espera_Porta ;Se o flag Z=1, vo
                                                            lta para o laço. Se
                                                            não continua execut
                                                            ando
  239 00000032         
  240 00000032         ; 2. Limpar o AMSEL para desabilitar a analógica
  241 00000032 487A            LDR              R0, =GPIO_PORTA_AMSEL_R
  242 00000034 6801            LDR              R1, [R0]
  243 00000036 F021 01F0       BIC              R1, #0xF0   ; A4 a A7 = 0 : des
                                                            abilita analogica (
                                                            leds e display)
  244 0000003A 6001            STR              R1, [R0]
  245 0000003C 4878            LDR              R0, =GPIO_PORTQ_AMSEL_R
  246 0000003E 6801            LDR              R1, [R0]
  247 00000040 F021 010F       BIC              R1, #0x0F   ; Q0 a Q3 = 0 : des
                                                            abilita analogica (
                                                            leds e display)
  248 00000044 6001            STR              R1, [R0]
  249 00000046 4877            LDR              R0, =GPIO_PORTB_AMSEL_R
  250 00000048 6801            LDR              R1, [R0]
  251 0000004A F021 0110       BIC              R1, #BIT4   ; B4 = 0: desabilit
                                                            a analogica (on/off
                                                             DS1)
  252 0000004E F021 0120       BIC              R1, #BIT5   ; B5 = 0: desabilit
                                                            a analogica (on/off
                                                             DS2)
  253 00000052 6001            STR              R1, [R0]
  254 00000054 4874            LDR              R0, =GPIO_PORTP_AMSEL_R
  255 00000056 6801            LDR              R1, [R0]
  256 00000058 F021 0120       BIC              R1, #BIT5   ; P5 = 0: desabilit
                                                            a analogica (on/off
                                                             leds)
  257 0000005C 6001            STR              R1, [R0]
  258 0000005E         
  259 0000005E         ; 3. Limpar PCTL para selecionar o GPIO
  260 0000005E 4873            LDR              R0, =GPIO_PORTA_PCTL_R
  261 00000060 6801            LDR              R1, [R0]
  262 00000062 F021 01F0       BIC              R1, #0xF0   ; A4 a A7 = 0 : sel
                                                            eciona modo GPIO (l
                                                            eds e display)
  263 00000066 6001            STR              R1, [R0]
  264 00000068 4871            LDR              R0, =GPIO_PORTQ_PCTL_R
  265 0000006A 6801            LDR              R1, [R0]
  266 0000006C F021 010F       BIC              R1, #0x0F   ; Q0 a Q3 = 0: sele
                                                            ciona modo GPIO (le
                                                            ds e displays)
  267 00000070 6001            STR              R1, [R0]
  268 00000072 4870            LDR              R0, =GPIO_PORTB_PCTL_R
  269 00000074 6801            LDR              R1, [R0]
  270 00000076 F021 0110       BIC              R1, #BIT4   ; B4 = 0: seleciona
                                                             modo GPIO (acionam
                                                            ento DS1)
  271 0000007A F021 0120       BIC              R1, #BIT5   ; B5 = 0: seleciona
                                                             modo GPIO (acionam
                                                            ento DS2)
  272 0000007E 6001            STR              R1, [R0]



ARM Macro Assembler    Page 12 


  273 00000080 486D            LDR              R0, =GPIO_PORTP_PCTL_R
  274 00000082 6801            LDR              R1, [R0]
  275 00000084 F021 0120       BIC              R1, #BIT5   ; P5 = 0: seleciona
                                                             modo GPIO (acionam
                                                            ento dos leds)
  276 00000088 6001            STR              R1, [R0]
  277 0000008A         
  278 0000008A         ; 4. DIR para 0: input (BIC), 1: output (ORR)
  279 0000008A 486C            LDR              R0, =GPIO_PORTA_DIR_R
  280 0000008C 6801            LDR              R1, [R0]
  281 0000008E F041 01F0       ORR              R1, #0xF0   ;A4 a A7 = 1: OUTPU
                                                            T
  282 00000092 6001            STR              R1, [R0]
  283 00000094 486A            LDR              R0, =GPIO_PORTQ_DIR_R
  284 00000096 6801            LDR              R1, [R0]
  285 00000098 F041 010F       ORR              R1, #0x0F   ;Q0 a Q3 = 1: OUTPU
                                                            T
  286 0000009C 6001            STR              R1, [R0]
  287 0000009E 4869            LDR              R0, =GPIO_PORTB_DIR_R
  288 000000A0 6801            LDR              R1, [R0]
  289 000000A2 F041 0110       ORR              R1, #BIT4   ;B4 = 1: output (on
                                                            /off DS1)
  290 000000A6 F041 0120       ORR              R1, #BIT5   ;B5 = 1: output (on
                                                            /off DS2)
  291 000000AA 6001            STR              R1, [R0]
  292 000000AC 4866            LDR              R0, =GPIO_PORTP_DIR_R
  293 000000AE 6801            LDR              R1, [R0]
  294 000000B0 F041 0120       ORR              R1, #BIT5   ;P5 = 1: output (on
                                                            /off leds)
  295 000000B4 6001            STR              R1, [R0]
  296 000000B6         
  297 000000B6         ; 5. Limpar os bits AFSEL para 0 para selecionar GPIO se
                       m função alternativa
  298 000000B6 4865            LDR              R0, =GPIO_PORTA_AFSEL_R
  299 000000B8 6801            LDR              R1, [R0]
  300 000000BA F021 01F0       BIC              R1, #0xF0   ; A4 a A7 = 0: sem 
                                                            funcao alternativa
  301 000000BE 6001            STR              R1, [R0]
  302 000000C0 4863            LDR              R0, =GPIO_PORTQ_AFSEL_R
  303 000000C2 6801            LDR              R1, [R0]
  304 000000C4 F021 010F       BIC              R1, #0x0F   ; Q0 a Q3 = 0: sem 
                                                            funcao alternativa
  305 000000C8 6001            STR              R1, [R0]
  306 000000CA 4862            LDR              R0, =GPIO_PORTB_AFSEL_R
  307 000000CC 6801            LDR              R1, [R0]
  308 000000CE F021 0110       BIC              R1, #BIT4   ; B4 = 0: sem funca
                                                            o alternativa
  309 000000D2 F021 0120       BIC              R1, #BIT5   ; B5 = 0: sem funca
                                                            o alternativa
  310 000000D6 6001            STR              R1, [R0]
  311 000000D8 485F            LDR              R0, =GPIO_PORTP_AFSEL_R
  312 000000DA 6801            LDR              R1, [R0]
  313 000000DC F021 0120       BIC              R1, #BIT5   ; P5 = 0: sem funca
                                                            o alternativa
  314 000000E0 6001            STR              R1, [R0]
  315 000000E2         
  316 000000E2         ; 6. Setar os bits de DEN para habilitar I/O digital
  317 000000E2 485E            LDR              R0, =GPIO_PORTA_DEN_R
  318 000000E4 6801            LDR              R1, [R0]



ARM Macro Assembler    Page 13 


  319 000000E6 F041 01F0       ORR              R1, #0xF0   ;A4 a A7 = 1 : habi
                                                            lita I/O digital
  320 000000EA 6001            STR              R1, [R0]
  321 000000EC 485C            LDR              R0, =GPIO_PORTQ_DEN_R
  322 000000EE 6801            LDR              R1, [R0]
  323 000000F0 F041 010F       ORR              R1, #0x0F   ;Q0 a Q3 = 1: habil
                                                            ita I/O digital
  324 000000F4 6001            STR              R1, [R0]
  325 000000F6 485B            LDR              R0, =GPIO_PORTB_DEN_R
  326 000000F8 6801            LDR              R1, [R0]
  327 000000FA F041 0110       ORR              R1, #BIT4   ;B4 = 1 :habilita I
                                                            /O digital
  328 000000FE F041 0120       ORR              R1, #BIT5   ;B5 = 1 :habilita I
                                                            /O digital
  329 00000102 6001            STR              R1, [R0]
  330 00000104 4858            LDR              R0, =GPIO_PORTP_DEN_R
  331 00000106 6801            LDR              R1, [R0]
  332 00000108 F041 0120       ORR              R1, #BIT5   ;P5 = 1 :habilita I
                                                            /O digital
  333 0000010C 6001            STR              R1, [R0]
  334 0000010E         
  335 0000010E         ; 7. Para habilitar resistor de pull-up interno, setar P
                       UR para 1
  336 0000010E         ; N/A
  337 0000010E         
  338 0000010E 4770            BX               LR          ;return
  339 00000110         
  340 00000110         ; ------------------------------------------------------
                       -------------------------
  341 00000110         ; Função select_leds
  342 00000110         ; Parâmetro de entrada: R0 --> 2_XXXXXXXX X=1: led selec
                       ionado, X=0: led nao selecioando
  343 00000110         ; Parâmetro de saída: Não tem
  344 00000110         select_leds
  345 00000110 B40E            PUSH             {R1, R2, R3} ;armazena registra
                                                            dores utilizados
  346 00000112         
  347 00000112 4956            LDR              R1, =GPIO_PORTQ_DATA_R
  348 00000114 680A            LDR              R2, [R1]
  349 00000116 F022 020F       BIC              R2, #0x0F   ; limpa o primeiro 
                                                            nibble
  350 0000011A F000 030F       AND              R3, R0, #0x0F ; pega o primeiro
                                                             nibble do R0
  351 0000011E EA42 0203       ORR              R2, R3      ; concatena a entra
                                                            da com os valores j
                                                            a setados
  352 00000122 600A            STR              R2, [R1]    ; escreve no regist
                                                            rador
  353 00000124         
  354 00000124 4952            LDR              R1, =GPIO_PORTA_DATA_R
  355 00000126 680A            LDR              R2, [R1]
  356 00000128 F022 02F0       BIC              R2, #0xF0   ;limpa o segundo ni
                                                            bble
  357 0000012C F000 03F0       AND              R3, R0, #0xF0 ;pega o segundo n
                                                            ibble do R0
  358 00000130 EA42 0203       ORR              R2, R3      ;concatena a entrad
                                                            a com os valores ja
                                                             setados
  359 00000134 600A            STR              R2, [R1]    ;escreve no registr



ARM Macro Assembler    Page 14 


                                                            ador
  360 00000136         
  361 00000136 BC0E            POP              {R1, R2, R3} ;devolve registrad
                                                            ores utilizados
  362 00000138 4770            BX               LR          ;return
  363 0000013A         
  364 0000013A         ; ------------------------------------------------------
                       -------------------------
  365 0000013A         ; Função select_dig_DS
  366 0000013A         ; Parâmetro de entrada: R0 --> 0 a F, R0 != 0 a F => R0 
                       = 0
  367 0000013A         ; Parâmetro de saída: Não tem
  368 0000013A         select_dig_DS
  369 0000013A F000 000F       AND              R0, #0xF    ;seleciona os 4 pri
                                                            meiros bits de R0
  370 0000013E         ;seta os bits dos leds correspondentes de acordo com o d
                       igito
  371 0000013E 2801            CMP              R0, #0x1
  372 00000140 BF04            ITT              EQ
  373 00000142 2006            LDREQ            R0, =DISP_DIG_1
  374 00000144 E039            BEQ              select_dig_DS_end
  375 00000146 2802            CMP              R0, #0x2
  376 00000148 BF04            ITT              EQ
  377 0000014A 205B            LDREQ            R0, =DISP_DIG_2
  378 0000014C E035            BEQ              select_dig_DS_end
  379 0000014E 2803            CMP              R0, #0x3
  380 00000150 BF04            ITT              EQ
  381 00000152 204F            LDREQ            R0, =DISP_DIG_3
  382 00000154 E031            BEQ              select_dig_DS_end
  383 00000156 2804            CMP              R0, #0x4
  384 00000158 BF04            ITT              EQ
  385 0000015A 2066            LDREQ            R0, =DISP_DIG_4
  386 0000015C E02D            BEQ              select_dig_DS_end
  387 0000015E 2805            CMP              R0, #0x5
  388 00000160 BF04            ITT              EQ
  389 00000162 206D            LDREQ            R0, =DISP_DIG_5
  390 00000164 E029            BEQ              select_dig_DS_end
  391 00000166 2806            CMP              R0, #0x6
  392 00000168 BF04            ITT              EQ
  393 0000016A 207D            LDREQ            R0, =DISP_DIG_6
  394 0000016C E025            BEQ              select_dig_DS_end
  395 0000016E 2807            CMP              R0, #0x7
  396 00000170 BF04            ITT              EQ
  397 00000172 2007            LDREQ            R0, =DISP_DIG_7
  398 00000174 E021            BEQ              select_dig_DS_end
  399 00000176 2808            CMP              R0, #0x8
  400 00000178 BF04            ITT              EQ
  401 0000017A 207F            LDREQ            R0, =DISP_DIG_8
  402 0000017C E01D            BEQ              select_dig_DS_end
  403 0000017E 2809            CMP              R0, #0x9
  404 00000180 BF04            ITT              EQ
  405 00000182 206F            LDREQ            R0, =DISP_DIG_9
  406 00000184 E019            BEQ              select_dig_DS_end
  407 00000186 280A            CMP              R0, #0xa
  408 00000188 BF04            ITT              EQ
  409 0000018A 2077            LDREQ            R0, =DISP_DIG_A
  410 0000018C E015            BEQ              select_dig_DS_end
  411 0000018E 280B            CMP              R0, #0xb
  412 00000190 BF04            ITT              EQ



ARM Macro Assembler    Page 15 


  413 00000192 207C            LDREQ            R0, =DISP_DIG_B
  414 00000194 E011            BEQ              select_dig_DS_end
  415 00000196 280C            CMP              R0, #0xc
  416 00000198 BF04            ITT              EQ
  417 0000019A 2039            LDREQ            R0, =DISP_DIG_C
  418 0000019C E00D            BEQ              select_dig_DS_end
  419 0000019E 280D            CMP              R0, #0xd
  420 000001A0 BF04            ITT              EQ
  421 000001A2 205E            LDREQ            R0, =DISP_DIG_D
  422 000001A4 E009            BEQ              select_dig_DS_end
  423 000001A6 280E            CMP              R0, #0xe
  424 000001A8 BF04            ITT              EQ
  425 000001AA 2079            LDREQ            R0, =DISP_DIG_E
  426 000001AC E005            BEQ              select_dig_DS_end
  427 000001AE 280F            CMP              R0, #0xf
  428 000001B0 BF04            ITT              EQ
  429 000001B2 2071            LDREQ            R0, =DISP_DIG_F
  430 000001B4 E001            BEQ              select_dig_DS_end
  431 000001B6 F04F 003F       LDR              R0, =DISP_DIG_0
  432 000001BA         select_dig_DS_end
  433 000001BA B500            PUSH             {LR}
  434 000001BC F7FF FFFE       BL               select_leds
  435 000001C0 F85D EB04       POP              {LR}
  436 000001C4 4770            BX               LR
  437 000001C6         
  438 000001C6         ; ------------------------------------------------------
                       -------------------------
  439 000001C6         ; Função turn_leds_ON
  440 000001C6         ; Parâmetro de entrada: R0 --> R0 = 0: desliga, R0 != 0:
                        liga
  441 000001C6         ; Parâmetro de saída: Não tem
  442 000001C6         turn_leds_ON
  443 000001C6 B406            PUSH             {R1, R2}
  444 000001C8 2800            CMP              R0, #0      ;verifica se R0 = 0
                                                            
  445 000001CA BF18 2020       MOVNE            R0, #BIT5   ;se R0 != 0 seta o 
                                                            bit para ligar led 
                                                            (P5)
  446 000001CE 4929            LDR              R1, =GPIO_PORTP_DATA_R ;carrega
                                                             endereco port P
  447 000001D0 680A            LDR              R2, [R1]
  448 000001D2 F022 0220       BIC              R2, #BIT5   ;limpa o bit
  449 000001D6 EA42 0200       ORR              R2, R0      ;concatena R2 com R
                                                            0
  450 000001DA 600A            STR              R2, [R1]    ;escreve em port P
  451 000001DC BC06            POP              {R1, R2}
  452 000001DE 4770            BX               LR
  453 000001E0         
  454 000001E0         ; ------------------------------------------------------
                       -------------------------
  455 000001E0         ; Função turn_DS1_ON
  456 000001E0         ; Parâmetro de entrada: R0 --> R0 = 0: desliga, R0 != 0:
                        liga
  457 000001E0         ; Parâmetro de saída: Não tem
  458 000001E0         turn_DS1_ON
  459 000001E0 B406            PUSH             {R1, R2}
  460 000001E2 2800            CMP              R0, #0
  461 000001E4 BF18 2010       MOVNE            R0, #BIT4   ;se R0 != 0 seta o 
                                                            bit para ligar o DS



ARM Macro Assembler    Page 16 


                                                            1 B4
  462 000001E8 4923            LDR              R1, =GPIO_PORTB_DATA_R ;carrega
                                                             endereco port B
  463 000001EA 680A            LDR              R2, [R1]    ;carrega dado
  464 000001EC F022 0210       BIC              R2, #BIT4   ;limpa o bit
  465 000001F0 EA42 0200       ORR              R2, R0      ;concatena com o pa
                                                            rametro
  466 000001F4 600A            STR              R2, [R1]    ;escreve na memoria
                                                            
  467 000001F6 BC06            POP              {R1, R2}
  468 000001F8 4770            BX               LR          ;retorno
  469 000001FA         
  470 000001FA         ; ------------------------------------------------------
                       -------------------------
  471 000001FA         ; Função turn_DS2_ON
  472 000001FA         ; Parâmetro de entrada: R0 --> R0 = 0: desliga, R0 != 0:
                        liga
  473 000001FA         ; Parâmetro de saída: Não tem
  474 000001FA         turn_DS2_ON
  475 000001FA B406            PUSH             {R1, R2}
  476 000001FC 2800            CMP              R0, #0
  477 000001FE BF18 2020       MOVNE            R0, #BIT5   ;seta bit para liga
                                                            r disp 2 (R0 = TRUE
                                                             != 0)
  478 00000202 491D            LDR              R1, =GPIO_PORTB_DATA_R ;carrega
                                                             endereco port B
  479 00000204 680A            LDR              R2, [R1]    ;carrega dado
  480 00000206 F022 0220       BIC              R2, #BIT5   ;limpa o bit
  481 0000020A EA42 0200       ORR              R2, R0      ;concatena com o pa
                                                            rametro
  482 0000020E 600A            STR              R2, [R1]    ;escreve na memoria
                                                            
  483 00000210 BC06            POP              {R1, R2}
  484 00000212 4770            BX               LR          ;retorno
  485 00000214         
  486 00000214         ; ------------------------------------------------------
                       --------------------------------------------------------
                       -----------
  487 00000214         ; Fim do Arquivo
  488 00000214         ; ------------------------------------------------------
                       --------------------------------------------------------
                       -----------
  489 00000214                 ALIGN                        ;Garante que o fim 
                                                            da seção está alinh
                                                            ada 
  490 00000214                 END                          ;Fim do arquivo
              400FE608 
              400FEA08 
              40058528 
              40066528 
              40059528 
              40065528 
              4005852C 
              4006652C 
              4005952C 
              4006552C 
              40058400 
              40066400 
              40059400 



ARM Macro Assembler    Page 17 


              40065400 
              40058420 
              40066420 
              40059420 
              40065420 
              4005851C 
              4006651C 
              4005951C 
              4006551C 
              400663FC 
              400583FC 
              400653FC 
              400593FC 
Command Line: --debug --xref --diag_suppress=9931 --cpu=Cortex-M4.fp.sp --apcs=
interwork --depend=.\objects\leds_and_displays.d -o.\objects\leds_and_displays.
o -IC:\Users\roger\AppData\Local\Arm\Packs\Keil\TM4C_DFP\1.1.0\Device\Include\T
M4C129 --predefine="__EVAL SETA 1" --predefine="__UVISION_VERSION SETA 536" --p
redefine="TM4C1294NCPDT SETA 1" --list=.\listings\leds_and_displays.lst leds_an
d_displays.s



ARM Macro Assembler    Page 1 Alphabetic symbol ordering
Relocatable symbols

.text 00000000

Symbol: .text
   Definitions
      At line 200 in file leds_and_displays.s
   Uses
      None
Comment: .text unused
Espera_Porta 00000018

Symbol: Espera_Porta
   Definitions
      At line 230 in file leds_and_displays.s
   Uses
      At line 238 in file leds_and_displays.s
Comment: Espera_Porta used once
LEDS_AND_DISPLAYS_init 00000000

Symbol: LEDS_AND_DISPLAYS_init
   Definitions
      At line 217 in file leds_and_displays.s
   Uses
      At line 203 in file leds_and_displays.s
Comment: LEDS_AND_DISPLAYS_init used once
select_dig_DS 0000013A

Symbol: select_dig_DS
   Definitions
      At line 368 in file leds_and_displays.s
   Uses
      At line 205 in file leds_and_displays.s
Comment: select_dig_DS used once
select_dig_DS_end 000001BA

Symbol: select_dig_DS_end
   Definitions
      At line 432 in file leds_and_displays.s
   Uses
      At line 374 in file leds_and_displays.s
      At line 378 in file leds_and_displays.s
      At line 382 in file leds_and_displays.s
      At line 386 in file leds_and_displays.s
      At line 390 in file leds_and_displays.s
      At line 394 in file leds_and_displays.s
      At line 398 in file leds_and_displays.s
      At line 402 in file leds_and_displays.s
      At line 406 in file leds_and_displays.s
      At line 410 in file leds_and_displays.s
      At line 414 in file leds_and_displays.s
      At line 418 in file leds_and_displays.s
      At line 422 in file leds_and_displays.s
      At line 426 in file leds_and_displays.s
      At line 430 in file leds_and_displays.s

select_leds 00000110

Symbol: select_leds
   Definitions
      At line 344 in file leds_and_displays.s



ARM Macro Assembler    Page 2 Alphabetic symbol ordering
Relocatable symbols

   Uses
      At line 204 in file leds_and_displays.s
      At line 434 in file leds_and_displays.s

turn_DS1_ON 000001E0

Symbol: turn_DS1_ON
   Definitions
      At line 458 in file leds_and_displays.s
   Uses
      At line 207 in file leds_and_displays.s
Comment: turn_DS1_ON used once
turn_DS2_ON 000001FA

Symbol: turn_DS2_ON
   Definitions
      At line 474 in file leds_and_displays.s
   Uses
      At line 208 in file leds_and_displays.s
Comment: turn_DS2_ON used once
turn_leds_ON 000001C6

Symbol: turn_leds_ON
   Definitions
      At line 442 in file leds_and_displays.s
   Uses
      At line 206 in file leds_and_displays.s
Comment: turn_leds_ON used once
9 symbols



ARM Macro Assembler    Page 1 Alphabetic symbol ordering
Absolute symbols

BIT0 00000001

Symbol: BIT0
   Definitions
      At line 10 in file leds_and_displays.s
   Uses
      None
Comment: BIT0 unused
BIT1 00000002

Symbol: BIT1
   Definitions
      At line 11 in file leds_and_displays.s
   Uses
      None
Comment: BIT1 unused
BIT2 00000004

Symbol: BIT2
   Definitions
      At line 12 in file leds_and_displays.s
   Uses
      None
Comment: BIT2 unused
BIT3 00000008

Symbol: BIT3
   Definitions
      At line 13 in file leds_and_displays.s
   Uses
      None
Comment: BIT3 unused
BIT4 00000010

Symbol: BIT4
   Definitions
      At line 14 in file leds_and_displays.s
   Uses
      At line 251 in file leds_and_displays.s
      At line 270 in file leds_and_displays.s
      At line 289 in file leds_and_displays.s
      At line 308 in file leds_and_displays.s
      At line 327 in file leds_and_displays.s
      At line 461 in file leds_and_displays.s
      At line 464 in file leds_and_displays.s

BIT5 00000020

Symbol: BIT5
   Definitions
      At line 15 in file leds_and_displays.s
   Uses
      At line 252 in file leds_and_displays.s
      At line 256 in file leds_and_displays.s
      At line 271 in file leds_and_displays.s
      At line 275 in file leds_and_displays.s
      At line 290 in file leds_and_displays.s
      At line 294 in file leds_and_displays.s
      At line 309 in file leds_and_displays.s



ARM Macro Assembler    Page 2 Alphabetic symbol ordering
Absolute symbols

      At line 313 in file leds_and_displays.s
      At line 328 in file leds_and_displays.s
      At line 332 in file leds_and_displays.s
      At line 445 in file leds_and_displays.s
      At line 448 in file leds_and_displays.s
      At line 477 in file leds_and_displays.s
      At line 480 in file leds_and_displays.s

BIT6 00000040

Symbol: BIT6
   Definitions
      At line 16 in file leds_and_displays.s
   Uses
      None
Comment: BIT6 unused
BIT7 00000080

Symbol: BIT7
   Definitions
      At line 17 in file leds_and_displays.s
   Uses
      None
Comment: BIT7 unused
DISP_DIG_0 0000003F

Symbol: DISP_DIG_0
   Definitions
      At line 19 in file leds_and_displays.s
   Uses
      At line 431 in file leds_and_displays.s
Comment: DISP_DIG_0 used once
DISP_DIG_1 00000006

Symbol: DISP_DIG_1
   Definitions
      At line 20 in file leds_and_displays.s
   Uses
      At line 373 in file leds_and_displays.s
Comment: DISP_DIG_1 used once
DISP_DIG_2 0000005B

Symbol: DISP_DIG_2
   Definitions
      At line 21 in file leds_and_displays.s
   Uses
      At line 377 in file leds_and_displays.s
Comment: DISP_DIG_2 used once
DISP_DIG_3 0000004F

Symbol: DISP_DIG_3
   Definitions
      At line 22 in file leds_and_displays.s
   Uses
      At line 381 in file leds_and_displays.s
Comment: DISP_DIG_3 used once
DISP_DIG_4 00000066

Symbol: DISP_DIG_4



ARM Macro Assembler    Page 3 Alphabetic symbol ordering
Absolute symbols

   Definitions
      At line 23 in file leds_and_displays.s
   Uses
      At line 385 in file leds_and_displays.s
Comment: DISP_DIG_4 used once
DISP_DIG_5 0000006D

Symbol: DISP_DIG_5
   Definitions
      At line 24 in file leds_and_displays.s
   Uses
      At line 389 in file leds_and_displays.s
Comment: DISP_DIG_5 used once
DISP_DIG_6 0000007D

Symbol: DISP_DIG_6
   Definitions
      At line 25 in file leds_and_displays.s
   Uses
      At line 393 in file leds_and_displays.s
Comment: DISP_DIG_6 used once
DISP_DIG_7 00000007

Symbol: DISP_DIG_7
   Definitions
      At line 26 in file leds_and_displays.s
   Uses
      At line 397 in file leds_and_displays.s
Comment: DISP_DIG_7 used once
DISP_DIG_8 0000007F

Symbol: DISP_DIG_8
   Definitions
      At line 27 in file leds_and_displays.s
   Uses
      At line 401 in file leds_and_displays.s
Comment: DISP_DIG_8 used once
DISP_DIG_9 0000006F

Symbol: DISP_DIG_9
   Definitions
      At line 28 in file leds_and_displays.s
   Uses
      At line 405 in file leds_and_displays.s
Comment: DISP_DIG_9 used once
DISP_DIG_A 00000077

Symbol: DISP_DIG_A
   Definitions
      At line 29 in file leds_and_displays.s
   Uses
      At line 409 in file leds_and_displays.s
Comment: DISP_DIG_A used once
DISP_DIG_B 0000007C

Symbol: DISP_DIG_B
   Definitions
      At line 30 in file leds_and_displays.s
   Uses



ARM Macro Assembler    Page 4 Alphabetic symbol ordering
Absolute symbols

      At line 413 in file leds_and_displays.s
Comment: DISP_DIG_B used once
DISP_DIG_C 00000039

Symbol: DISP_DIG_C
   Definitions
      At line 31 in file leds_and_displays.s
   Uses
      At line 417 in file leds_and_displays.s
Comment: DISP_DIG_C used once
DISP_DIG_D 0000005E

Symbol: DISP_DIG_D
   Definitions
      At line 32 in file leds_and_displays.s
   Uses
      At line 421 in file leds_and_displays.s
Comment: DISP_DIG_D used once
DISP_DIG_E 00000079

Symbol: DISP_DIG_E
   Definitions
      At line 33 in file leds_and_displays.s
   Uses
      At line 425 in file leds_and_displays.s
Comment: DISP_DIG_E used once
DISP_DIG_F 00000071

Symbol: DISP_DIG_F
   Definitions
      At line 34 in file leds_and_displays.s
   Uses
      At line 429 in file leds_and_displays.s
Comment: DISP_DIG_F used once
GPIO_PORTA 00000001

Symbol: GPIO_PORTA
   Definitions
      At line 45 in file leds_and_displays.s
   Uses
      At line 222 in file leds_and_displays.s
      At line 232 in file leds_and_displays.s

GPIO_PORTA_ADCCTL_R 40058530

Symbol: GPIO_PORTA_ADCCTL_R
   Definitions
      At line 85 in file leds_and_displays.s
   Uses
      None
Comment: GPIO_PORTA_ADCCTL_R unused
GPIO_PORTA_AFSEL_R 40058420

Symbol: GPIO_PORTA_AFSEL_R
   Definitions
      At line 72 in file leds_and_displays.s
   Uses
      At line 298 in file leds_and_displays.s
Comment: GPIO_PORTA_AFSEL_R used once



ARM Macro Assembler    Page 5 Alphabetic symbol ordering
Absolute symbols

GPIO_PORTA_AMSEL_R 40058528

Symbol: GPIO_PORTA_AMSEL_R
   Definitions
      At line 83 in file leds_and_displays.s
   Uses
      At line 241 in file leds_and_displays.s
Comment: GPIO_PORTA_AMSEL_R used once
GPIO_PORTA_CR_R 40058524

Symbol: GPIO_PORTA_CR_R
   Definitions
      At line 82 in file leds_and_displays.s
   Uses
      None
Comment: GPIO_PORTA_CR_R unused
GPIO_PORTA_DATA_BITS_R 40058000

Symbol: GPIO_PORTA_DATA_BITS_R
   Definitions
      At line 62 in file leds_and_displays.s
   Uses
      None
Comment: GPIO_PORTA_DATA_BITS_R unused
GPIO_PORTA_DATA_R 400583FC

Symbol: GPIO_PORTA_DATA_R
   Definitions
      At line 63 in file leds_and_displays.s
   Uses
      At line 354 in file leds_and_displays.s
Comment: GPIO_PORTA_DATA_R used once
GPIO_PORTA_DEN_R 4005851C

Symbol: GPIO_PORTA_DEN_R
   Definitions
      At line 80 in file leds_and_displays.s
   Uses
      At line 317 in file leds_and_displays.s
Comment: GPIO_PORTA_DEN_R used once
GPIO_PORTA_DIR_R 40058400

Symbol: GPIO_PORTA_DIR_R
   Definitions
      At line 64 in file leds_and_displays.s
   Uses
      At line 279 in file leds_and_displays.s
Comment: GPIO_PORTA_DIR_R used once
GPIO_PORTA_DMACTL_R 40058534

Symbol: GPIO_PORTA_DMACTL_R
   Definitions
      At line 86 in file leds_and_displays.s
   Uses
      None
Comment: GPIO_PORTA_DMACTL_R unused
GPIO_PORTA_DR12R_R 4005853C

Symbol: GPIO_PORTA_DR12R_R



ARM Macro Assembler    Page 6 Alphabetic symbol ordering
Absolute symbols

   Definitions
      At line 88 in file leds_and_displays.s
   Uses
      None
Comment: GPIO_PORTA_DR12R_R unused
GPIO_PORTA_DR2R_R 40058500

Symbol: GPIO_PORTA_DR2R_R
   Definitions
      At line 73 in file leds_and_displays.s
   Uses
      None
Comment: GPIO_PORTA_DR2R_R unused
GPIO_PORTA_DR4R_R 40058504

Symbol: GPIO_PORTA_DR4R_R
   Definitions
      At line 74 in file leds_and_displays.s
   Uses
      None
Comment: GPIO_PORTA_DR4R_R unused
GPIO_PORTA_DR8R_R 40058508

Symbol: GPIO_PORTA_DR8R_R
   Definitions
      At line 75 in file leds_and_displays.s
   Uses
      None
Comment: GPIO_PORTA_DR8R_R unused
GPIO_PORTA_IBE_R 40058408

Symbol: GPIO_PORTA_IBE_R
   Definitions
      At line 66 in file leds_and_displays.s
   Uses
      None
Comment: GPIO_PORTA_IBE_R unused
GPIO_PORTA_ICR_R 4005841C

Symbol: GPIO_PORTA_ICR_R
   Definitions
      At line 71 in file leds_and_displays.s
   Uses
      None
Comment: GPIO_PORTA_ICR_R unused
GPIO_PORTA_IEV_R 4005840C

Symbol: GPIO_PORTA_IEV_R
   Definitions
      At line 67 in file leds_and_displays.s
   Uses
      None
Comment: GPIO_PORTA_IEV_R unused
GPIO_PORTA_IM_R 40058410

Symbol: GPIO_PORTA_IM_R
   Definitions
      At line 68 in file leds_and_displays.s
   Uses



ARM Macro Assembler    Page 7 Alphabetic symbol ordering
Absolute symbols

      None
Comment: GPIO_PORTA_IM_R unused
GPIO_PORTA_IS_R 40058404

Symbol: GPIO_PORTA_IS_R
   Definitions
      At line 65 in file leds_and_displays.s
   Uses
      None
Comment: GPIO_PORTA_IS_R unused
GPIO_PORTA_LOCK_R 40058520

Symbol: GPIO_PORTA_LOCK_R
   Definitions
      At line 81 in file leds_and_displays.s
   Uses
      None
Comment: GPIO_PORTA_LOCK_R unused
GPIO_PORTA_MIS_R 40058418

Symbol: GPIO_PORTA_MIS_R
   Definitions
      At line 70 in file leds_and_displays.s
   Uses
      None
Comment: GPIO_PORTA_MIS_R unused
GPIO_PORTA_ODR_R 4005850C

Symbol: GPIO_PORTA_ODR_R
   Definitions
      At line 76 in file leds_and_displays.s
   Uses
      None
Comment: GPIO_PORTA_ODR_R unused
GPIO_PORTA_PCTL_R 4005852C

Symbol: GPIO_PORTA_PCTL_R
   Definitions
      At line 84 in file leds_and_displays.s
   Uses
      At line 260 in file leds_and_displays.s
Comment: GPIO_PORTA_PCTL_R used once
GPIO_PORTA_PC_R 40058FC4

Symbol: GPIO_PORTA_PC_R
   Definitions
      At line 93 in file leds_and_displays.s
   Uses
      None
Comment: GPIO_PORTA_PC_R unused
GPIO_PORTA_PDR_R 40058514

Symbol: GPIO_PORTA_PDR_R
   Definitions
      At line 78 in file leds_and_displays.s
   Uses
      None
Comment: GPIO_PORTA_PDR_R unused
GPIO_PORTA_PP_R 40058FC0



ARM Macro Assembler    Page 8 Alphabetic symbol ordering
Absolute symbols


Symbol: GPIO_PORTA_PP_R
   Definitions
      At line 92 in file leds_and_displays.s
   Uses
      None
Comment: GPIO_PORTA_PP_R unused
GPIO_PORTA_PUR_R 40058510

Symbol: GPIO_PORTA_PUR_R
   Definitions
      At line 77 in file leds_and_displays.s
   Uses
      None
Comment: GPIO_PORTA_PUR_R unused
GPIO_PORTA_RIS_R 40058414

Symbol: GPIO_PORTA_RIS_R
   Definitions
      At line 69 in file leds_and_displays.s
   Uses
      None
Comment: GPIO_PORTA_RIS_R unused
GPIO_PORTA_SI_R 40058538

Symbol: GPIO_PORTA_SI_R
   Definitions
      At line 87 in file leds_and_displays.s
   Uses
      None
Comment: GPIO_PORTA_SI_R unused
GPIO_PORTA_SLR_R 40058518

Symbol: GPIO_PORTA_SLR_R
   Definitions
      At line 79 in file leds_and_displays.s
   Uses
      None
Comment: GPIO_PORTA_SLR_R unused
GPIO_PORTA_WAKELVL_R 40058544

Symbol: GPIO_PORTA_WAKELVL_R
   Definitions
      At line 90 in file leds_and_displays.s
   Uses
      None
Comment: GPIO_PORTA_WAKELVL_R unused
GPIO_PORTA_WAKEPEN_R 40058540

Symbol: GPIO_PORTA_WAKEPEN_R
   Definitions
      At line 89 in file leds_and_displays.s
   Uses
      None
Comment: GPIO_PORTA_WAKEPEN_R unused
GPIO_PORTA_WAKESTAT_R 40058548

Symbol: GPIO_PORTA_WAKESTAT_R
   Definitions



ARM Macro Assembler    Page 9 Alphabetic symbol ordering
Absolute symbols

      At line 91 in file leds_and_displays.s
   Uses
      None
Comment: GPIO_PORTA_WAKESTAT_R unused
GPIO_PORTB 00000002

Symbol: GPIO_PORTB
   Definitions
      At line 46 in file leds_and_displays.s
   Uses
      At line 224 in file leds_and_displays.s
      At line 234 in file leds_and_displays.s

GPIO_PORTB_ADCCTL_R 40059530

Symbol: GPIO_PORTB_ADCCTL_R
   Definitions
      At line 119 in file leds_and_displays.s
   Uses
      None
Comment: GPIO_PORTB_ADCCTL_R unused
GPIO_PORTB_AFSEL_R 40059420

Symbol: GPIO_PORTB_AFSEL_R
   Definitions
      At line 106 in file leds_and_displays.s
   Uses
      At line 306 in file leds_and_displays.s
Comment: GPIO_PORTB_AFSEL_R used once
GPIO_PORTB_AMSEL_R 40059528

Symbol: GPIO_PORTB_AMSEL_R
   Definitions
      At line 117 in file leds_and_displays.s
   Uses
      At line 249 in file leds_and_displays.s
Comment: GPIO_PORTB_AMSEL_R used once
GPIO_PORTB_CR_R 40059524

Symbol: GPIO_PORTB_CR_R
   Definitions
      At line 116 in file leds_and_displays.s
   Uses
      None
Comment: GPIO_PORTB_CR_R unused
GPIO_PORTB_DATA_BITS_R 40059000

Symbol: GPIO_PORTB_DATA_BITS_R
   Definitions
      At line 96 in file leds_and_displays.s
   Uses
      None
Comment: GPIO_PORTB_DATA_BITS_R unused
GPIO_PORTB_DATA_R 400593FC

Symbol: GPIO_PORTB_DATA_R
   Definitions
      At line 97 in file leds_and_displays.s
   Uses



ARM Macro Assembler    Page 10 Alphabetic symbol ordering
Absolute symbols

      At line 462 in file leds_and_displays.s
      At line 478 in file leds_and_displays.s

GPIO_PORTB_DEN_R 4005951C

Symbol: GPIO_PORTB_DEN_R
   Definitions
      At line 114 in file leds_and_displays.s
   Uses
      At line 325 in file leds_and_displays.s
Comment: GPIO_PORTB_DEN_R used once
GPIO_PORTB_DIR_R 40059400

Symbol: GPIO_PORTB_DIR_R
   Definitions
      At line 98 in file leds_and_displays.s
   Uses
      At line 287 in file leds_and_displays.s
Comment: GPIO_PORTB_DIR_R used once
GPIO_PORTB_DMACTL_R 40059534

Symbol: GPIO_PORTB_DMACTL_R
   Definitions
      At line 120 in file leds_and_displays.s
   Uses
      None
Comment: GPIO_PORTB_DMACTL_R unused
GPIO_PORTB_DR12R_R 4005953C

Symbol: GPIO_PORTB_DR12R_R
   Definitions
      At line 122 in file leds_and_displays.s
   Uses
      None
Comment: GPIO_PORTB_DR12R_R unused
GPIO_PORTB_DR2R_R 40059500

Symbol: GPIO_PORTB_DR2R_R
   Definitions
      At line 107 in file leds_and_displays.s
   Uses
      None
Comment: GPIO_PORTB_DR2R_R unused
GPIO_PORTB_DR4R_R 40059504

Symbol: GPIO_PORTB_DR4R_R
   Definitions
      At line 108 in file leds_and_displays.s
   Uses
      None
Comment: GPIO_PORTB_DR4R_R unused
GPIO_PORTB_DR8R_R 40059508

Symbol: GPIO_PORTB_DR8R_R
   Definitions
      At line 109 in file leds_and_displays.s
   Uses
      None
Comment: GPIO_PORTB_DR8R_R unused



ARM Macro Assembler    Page 11 Alphabetic symbol ordering
Absolute symbols

GPIO_PORTB_IBE_R 40059408

Symbol: GPIO_PORTB_IBE_R
   Definitions
      At line 100 in file leds_and_displays.s
   Uses
      None
Comment: GPIO_PORTB_IBE_R unused
GPIO_PORTB_ICR_R 4005941C

Symbol: GPIO_PORTB_ICR_R
   Definitions
      At line 105 in file leds_and_displays.s
   Uses
      None
Comment: GPIO_PORTB_ICR_R unused
GPIO_PORTB_IEV_R 4005940C

Symbol: GPIO_PORTB_IEV_R
   Definitions
      At line 101 in file leds_and_displays.s
   Uses
      None
Comment: GPIO_PORTB_IEV_R unused
GPIO_PORTB_IM_R 40059410

Symbol: GPIO_PORTB_IM_R
   Definitions
      At line 102 in file leds_and_displays.s
   Uses
      None
Comment: GPIO_PORTB_IM_R unused
GPIO_PORTB_IS_R 40059404

Symbol: GPIO_PORTB_IS_R
   Definitions
      At line 99 in file leds_and_displays.s
   Uses
      None
Comment: GPIO_PORTB_IS_R unused
GPIO_PORTB_LOCK_R 40059520

Symbol: GPIO_PORTB_LOCK_R
   Definitions
      At line 115 in file leds_and_displays.s
   Uses
      None
Comment: GPIO_PORTB_LOCK_R unused
GPIO_PORTB_MIS_R 40059418

Symbol: GPIO_PORTB_MIS_R
   Definitions
      At line 104 in file leds_and_displays.s
   Uses
      None
Comment: GPIO_PORTB_MIS_R unused
GPIO_PORTB_ODR_R 4005950C

Symbol: GPIO_PORTB_ODR_R



ARM Macro Assembler    Page 12 Alphabetic symbol ordering
Absolute symbols

   Definitions
      At line 110 in file leds_and_displays.s
   Uses
      None
Comment: GPIO_PORTB_ODR_R unused
GPIO_PORTB_PCTL_R 4005952C

Symbol: GPIO_PORTB_PCTL_R
   Definitions
      At line 118 in file leds_and_displays.s
   Uses
      At line 268 in file leds_and_displays.s
Comment: GPIO_PORTB_PCTL_R used once
GPIO_PORTB_PC_R 40059FC4

Symbol: GPIO_PORTB_PC_R
   Definitions
      At line 127 in file leds_and_displays.s
   Uses
      None
Comment: GPIO_PORTB_PC_R unused
GPIO_PORTB_PDR_R 40059514

Symbol: GPIO_PORTB_PDR_R
   Definitions
      At line 112 in file leds_and_displays.s
   Uses
      None
Comment: GPIO_PORTB_PDR_R unused
GPIO_PORTB_PP_R 40059FC0

Symbol: GPIO_PORTB_PP_R
   Definitions
      At line 126 in file leds_and_displays.s
   Uses
      None
Comment: GPIO_PORTB_PP_R unused
GPIO_PORTB_PUR_R 40059510

Symbol: GPIO_PORTB_PUR_R
   Definitions
      At line 111 in file leds_and_displays.s
   Uses
      None
Comment: GPIO_PORTB_PUR_R unused
GPIO_PORTB_RIS_R 40059414

Symbol: GPIO_PORTB_RIS_R
   Definitions
      At line 103 in file leds_and_displays.s
   Uses
      None
Comment: GPIO_PORTB_RIS_R unused
GPIO_PORTB_SI_R 40059538

Symbol: GPIO_PORTB_SI_R
   Definitions
      At line 121 in file leds_and_displays.s
   Uses



ARM Macro Assembler    Page 13 Alphabetic symbol ordering
Absolute symbols

      None
Comment: GPIO_PORTB_SI_R unused
GPIO_PORTB_SLR_R 40059518

Symbol: GPIO_PORTB_SLR_R
   Definitions
      At line 113 in file leds_and_displays.s
   Uses
      None
Comment: GPIO_PORTB_SLR_R unused
GPIO_PORTB_WAKELVL_R 40059544

Symbol: GPIO_PORTB_WAKELVL_R
   Definitions
      At line 124 in file leds_and_displays.s
   Uses
      None
Comment: GPIO_PORTB_WAKELVL_R unused
GPIO_PORTB_WAKEPEN_R 40059540

Symbol: GPIO_PORTB_WAKEPEN_R
   Definitions
      At line 123 in file leds_and_displays.s
   Uses
      None
Comment: GPIO_PORTB_WAKEPEN_R unused
GPIO_PORTB_WAKESTAT_R 40059548

Symbol: GPIO_PORTB_WAKESTAT_R
   Definitions
      At line 125 in file leds_and_displays.s
   Uses
      None
Comment: GPIO_PORTB_WAKESTAT_R unused
GPIO_PORTC 00000004

Symbol: GPIO_PORTC
   Definitions
      At line 47 in file leds_and_displays.s
   Uses
      None
Comment: GPIO_PORTC unused
GPIO_PORTD 00000008

Symbol: GPIO_PORTD
   Definitions
      At line 48 in file leds_and_displays.s
   Uses
      None
Comment: GPIO_PORTD unused
GPIO_PORTE 00000010

Symbol: GPIO_PORTE
   Definitions
      At line 49 in file leds_and_displays.s
   Uses
      None
Comment: GPIO_PORTE unused
GPIO_PORTF 00000020



ARM Macro Assembler    Page 14 Alphabetic symbol ordering
Absolute symbols


Symbol: GPIO_PORTF
   Definitions
      At line 50 in file leds_and_displays.s
   Uses
      None
Comment: GPIO_PORTF unused
GPIO_PORTG 00000040

Symbol: GPIO_PORTG
   Definitions
      At line 51 in file leds_and_displays.s
   Uses
      None
Comment: GPIO_PORTG unused
GPIO_PORTH 00000080

Symbol: GPIO_PORTH
   Definitions
      At line 52 in file leds_and_displays.s
   Uses
      None
Comment: GPIO_PORTH unused
GPIO_PORTJ 00000100

Symbol: GPIO_PORTJ
   Definitions
      At line 53 in file leds_and_displays.s
   Uses
      None
Comment: GPIO_PORTJ unused
GPIO_PORTK 00000200

Symbol: GPIO_PORTK
   Definitions
      At line 54 in file leds_and_displays.s
   Uses
      None
Comment: GPIO_PORTK unused
GPIO_PORTL 00000400

Symbol: GPIO_PORTL
   Definitions
      At line 55 in file leds_and_displays.s
   Uses
      None
Comment: GPIO_PORTL unused
GPIO_PORTM 00000800

Symbol: GPIO_PORTM
   Definitions
      At line 56 in file leds_and_displays.s
   Uses
      None
Comment: GPIO_PORTM unused
GPIO_PORTN 00001000

Symbol: GPIO_PORTN
   Definitions



ARM Macro Assembler    Page 15 Alphabetic symbol ordering
Absolute symbols

      At line 57 in file leds_and_displays.s
   Uses
      None
Comment: GPIO_PORTN unused
GPIO_PORTP 00002000

Symbol: GPIO_PORTP
   Definitions
      At line 58 in file leds_and_displays.s
   Uses
      At line 225 in file leds_and_displays.s
      At line 235 in file leds_and_displays.s

GPIO_PORTP_ADCCTL_R 40065530

Symbol: GPIO_PORTP_ADCCTL_R
   Definitions
      At line 153 in file leds_and_displays.s
   Uses
      None
Comment: GPIO_PORTP_ADCCTL_R unused
GPIO_PORTP_AFSEL_R 40065420

Symbol: GPIO_PORTP_AFSEL_R
   Definitions
      At line 140 in file leds_and_displays.s
   Uses
      At line 311 in file leds_and_displays.s
Comment: GPIO_PORTP_AFSEL_R used once
GPIO_PORTP_AMSEL_R 40065528

Symbol: GPIO_PORTP_AMSEL_R
   Definitions
      At line 151 in file leds_and_displays.s
   Uses
      At line 254 in file leds_and_displays.s
Comment: GPIO_PORTP_AMSEL_R used once
GPIO_PORTP_CR_R 40065524

Symbol: GPIO_PORTP_CR_R
   Definitions
      At line 150 in file leds_and_displays.s
   Uses
      None
Comment: GPIO_PORTP_CR_R unused
GPIO_PORTP_DATA_BITS_R 40065000

Symbol: GPIO_PORTP_DATA_BITS_R
   Definitions
      At line 130 in file leds_and_displays.s
   Uses
      None
Comment: GPIO_PORTP_DATA_BITS_R unused
GPIO_PORTP_DATA_R 400653FC

Symbol: GPIO_PORTP_DATA_R
   Definitions
      At line 131 in file leds_and_displays.s
   Uses



ARM Macro Assembler    Page 16 Alphabetic symbol ordering
Absolute symbols

      At line 446 in file leds_and_displays.s
Comment: GPIO_PORTP_DATA_R used once
GPIO_PORTP_DEN_R 4006551C

Symbol: GPIO_PORTP_DEN_R
   Definitions
      At line 148 in file leds_and_displays.s
   Uses
      At line 330 in file leds_and_displays.s
Comment: GPIO_PORTP_DEN_R used once
GPIO_PORTP_DIR_R 40065400

Symbol: GPIO_PORTP_DIR_R
   Definitions
      At line 132 in file leds_and_displays.s
   Uses
      At line 292 in file leds_and_displays.s
Comment: GPIO_PORTP_DIR_R used once
GPIO_PORTP_DMACTL_R 40065534

Symbol: GPIO_PORTP_DMACTL_R
   Definitions
      At line 154 in file leds_and_displays.s
   Uses
      None
Comment: GPIO_PORTP_DMACTL_R unused
GPIO_PORTP_DR12R_R 4006553C

Symbol: GPIO_PORTP_DR12R_R
   Definitions
      At line 156 in file leds_and_displays.s
   Uses
      None
Comment: GPIO_PORTP_DR12R_R unused
GPIO_PORTP_DR2R_R 40065500

Symbol: GPIO_PORTP_DR2R_R
   Definitions
      At line 141 in file leds_and_displays.s
   Uses
      None
Comment: GPIO_PORTP_DR2R_R unused
GPIO_PORTP_DR4R_R 40065504

Symbol: GPIO_PORTP_DR4R_R
   Definitions
      At line 142 in file leds_and_displays.s
   Uses
      None
Comment: GPIO_PORTP_DR4R_R unused
GPIO_PORTP_DR8R_R 40065508

Symbol: GPIO_PORTP_DR8R_R
   Definitions
      At line 143 in file leds_and_displays.s
   Uses
      None
Comment: GPIO_PORTP_DR8R_R unused
GPIO_PORTP_IBE_R 40065408



ARM Macro Assembler    Page 17 Alphabetic symbol ordering
Absolute symbols


Symbol: GPIO_PORTP_IBE_R
   Definitions
      At line 134 in file leds_and_displays.s
   Uses
      None
Comment: GPIO_PORTP_IBE_R unused
GPIO_PORTP_ICR_R 4006541C

Symbol: GPIO_PORTP_ICR_R
   Definitions
      At line 139 in file leds_and_displays.s
   Uses
      None
Comment: GPIO_PORTP_ICR_R unused
GPIO_PORTP_IEV_R 4006540C

Symbol: GPIO_PORTP_IEV_R
   Definitions
      At line 135 in file leds_and_displays.s
   Uses
      None
Comment: GPIO_PORTP_IEV_R unused
GPIO_PORTP_IM_R 40065410

Symbol: GPIO_PORTP_IM_R
   Definitions
      At line 136 in file leds_and_displays.s
   Uses
      None
Comment: GPIO_PORTP_IM_R unused
GPIO_PORTP_IS_R 40065404

Symbol: GPIO_PORTP_IS_R
   Definitions
      At line 133 in file leds_and_displays.s
   Uses
      None
Comment: GPIO_PORTP_IS_R unused
GPIO_PORTP_LOCK_R 40065520

Symbol: GPIO_PORTP_LOCK_R
   Definitions
      At line 149 in file leds_and_displays.s
   Uses
      None
Comment: GPIO_PORTP_LOCK_R unused
GPIO_PORTP_MIS_R 40065418

Symbol: GPIO_PORTP_MIS_R
   Definitions
      At line 138 in file leds_and_displays.s
   Uses
      None
Comment: GPIO_PORTP_MIS_R unused
GPIO_PORTP_ODR_R 4006550C

Symbol: GPIO_PORTP_ODR_R
   Definitions



ARM Macro Assembler    Page 18 Alphabetic symbol ordering
Absolute symbols

      At line 144 in file leds_and_displays.s
   Uses
      None
Comment: GPIO_PORTP_ODR_R unused
GPIO_PORTP_PCTL_R 4006552C

Symbol: GPIO_PORTP_PCTL_R
   Definitions
      At line 152 in file leds_and_displays.s
   Uses
      At line 273 in file leds_and_displays.s
Comment: GPIO_PORTP_PCTL_R used once
GPIO_PORTP_PC_R 40065FC4

Symbol: GPIO_PORTP_PC_R
   Definitions
      At line 161 in file leds_and_displays.s
   Uses
      None
Comment: GPIO_PORTP_PC_R unused
GPIO_PORTP_PDR_R 40065514

Symbol: GPIO_PORTP_PDR_R
   Definitions
      At line 146 in file leds_and_displays.s
   Uses
      None
Comment: GPIO_PORTP_PDR_R unused
GPIO_PORTP_PP_R 40065FC0

Symbol: GPIO_PORTP_PP_R
   Definitions
      At line 160 in file leds_and_displays.s
   Uses
      None
Comment: GPIO_PORTP_PP_R unused
GPIO_PORTP_PUR_R 40065510

Symbol: GPIO_PORTP_PUR_R
   Definitions
      At line 145 in file leds_and_displays.s
   Uses
      None
Comment: GPIO_PORTP_PUR_R unused
GPIO_PORTP_RIS_R 40065414

Symbol: GPIO_PORTP_RIS_R
   Definitions
      At line 137 in file leds_and_displays.s
   Uses
      None
Comment: GPIO_PORTP_RIS_R unused
GPIO_PORTP_SI_R 40065538

Symbol: GPIO_PORTP_SI_R
   Definitions
      At line 155 in file leds_and_displays.s
   Uses
      None



ARM Macro Assembler    Page 19 Alphabetic symbol ordering
Absolute symbols

Comment: GPIO_PORTP_SI_R unused
GPIO_PORTP_SLR_R 40065518

Symbol: GPIO_PORTP_SLR_R
   Definitions
      At line 147 in file leds_and_displays.s
   Uses
      None
Comment: GPIO_PORTP_SLR_R unused
GPIO_PORTP_WAKELVL_R 40065544

Symbol: GPIO_PORTP_WAKELVL_R
   Definitions
      At line 158 in file leds_and_displays.s
   Uses
      None
Comment: GPIO_PORTP_WAKELVL_R unused
GPIO_PORTP_WAKEPEN_R 40065540

Symbol: GPIO_PORTP_WAKEPEN_R
   Definitions
      At line 157 in file leds_and_displays.s
   Uses
      None
Comment: GPIO_PORTP_WAKEPEN_R unused
GPIO_PORTP_WAKESTAT_R 40065548

Symbol: GPIO_PORTP_WAKESTAT_R
   Definitions
      At line 159 in file leds_and_displays.s
   Uses
      None
Comment: GPIO_PORTP_WAKESTAT_R unused
GPIO_PORTQ 00004000

Symbol: GPIO_PORTQ
   Definitions
      At line 59 in file leds_and_displays.s
   Uses
      At line 223 in file leds_and_displays.s
      At line 233 in file leds_and_displays.s

GPIO_PORTQ_ADCCTL_R 40066530

Symbol: GPIO_PORTQ_ADCCTL_R
   Definitions
      At line 187 in file leds_and_displays.s
   Uses
      None
Comment: GPIO_PORTQ_ADCCTL_R unused
GPIO_PORTQ_AFSEL_R 40066420

Symbol: GPIO_PORTQ_AFSEL_R
   Definitions
      At line 174 in file leds_and_displays.s
   Uses
      At line 302 in file leds_and_displays.s
Comment: GPIO_PORTQ_AFSEL_R used once
GPIO_PORTQ_AMSEL_R 40066528



ARM Macro Assembler    Page 20 Alphabetic symbol ordering
Absolute symbols


Symbol: GPIO_PORTQ_AMSEL_R
   Definitions
      At line 185 in file leds_and_displays.s
   Uses
      At line 245 in file leds_and_displays.s
Comment: GPIO_PORTQ_AMSEL_R used once
GPIO_PORTQ_CR_R 40066524

Symbol: GPIO_PORTQ_CR_R
   Definitions
      At line 184 in file leds_and_displays.s
   Uses
      None
Comment: GPIO_PORTQ_CR_R unused
GPIO_PORTQ_DATA_BITS_R 40066000

Symbol: GPIO_PORTQ_DATA_BITS_R
   Definitions
      At line 164 in file leds_and_displays.s
   Uses
      None
Comment: GPIO_PORTQ_DATA_BITS_R unused
GPIO_PORTQ_DATA_R 400663FC

Symbol: GPIO_PORTQ_DATA_R
   Definitions
      At line 165 in file leds_and_displays.s
   Uses
      At line 347 in file leds_and_displays.s
Comment: GPIO_PORTQ_DATA_R used once
GPIO_PORTQ_DEN_R 4006651C

Symbol: GPIO_PORTQ_DEN_R
   Definitions
      At line 182 in file leds_and_displays.s
   Uses
      At line 321 in file leds_and_displays.s
Comment: GPIO_PORTQ_DEN_R used once
GPIO_PORTQ_DIR_R 40066400

Symbol: GPIO_PORTQ_DIR_R
   Definitions
      At line 166 in file leds_and_displays.s
   Uses
      At line 283 in file leds_and_displays.s
Comment: GPIO_PORTQ_DIR_R used once
GPIO_PORTQ_DMACTL_R 40066534

Symbol: GPIO_PORTQ_DMACTL_R
   Definitions
      At line 188 in file leds_and_displays.s
   Uses
      None
Comment: GPIO_PORTQ_DMACTL_R unused
GPIO_PORTQ_DR12R_R 4006653C

Symbol: GPIO_PORTQ_DR12R_R
   Definitions



ARM Macro Assembler    Page 21 Alphabetic symbol ordering
Absolute symbols

      At line 190 in file leds_and_displays.s
   Uses
      None
Comment: GPIO_PORTQ_DR12R_R unused
GPIO_PORTQ_DR2R_R 40066500

Symbol: GPIO_PORTQ_DR2R_R
   Definitions
      At line 175 in file leds_and_displays.s
   Uses
      None
Comment: GPIO_PORTQ_DR2R_R unused
GPIO_PORTQ_DR4R_R 40066504

Symbol: GPIO_PORTQ_DR4R_R
   Definitions
      At line 176 in file leds_and_displays.s
   Uses
      None
Comment: GPIO_PORTQ_DR4R_R unused
GPIO_PORTQ_DR8R_R 40066508

Symbol: GPIO_PORTQ_DR8R_R
   Definitions
      At line 177 in file leds_and_displays.s
   Uses
      None
Comment: GPIO_PORTQ_DR8R_R unused
GPIO_PORTQ_IBE_R 40066408

Symbol: GPIO_PORTQ_IBE_R
   Definitions
      At line 168 in file leds_and_displays.s
   Uses
      None
Comment: GPIO_PORTQ_IBE_R unused
GPIO_PORTQ_ICR_R 4006641C

Symbol: GPIO_PORTQ_ICR_R
   Definitions
      At line 173 in file leds_and_displays.s
   Uses
      None
Comment: GPIO_PORTQ_ICR_R unused
GPIO_PORTQ_IEV_R 4006640C

Symbol: GPIO_PORTQ_IEV_R
   Definitions
      At line 169 in file leds_and_displays.s
   Uses
      None
Comment: GPIO_PORTQ_IEV_R unused
GPIO_PORTQ_IM_R 40066410

Symbol: GPIO_PORTQ_IM_R
   Definitions
      At line 170 in file leds_and_displays.s
   Uses
      None



ARM Macro Assembler    Page 22 Alphabetic symbol ordering
Absolute symbols

Comment: GPIO_PORTQ_IM_R unused
GPIO_PORTQ_IS_R 40066404

Symbol: GPIO_PORTQ_IS_R
   Definitions
      At line 167 in file leds_and_displays.s
   Uses
      None
Comment: GPIO_PORTQ_IS_R unused
GPIO_PORTQ_LOCK_R 40066520

Symbol: GPIO_PORTQ_LOCK_R
   Definitions
      At line 183 in file leds_and_displays.s
   Uses
      None
Comment: GPIO_PORTQ_LOCK_R unused
GPIO_PORTQ_MIS_R 40066418

Symbol: GPIO_PORTQ_MIS_R
   Definitions
      At line 172 in file leds_and_displays.s
   Uses
      None
Comment: GPIO_PORTQ_MIS_R unused
GPIO_PORTQ_ODR_R 4006650C

Symbol: GPIO_PORTQ_ODR_R
   Definitions
      At line 178 in file leds_and_displays.s
   Uses
      None
Comment: GPIO_PORTQ_ODR_R unused
GPIO_PORTQ_PCTL_R 4006652C

Symbol: GPIO_PORTQ_PCTL_R
   Definitions
      At line 186 in file leds_and_displays.s
   Uses
      At line 264 in file leds_and_displays.s
Comment: GPIO_PORTQ_PCTL_R used once
GPIO_PORTQ_PC_R 40066FC4

Symbol: GPIO_PORTQ_PC_R
   Definitions
      At line 195 in file leds_and_displays.s
   Uses
      None
Comment: GPIO_PORTQ_PC_R unused
GPIO_PORTQ_PDR_R 40066514

Symbol: GPIO_PORTQ_PDR_R
   Definitions
      At line 180 in file leds_and_displays.s
   Uses
      None
Comment: GPIO_PORTQ_PDR_R unused
GPIO_PORTQ_PP_R 40066FC0




ARM Macro Assembler    Page 23 Alphabetic symbol ordering
Absolute symbols

Symbol: GPIO_PORTQ_PP_R
   Definitions
      At line 194 in file leds_and_displays.s
   Uses
      None
Comment: GPIO_PORTQ_PP_R unused
GPIO_PORTQ_PUR_R 40066510

Symbol: GPIO_PORTQ_PUR_R
   Definitions
      At line 179 in file leds_and_displays.s
   Uses
      None
Comment: GPIO_PORTQ_PUR_R unused
GPIO_PORTQ_RIS_R 40066414

Symbol: GPIO_PORTQ_RIS_R
   Definitions
      At line 171 in file leds_and_displays.s
   Uses
      None
Comment: GPIO_PORTQ_RIS_R unused
GPIO_PORTQ_SI_R 40066538

Symbol: GPIO_PORTQ_SI_R
   Definitions
      At line 189 in file leds_and_displays.s
   Uses
      None
Comment: GPIO_PORTQ_SI_R unused
GPIO_PORTQ_SLR_R 40066518

Symbol: GPIO_PORTQ_SLR_R
   Definitions
      At line 181 in file leds_and_displays.s
   Uses
      None
Comment: GPIO_PORTQ_SLR_R unused
GPIO_PORTQ_WAKELVL_R 40066544

Symbol: GPIO_PORTQ_WAKELVL_R
   Definitions
      At line 192 in file leds_and_displays.s
   Uses
      None
Comment: GPIO_PORTQ_WAKELVL_R unused
GPIO_PORTQ_WAKEPEN_R 40066540

Symbol: GPIO_PORTQ_WAKEPEN_R
   Definitions
      At line 191 in file leds_and_displays.s
   Uses
      None
Comment: GPIO_PORTQ_WAKEPEN_R unused
GPIO_PORTQ_WAKESTAT_R 40066548

Symbol: GPIO_PORTQ_WAKESTAT_R
   Definitions
      At line 193 in file leds_and_displays.s



ARM Macro Assembler    Page 24 Alphabetic symbol ordering
Absolute symbols

   Uses
      None
Comment: GPIO_PORTQ_WAKESTAT_R unused
SYSCTL_PRGPIO_R 400FEA08

Symbol: SYSCTL_PRGPIO_R
   Definitions
      At line 39 in file leds_and_displays.s
   Uses
      At line 229 in file leds_and_displays.s
Comment: SYSCTL_PRGPIO_R used once
SYSCTL_RCGCGPIO_R 400FE608

Symbol: SYSCTL_RCGCGPIO_R
   Definitions
      At line 38 in file leds_and_displays.s
   Uses
      At line 220 in file leds_and_displays.s
Comment: SYSCTL_RCGCGPIO_R used once
169 symbols



ARM Macro Assembler    Page 1 Alphabetic symbol ordering
External symbols

SysTick_Wait1ms 00000000

Symbol: SysTick_Wait1ms
   Definitions
      At line 211 in file leds_and_displays.s
   Uses
      None
Comment: SysTick_Wait1ms unused
SysTick_Wait1us 00000000

Symbol: SysTick_Wait1us
   Definitions
      At line 210 in file leds_and_displays.s
   Uses
      None
Comment: SysTick_Wait1us unused
2 symbols
516 symbols in table
