


ARM Macro Assembler    Page 1 


    1 00000000         ; gpio.s
    2 00000000         ; Desenvolvido para a placa EK-TM4C1294XL
    3 00000000         
    4 00000000         ; ------------------------------------------------------
                       -------------------------
    5 00000000                 THUMB                        ; Instruções do tip
                                                            o Thumb-2
    6 00000000         ; ------------------------------------------------------
                       -------------------------
    7 00000000         ; Declarações EQU - Defines
    8 00000000         ; ========================
    9 00000000         ; Definições de Valores
   10 00000000 00000001 
                       TRUE    EQU              0x1
   11 00000000 00000000 
                       FALSE   EQU              0x0
   12 00000000 00000001 
                       BIT0    EQU              2_00000001
   13 00000000 00000002 
                       BIT1    EQU              2_00000010
   14 00000000 00000004 
                       BIT2    EQU              2_00000100
   15 00000000 00000008 
                       BIT3    EQU              2_00001000
   16 00000000 00000010 
                       BIT4    EQU              2_00010000
   17 00000000 00000020 
                       BIT5    EQU              2_00100000
   18 00000000 00000040 
                       BIT6    EQU              2_01000000
   19 00000000 00000080 
                       BIT7    EQU              2_10000000
   20 00000000         
   21 00000000 0000003F 
                       DISP_DIG_0
                               EQU              2_00111111
   22 00000000 00000006 
                       DISP_DIG_1
                               EQU              2_00000110
   23 00000000 0000005B 
                       DISP_DIG_2
                               EQU              2_01011011
   24 00000000 0000004F 
                       DISP_DIG_3
                               EQU              2_01001111
   25 00000000 00000066 
                       DISP_DIG_4
                               EQU              2_01100110
   26 00000000 0000006D 
                       DISP_DIG_5
                               EQU              2_01101101
   27 00000000 0000007D 
                       DISP_DIG_6
                               EQU              2_01111101
   28 00000000 00000007 
                       DISP_DIG_7
                               EQU              2_00000111
   29 00000000 0000007F 
                       DISP_DIG_8



ARM Macro Assembler    Page 2 


                               EQU              2_01111111
   30 00000000 0000006F 
                       DISP_DIG_9
                               EQU              2_01101111
   31 00000000 00000077 
                       DISP_DIG_A
                               EQU              2_01110111
   32 00000000 0000007C 
                       DISP_DIG_B
                               EQU              2_01111100
   33 00000000 00000039 
                       DISP_DIG_C
                               EQU              2_00111001
   34 00000000 0000005E 
                       DISP_DIG_D
                               EQU              2_01011110
   35 00000000 00000079 
                       DISP_DIG_E
                               EQU              2_01111001
   36 00000000 00000071 
                       DISP_DIG_F
                               EQU              2_01110001
   37 00000000         ; ========================
   38 00000000         ; Definições dos Registradores Gerais
   39 00000000 400FE608 
                       SYSCTL_RCGCGPIO_R
                               EQU              0x400FE608
   40 00000000 400FEA08 
                       SYSCTL_PRGPIO_R
                               EQU              0x400FEA08
   41 00000000         
   42 00000000         ; ========================
   43 00000000         ; Definições dos Ports
   44 00000000         
   45 00000000         ; PORT Q
   46 00000000 00000001 
                       GPIO_PORTA
                               EQU              2_000000000000001
   47 00000000 00000002 
                       GPIO_PORTB
                               EQU              2_000000000000010
   48 00000000 00000004 
                       GPIO_PORTC
                               EQU              2_000000000000100
   49 00000000 00000008 
                       GPIO_PORTD
                               EQU              2_000000000001000
   50 00000000 00000010 
                       GPIO_PORTE
                               EQU              2_000000000010000
   51 00000000 00000020 
                       GPIO_PORTF
                               EQU              2_000000000100000
   52 00000000 00000040 
                       GPIO_PORTG
                               EQU              2_000000001000000
   53 00000000 00000080 
                       GPIO_PORTH
                               EQU              2_000000010000000



ARM Macro Assembler    Page 3 


   54 00000000 00000100 
                       GPIO_PORTJ
                               EQU              2_000000100000000
   55 00000000 00000200 
                       GPIO_PORTK
                               EQU              2_000001000000000
   56 00000000 00000400 
                       GPIO_PORTL
                               EQU              2_000010000000000
   57 00000000 00000800 
                       GPIO_PORTM
                               EQU              2_000100000000000
   58 00000000 00001000 
                       GPIO_PORTN
                               EQU              2_001000000000000
   59 00000000 00002000 
                       GPIO_PORTP
                               EQU              2_010000000000000
   60 00000000 00004000 
                       GPIO_PORTQ
                               EQU              2_100000000000000
   61 00000000         
   62 00000000         ; PORT A
   63 00000000 40058000 
                       GPIO_PORTA_AHB_DATA_BITS_R
                               EQU              0x40058000
   64 00000000 400583FC 
                       GPIO_PORTA_AHB_DATA_R
                               EQU              0x400583FC
   65 00000000 40058400 
                       GPIO_PORTA_AHB_DIR_R
                               EQU              0x40058400
   66 00000000 40058404 
                       GPIO_PORTA_AHB_IS_R
                               EQU              0x40058404
   67 00000000 40058408 
                       GPIO_PORTA_AHB_IBE_R
                               EQU              0x40058408
   68 00000000 4005840C 
                       GPIO_PORTA_AHB_IEV_R
                               EQU              0x4005840C
   69 00000000 40058410 
                       GPIO_PORTA_AHB_IM_R
                               EQU              0x40058410
   70 00000000 40058414 
                       GPIO_PORTA_AHB_RIS_R
                               EQU              0x40058414
   71 00000000 40058418 
                       GPIO_PORTA_AHB_MIS_R
                               EQU              0x40058418
   72 00000000 4005841C 
                       GPIO_PORTA_AHB_ICR_R
                               EQU              0x4005841C
   73 00000000 40058420 
                       GPIO_PORTA_AHB_AFSEL_R
                               EQU              0x40058420
   74 00000000 40058500 
                       GPIO_PORTA_AHB_DR2R_R
                               EQU              0x40058500



ARM Macro Assembler    Page 4 


   75 00000000 40058504 
                       GPIO_PORTA_AHB_DR4R_R
                               EQU              0x40058504
   76 00000000 40058508 
                       GPIO_PORTA_AHB_DR8R_R
                               EQU              0x40058508
   77 00000000 4005850C 
                       GPIO_PORTA_AHB_ODR_R
                               EQU              0x4005850C
   78 00000000 40058510 
                       GPIO_PORTA_AHB_PUR_R
                               EQU              0x40058510
   79 00000000 40058514 
                       GPIO_PORTA_AHB_PDR_R
                               EQU              0x40058514
   80 00000000 40058518 
                       GPIO_PORTA_AHB_SLR_R
                               EQU              0x40058518
   81 00000000 4005851C 
                       GPIO_PORTA_AHB_DEN_R
                               EQU              0x4005851C
   82 00000000 40058520 
                       GPIO_PORTA_AHB_LOCK_R
                               EQU              0x40058520
   83 00000000 40058524 
                       GPIO_PORTA_AHB_CR_R
                               EQU              0x40058524
   84 00000000 40058528 
                       GPIO_PORTA_AHB_AMSEL_R
                               EQU              0x40058528
   85 00000000 4005852C 
                       GPIO_PORTA_AHB_PCTL_R
                               EQU              0x4005852C
   86 00000000 40058530 
                       GPIO_PORTA_AHB_ADCCTL_R
                               EQU              0x40058530
   87 00000000 40058534 
                       GPIO_PORTA_AHB_DMACTL_R
                               EQU              0x40058534
   88 00000000 40058538 
                       GPIO_PORTA_AHB_SI_R
                               EQU              0x40058538
   89 00000000 4005853C 
                       GPIO_PORTA_AHB_DR12R_R
                               EQU              0x4005853C
   90 00000000 40058540 
                       GPIO_PORTA_AHB_WAKEPEN_R
                               EQU              0x40058540
   91 00000000 40058544 
                       GPIO_PORTA_AHB_WAKELVL_R
                               EQU              0x40058544
   92 00000000 40058548 
                       GPIO_PORTA_AHB_WAKESTAT_R
                               EQU              0x40058548
   93 00000000 40058FC0 
                       GPIO_PORTA_AHB_PP_R
                               EQU              0x40058FC0
   94 00000000 40058FC4 
                       GPIO_PORTA_AHB_PC_R



ARM Macro Assembler    Page 5 


                               EQU              0x40058FC4
   95 00000000         
   96 00000000         ; PORT B
   97 00000000 40059000 
                       GPIO_PORTB_AHB_DATA_BITS_R
                               EQU              0x40059000
   98 00000000 400593FC 
                       GPIO_PORTB_AHB_DATA_R
                               EQU              0x400593FC
   99 00000000 40059400 
                       GPIO_PORTB_AHB_DIR_R
                               EQU              0x40059400
  100 00000000 40059404 
                       GPIO_PORTB_AHB_IS_R
                               EQU              0x40059404
  101 00000000 40059408 
                       GPIO_PORTB_AHB_IBE_R
                               EQU              0x40059408
  102 00000000 4005940C 
                       GPIO_PORTB_AHB_IEV_R
                               EQU              0x4005940C
  103 00000000 40059410 
                       GPIO_PORTB_AHB_IM_R
                               EQU              0x40059410
  104 00000000 40059414 
                       GPIO_PORTB_AHB_RIS_R
                               EQU              0x40059414
  105 00000000 40059418 
                       GPIO_PORTB_AHB_MIS_R
                               EQU              0x40059418
  106 00000000 4005941C 
                       GPIO_PORTB_AHB_ICR_R
                               EQU              0x4005941C
  107 00000000 40059420 
                       GPIO_PORTB_AHB_AFSEL_R
                               EQU              0x40059420
  108 00000000 40059500 
                       GPIO_PORTB_AHB_DR2R_R
                               EQU              0x40059500
  109 00000000 40059504 
                       GPIO_PORTB_AHB_DR4R_R
                               EQU              0x40059504
  110 00000000 40059508 
                       GPIO_PORTB_AHB_DR8R_R
                               EQU              0x40059508
  111 00000000 4005950C 
                       GPIO_PORTB_AHB_ODR_R
                               EQU              0x4005950C
  112 00000000 40059510 
                       GPIO_PORTB_AHB_PUR_R
                               EQU              0x40059510
  113 00000000 40059514 
                       GPIO_PORTB_AHB_PDR_R
                               EQU              0x40059514
  114 00000000 40059518 
                       GPIO_PORTB_AHB_SLR_R
                               EQU              0x40059518
  115 00000000 4005951C 
                       GPIO_PORTB_AHB_DEN_R



ARM Macro Assembler    Page 6 


                               EQU              0x4005951C
  116 00000000 40059520 
                       GPIO_PORTB_AHB_LOCK_R
                               EQU              0x40059520
  117 00000000 40059524 
                       GPIO_PORTB_AHB_CR_R
                               EQU              0x40059524
  118 00000000 40059528 
                       GPIO_PORTB_AHB_AMSEL_R
                               EQU              0x40059528
  119 00000000 4005952C 
                       GPIO_PORTB_AHB_PCTL_R
                               EQU              0x4005952C
  120 00000000 40059530 
                       GPIO_PORTB_AHB_ADCCTL_R
                               EQU              0x40059530
  121 00000000 40059534 
                       GPIO_PORTB_AHB_DMACTL_R
                               EQU              0x40059534
  122 00000000 40059538 
                       GPIO_PORTB_AHB_SI_R
                               EQU              0x40059538
  123 00000000 4005953C 
                       GPIO_PORTB_AHB_DR12R_R
                               EQU              0x4005953C
  124 00000000 40059540 
                       GPIO_PORTB_AHB_WAKEPEN_R
                               EQU              0x40059540
  125 00000000 40059544 
                       GPIO_PORTB_AHB_WAKELVL_R
                               EQU              0x40059544
  126 00000000 40059548 
                       GPIO_PORTB_AHB_WAKESTAT_R
                               EQU              0x40059548
  127 00000000 40059FC0 
                       GPIO_PORTB_AHB_PP_R
                               EQU              0x40059FC0
  128 00000000 40059FC4 
                       GPIO_PORTB_AHB_PC_R
                               EQU              0x40059FC4
  129 00000000         
  130 00000000         ; PORT J
  131 00000000 40060520 
                       GPIO_PORTJ_AHB_LOCK_R
                               EQU              0x40060520
  132 00000000 40060524 
                       GPIO_PORTJ_AHB_CR_R
                               EQU              0x40060524
  133 00000000 40060528 
                       GPIO_PORTJ_AHB_AMSEL_R
                               EQU              0x40060528
  134 00000000 4006052C 
                       GPIO_PORTJ_AHB_PCTL_R
                               EQU              0x4006052C
  135 00000000 40060400 
                       GPIO_PORTJ_AHB_DIR_R
                               EQU              0x40060400
  136 00000000 40060420 
                       GPIO_PORTJ_AHB_AFSEL_R



ARM Macro Assembler    Page 7 


                               EQU              0x40060420
  137 00000000 4006051C 
                       GPIO_PORTJ_AHB_DEN_R
                               EQU              0x4006051C
  138 00000000 40060510 
                       GPIO_PORTJ_AHB_PUR_R
                               EQU              0x40060510
  139 00000000 400603FC 
                       GPIO_PORTJ_AHB_DATA_R
                               EQU              0x400603FC
  140 00000000         
  141 00000000         ; PORT F
  142 00000000 4005D520 
                       GPIO_PORTF_AHB_LOCK_R
                               EQU              0x4005D520
  143 00000000 4005D524 
                       GPIO_PORTF_AHB_CR_R
                               EQU              0x4005D524
  144 00000000 4005D528 
                       GPIO_PORTF_AHB_AMSEL_R
                               EQU              0x4005D528
  145 00000000 4005D52C 
                       GPIO_PORTF_AHB_PCTL_R
                               EQU              0x4005D52C
  146 00000000 4005D400 
                       GPIO_PORTF_AHB_DIR_R
                               EQU              0x4005D400
  147 00000000 4005D420 
                       GPIO_PORTF_AHB_AFSEL_R
                               EQU              0x4005D420
  148 00000000 4005D51C 
                       GPIO_PORTF_AHB_DEN_R
                               EQU              0x4005D51C
  149 00000000 4005D510 
                       GPIO_PORTF_AHB_PUR_R
                               EQU              0x4005D510
  150 00000000 4005D3FC 
                       GPIO_PORTF_AHB_DATA_R
                               EQU              0x4005D3FC
  151 00000000         
  152 00000000         ; PORT P
  153 00000000 40065000 
                       GPIO_PORTP_DATA_BITS_R
                               EQU              0x40065000
  154 00000000 400653FC 
                       GPIO_PORTP_DATA_R
                               EQU              0x400653FC
  155 00000000 40065400 
                       GPIO_PORTP_DIR_R
                               EQU              0x40065400
  156 00000000 40065404 
                       GPIO_PORTP_IS_R
                               EQU              0x40065404
  157 00000000 40065408 
                       GPIO_PORTP_IBE_R
                               EQU              0x40065408
  158 00000000 4006540C 
                       GPIO_PORTP_IEV_R
                               EQU              0x4006540C



ARM Macro Assembler    Page 8 


  159 00000000 40065410 
                       GPIO_PORTP_IM_R
                               EQU              0x40065410
  160 00000000 40065414 
                       GPIO_PORTP_RIS_R
                               EQU              0x40065414
  161 00000000 40065418 
                       GPIO_PORTP_MIS_R
                               EQU              0x40065418
  162 00000000 4006541C 
                       GPIO_PORTP_ICR_R
                               EQU              0x4006541C
  163 00000000 40065420 
                       GPIO_PORTP_AFSEL_R
                               EQU              0x40065420
  164 00000000 40065500 
                       GPIO_PORTP_DR2R_R
                               EQU              0x40065500
  165 00000000 40065504 
                       GPIO_PORTP_DR4R_R
                               EQU              0x40065504
  166 00000000 40065508 
                       GPIO_PORTP_DR8R_R
                               EQU              0x40065508
  167 00000000 4006550C 
                       GPIO_PORTP_ODR_R
                               EQU              0x4006550C
  168 00000000 40065510 
                       GPIO_PORTP_PUR_R
                               EQU              0x40065510
  169 00000000 40065514 
                       GPIO_PORTP_PDR_R
                               EQU              0x40065514
  170 00000000 40065518 
                       GPIO_PORTP_SLR_R
                               EQU              0x40065518
  171 00000000 4006551C 
                       GPIO_PORTP_DEN_R
                               EQU              0x4006551C
  172 00000000 40065520 
                       GPIO_PORTP_LOCK_R
                               EQU              0x40065520
  173 00000000 40065524 
                       GPIO_PORTP_CR_R
                               EQU              0x40065524
  174 00000000 40065528 
                       GPIO_PORTP_AMSEL_R
                               EQU              0x40065528
  175 00000000 4006552C 
                       GPIO_PORTP_PCTL_R
                               EQU              0x4006552C
  176 00000000 40065530 
                       GPIO_PORTP_ADCCTL_R
                               EQU              0x40065530
  177 00000000 40065534 
                       GPIO_PORTP_DMACTL_R
                               EQU              0x40065534
  178 00000000 40065538 
                       GPIO_PORTP_SI_R



ARM Macro Assembler    Page 9 


                               EQU              0x40065538
  179 00000000 4006553C 
                       GPIO_PORTP_DR12R_R
                               EQU              0x4006553C
  180 00000000 40065540 
                       GPIO_PORTP_WAKEPEN_R
                               EQU              0x40065540
  181 00000000 40065544 
                       GPIO_PORTP_WAKELVL_R
                               EQU              0x40065544
  182 00000000 40065548 
                       GPIO_PORTP_WAKESTAT_R
                               EQU              0x40065548
  183 00000000 40065FC0 
                       GPIO_PORTP_PP_R
                               EQU              0x40065FC0
  184 00000000 40065FC4 
                       GPIO_PORTP_PC_R
                               EQU              0x40065FC4
  185 00000000         
  186 00000000         ; PORT Q
  187 00000000 40066000 
                       GPIO_PORTQ_DATA_BITS_R
                               EQU              0x40066000
  188 00000000 400663FC 
                       GPIO_PORTQ_DATA_R
                               EQU              0x400663FC
  189 00000000 40066400 
                       GPIO_PORTQ_DIR_R
                               EQU              0x40066400
  190 00000000 40066404 
                       GPIO_PORTQ_IS_R
                               EQU              0x40066404
  191 00000000 40066408 
                       GPIO_PORTQ_IBE_R
                               EQU              0x40066408
  192 00000000 4006640C 
                       GPIO_PORTQ_IEV_R
                               EQU              0x4006640C
  193 00000000 40066410 
                       GPIO_PORTQ_IM_R
                               EQU              0x40066410
  194 00000000 40066414 
                       GPIO_PORTQ_RIS_R
                               EQU              0x40066414
  195 00000000 40066418 
                       GPIO_PORTQ_MIS_R
                               EQU              0x40066418
  196 00000000 4006641C 
                       GPIO_PORTQ_ICR_R
                               EQU              0x4006641C
  197 00000000 40066420 
                       GPIO_PORTQ_AFSEL_R
                               EQU              0x40066420
  198 00000000 40066500 
                       GPIO_PORTQ_DR2R_R
                               EQU              0x40066500
  199 00000000 40066504 
                       GPIO_PORTQ_DR4R_R



ARM Macro Assembler    Page 10 


                               EQU              0x40066504
  200 00000000 40066508 
                       GPIO_PORTQ_DR8R_R
                               EQU              0x40066508
  201 00000000 4006650C 
                       GPIO_PORTQ_ODR_R
                               EQU              0x4006650C
  202 00000000 40066510 
                       GPIO_PORTQ_PUR_R
                               EQU              0x40066510
  203 00000000 40066514 
                       GPIO_PORTQ_PDR_R
                               EQU              0x40066514
  204 00000000 40066518 
                       GPIO_PORTQ_SLR_R
                               EQU              0x40066518
  205 00000000 4006651C 
                       GPIO_PORTQ_DEN_R
                               EQU              0x4006651C
  206 00000000 40066520 
                       GPIO_PORTQ_LOCK_R
                               EQU              0x40066520
  207 00000000 40066524 
                       GPIO_PORTQ_CR_R
                               EQU              0x40066524
  208 00000000 40066528 
                       GPIO_PORTQ_AMSEL_R
                               EQU              0x40066528
  209 00000000 4006652C 
                       GPIO_PORTQ_PCTL_R
                               EQU              0x4006652C
  210 00000000 40066530 
                       GPIO_PORTQ_ADCCTL_R
                               EQU              0x40066530
  211 00000000 40066534 
                       GPIO_PORTQ_DMACTL_R
                               EQU              0x40066534
  212 00000000 40066538 
                       GPIO_PORTQ_SI_R
                               EQU              0x40066538
  213 00000000 4006653C 
                       GPIO_PORTQ_DR12R_R
                               EQU              0x4006653C
  214 00000000 40066540 
                       GPIO_PORTQ_WAKEPEN_R
                               EQU              0x40066540
  215 00000000 40066544 
                       GPIO_PORTQ_WAKELVL_R
                               EQU              0x40066544
  216 00000000 40066548 
                       GPIO_PORTQ_WAKESTAT_R
                               EQU              0x40066548
  217 00000000 40066FC0 
                       GPIO_PORTQ_PP_R
                               EQU              0x40066FC0
  218 00000000 40066FC4 
                       GPIO_PORTQ_PC_R
                               EQU              0x40066FC4
  219 00000000         



ARM Macro Assembler    Page 11 


  220 00000000         ; ------------------------------------------------------
                       -------------------------
  221 00000000         ; Área de Código - Tudo abaixo da diretiva a seguir será
                        armazenado na memória de 
  222 00000000         ;                  código
  223 00000000                 AREA             |.text|, CODE, READONLY, ALIGN=
2
  224 00000000         
  225 00000000         ; Se alguma função do arquivo for chamada em outro arqui
                       vo 
  226 00000000                 EXPORT           GPIO_Init   ; Permite chamar GP
                                                            IO_Init de outro ar
                                                            quivo
  227 00000000                 EXPORT           PortF_Output ; Permite chamar P
                                                            ortN_Output de outr
                                                            o arquivo
  228 00000000                 EXPORT           PortJ_Input ; Permite chamar Po
                                                            rtJ_Input de outro 
                                                            arquivo
  229 00000000                 EXPORT           select_leds
  230 00000000                 EXPORT           set_leds
  231 00000000                 EXPORT           set_DS1_ON
  232 00000000                 EXPORT           set_DS2_ON
  233 00000000                 EXPORT           select_dig_DS
  234 00000000         
  235 00000000         
  236 00000000         ;-------------------------------------------------------
                       -------------------------
  237 00000000         ; Função GPIO_Init
  238 00000000         ; Parâmetro de entrada: Não tem
  239 00000000         ; Parâmetro de saída: Não tem
  240 00000000         GPIO_Init
  241 00000000         ;=====================
  242 00000000         ; 1. Ativar o clock para a porta setando o bit correspon
                       dente no registrador RCGCGPIO,
  243 00000000         ; após isso verificar no PRGPIO se a porta está pronta p
                       ara uso.
  244 00000000         ; enable clock to GPIOF at clock gating register
  245 00000000 488E            LDR              R0, =SYSCTL_RCGCGPIO_R ;Carrega
                                                             o endereço do regi
                                                            strador RCGCGPIO
  246 00000002 F04F 0120       MOV              R1, #GPIO_PORTF ;Seta o bit da 
                                                            porta F
  247 00000006 F441 7180       ORR              R1, #GPIO_PORTJ ;Seta o bit da 
                                                            porta J, fazendo co
                                                            m OR
  248 0000000A F441 4180       ORR              R1, #GPIO_PORTQ
  249 0000000E F441 5100       ORR              R1, #GPIO_PORTP
  250 00000012 F041 0101       ORR              R1, #GPIO_PORTA
  251 00000016 F041 0102       ORR              R1, #GPIO_PORTB
  252 0000001A 6001            STR              R1, [R0]    ;Move para a memóri
                                                            a os bits das porta
                                                            s no endereço do RC
                                                            GCGPIO
  253 0000001C         
  254 0000001C 4888            LDR              R0, =SYSCTL_PRGPIO_R ;Carrega o
                                                             endereço do PRGPIO
                                                             para esperar os GP
                                                            IO ficarem prontos



ARM Macro Assembler    Page 12 


  255 0000001E 6801    EsperaGPIO
                               LDR              R1, [R0]    ;Lê da memória o co
                                                            nteúdo do endereço 
                                                            do registrador
  256 00000020 F04F 0220       MOV              R2, #GPIO_PORTF ;Seta os bits c
                                                            orrespondentes às p
                                                            ortas para fazer a 
                                                            comparação
  257 00000024 F442 7280       ORR              R2, #GPIO_PORTJ ;Seta o bit da 
                                                            porta J, fazendo co
                                                            m OR
  258 00000028 F442 4280       ORR              R2, #GPIO_PORTQ
  259 0000002C F442 5200       ORR              R2, #GPIO_PORTP
  260 00000030 F042 0201       ORR              R2, #GPIO_PORTA
  261 00000034 F042 0202       ORR              R2, #GPIO_PORTB
  262 00000038 4211            TST              R1, R2      ;ANDS de R1 com R2
  263 0000003A D0F0            BEQ              EsperaGPIO  ;Se o flag Z=1, vol
                                                            ta para o laço. Sen
                                                            ão continua executa
                                                            ndo
  264 0000003C         
  265 0000003C         ; 2. Limpar o AMSEL para desabilitar a analógica
  266 0000003C F04F 0100       MOV              R1, #0x00   ;Colocar 0 no regis
                                                            trador para desabil
                                                            itar a função analó
                                                            gica
  267 00000040 4880            LDR              R0, =GPIO_PORTJ_AHB_AMSEL_R ;Ca
                                                            rrega o R0 com o en
                                                            dereço do AMSEL par
                                                            a a porta J
  268 00000042 6001            STR              R1, [R0]    ;Guarda no registra
                                                            dor AMSEL da porta 
                                                            J da memória
  269 00000044 4880            LDR              R0, =GPIO_PORTF_AHB_AMSEL_R ;Ca
                                                            rrega o R0 com o en
                                                            dereço do AMSEL par
                                                            a a porta F
  270 00000046 6001            STR              R1, [R0]    ;Guarda no registra
                                                            dor AMSEL da porta 
                                                            F da memória
  271 00000048 4880            LDR              R0, =GPIO_PORTQ_AMSEL_R
  272 0000004A 6001            STR              R1, [R0]
  273 0000004C 4880            LDR              R0, =GPIO_PORTP_AMSEL_R
  274 0000004E 6001            STR              R1, [R0]
  275 00000050 4880            LDR              R0, =GPIO_PORTA_AHB_AMSEL_R
  276 00000052 6001            STR              R1, [R0]
  277 00000054 4880            LDR              R0, =GPIO_PORTB_AHB_AMSEL_R
  278 00000056 6001            STR              R1, [R0]
  279 00000058         
  280 00000058         ; 3. Limpar PCTL para selecionar o GPIO
  281 00000058 F04F 0100       MOV              R1, #0x00   ;Colocar 0 no regis
                                                            trador para selecio
                                                            nar o modo GPIO
  282 0000005C 487F            LDR              R0, =GPIO_PORTJ_AHB_PCTL_R ;Car
                                                            rega o R0 com o end
                                                            ereço do PCTL para 
                                                            a porta J
  283 0000005E 6001            STR              R1, [R0]    ;Guarda no registra
                                                            dor PCTL da porta J



ARM Macro Assembler    Page 13 


                                                             da memória
  284 00000060 487F            LDR              R0, =GPIO_PORTF_AHB_PCTL_R ;Car
                                                            rega o R0 com o end
                                                            ereço do PCTL para 
                                                            a porta F
  285 00000062 6001            STR              R1, [R0]    ;Guarda no registra
                                                            dor PCTL da porta F
                                                             da memória
  286 00000064 487F            LDR              R0, =GPIO_PORTQ_PCTL_R
  287 00000066 6001            STR              R1, [R0]
  288 00000068 487F            LDR              R0, =GPIO_PORTP_PCTL_R
  289 0000006A 6001            STR              R1, [R0]
  290 0000006C 487F            LDR              R0, =GPIO_PORTA_AHB_PCTL_R
  291 0000006E 6001            STR              R1, [R0]
  292 00000070 487F            LDR              R0, =GPIO_PORTB_AHB_PCTL_R
  293 00000072 6001            STR              R1, [R0]
  294 00000074         
  295 00000074         ; 4. DIR para 0 se for entrada, 1 se for saída
  296 00000074 487F            LDR              R0, =GPIO_PORTF_AHB_DIR_R ;Carr
                                                            ega o R0 com o ende
                                                            reço do DIR para a 
                                                            porta F
  297 00000076 F04F 0101       MOV              R1, #BIT0   ;PF4 & PF0 para LED
                                                            
  298 0000007A F041 0110       ORR              R1, #BIT4
  299 0000007E 6001            STR              R1, [R0]    ;Guarda no registra
                                                            dor
  300 00000080         ; O certo era verificar os outros bits da PF para não tr
                       ansformar entradas em saídas desnecessárias
  301 00000080 487D            LDR              R0, =GPIO_PORTJ_AHB_DIR_R ;Carr
                                                            ega o R0 com o ende
                                                            reço do DIR para a 
                                                            porta J
  302 00000082 F04F 0100       MOV              R1, #0x00   ;Colocar 0 no regis
                                                            trador DIR para fun
                                                            cionar com saída
  303 00000086 6001            STR              R1, [R0]    ;Guarda no registra
                                                            dor PCTL da porta J
                                                             da memória
  304 00000088         
  305 00000088 487C            LDR              R0, =GPIO_PORTQ_DIR_R
  306 0000008A F04F 0101       MOV              R1, #BIT0
  307 0000008E F041 0102       ORR              R1, #BIT1
  308 00000092 F041 0104       ORR              R1, #BIT2
  309 00000096 F041 0108       ORR              R1, #BIT3
  310 0000009A 6001            STR              R1, [R0]
  311 0000009C         
  312 0000009C 4878            LDR              R0, =GPIO_PORTP_DIR_R
  313 0000009E F04F 0120       MOV              R1, #BIT5
  314 000000A2 6001            STR              R1, [R0]
  315 000000A4         
  316 000000A4 4877            LDR              R0, =GPIO_PORTA_AHB_DIR_R
  317 000000A6 F04F 0110       MOV              R1, #BIT4
  318 000000AA F041 0120       ORR              R1, #BIT5
  319 000000AE F041 0140       ORR              R1, #BIT6
  320 000000B2 F041 0180       ORR              R1, #BIT7
  321 000000B6 6001            STR              R1, [R0]
  322 000000B8         
  323 000000B8 4873            LDR              R0, =GPIO_PORTB_AHB_DIR_R



ARM Macro Assembler    Page 14 


  324 000000BA F04F 0110       MOV              R1, #BIT4
  325 000000BE F041 0120       ORR              R1, #BIT5
  326 000000C2 6001            STR              R1, [R0]
  327 000000C4         
  328 000000C4         ; 5. Limpar os bits AFSEL para 0 para selecionar GPIO 
  329 000000C4         ;    Sem função alternativa
  330 000000C4 F04F 0100       MOV              R1, #0x00   ;Colocar o valor 0 
                                                            para não setar funç
                                                            ão alternativa
  331 000000C8 4870            LDR              R0, =GPIO_PORTF_AHB_AFSEL_R ;Ca
                                                            rrega o endereço do
                                                             AFSEL da porta F
  332 000000CA 6001            STR              R1, [R0]    ;Escreve na porta
  333 000000CC 4870            LDR              R0, =GPIO_PORTJ_AHB_AFSEL_R ;Ca
                                                            rrega o endereço do
                                                             AFSEL da porta J
  334 000000CE 6001            STR              R1, [R0]    ;Escreve na porta
  335 000000D0 4870            LDR              R0, =GPIO_PORTQ_AFSEL_R
  336 000000D2 6001            STR              R1, [R0]
  337 000000D4 4870            LDR              R0, =GPIO_PORTP_AFSEL_R
  338 000000D6 6001            STR              R1, [R0]
  339 000000D8 4870            LDR              R0, =GPIO_PORTA_AHB_AFSEL_R
  340 000000DA 6001            STR              R1, [R0]
  341 000000DC 4870            LDR              R0, =GPIO_PORTB_AHB_AFSEL_R
  342 000000DE 6001            STR              R1, [R0]
  343 000000E0         
  344 000000E0         ; 6. Setar os bits de DEN para habilitar I/O digital
  345 000000E0 4870            LDR              R0, =GPIO_PORTF_AHB_DEN_R ;Carr
                                                            ega o endereço do D
                                                            EN
  346 000000E2         ;Ativa os pinos PF0 e PF4 como I/O Digital  
  347 000000E2 F04F 0101       MOV              R1, #BIT0
  348 000000E6 F041 0110       ORR              R1, #BIT4
  349 000000EA 6001            STR              R1, [R0]    ;Escreve no registr
                                                            ador da memória fun
                                                            cionalidade digital
                                                             
  350 000000EC         
  351 000000EC 486E            LDR              R0, =GPIO_PORTJ_AHB_DEN_R ;Carr
                                                            ega o endereço do D
                                                            EN
  352 000000EE         ;Ativa os pinos PJ0 e PJ1 como I/O Digital      
  353 000000EE F04F 0101       MOV              R1, #BIT0
  354 000000F2 F041 0102       ORR              R1, #BIT1
  355 000000F6 6001            STR              R1, [R0]    ;Escreve no registr
                                                            ador da memória fun
                                                            cionalidade digital
                                                            
  356 000000F8         
  357 000000F8 486C            LDR              R0, =GPIO_PORTQ_DEN_R
  358 000000FA F04F 0101       MOV              R1, #BIT0
  359 000000FE F041 0102       ORR              R1, #BIT1
  360 00000102 F041 0104       ORR              R1, #BIT2
  361 00000106 F041 0108       ORR              R1, #BIT3
  362 0000010A 6001            STR              R1, [R0]
  363 0000010C         
  364 0000010C 4868            LDR              R0, =GPIO_PORTP_DEN_R
  365 0000010E F04F 0120       MOV              R1, #BIT5
  366 00000112 6001            STR              R1, [R0]



ARM Macro Assembler    Page 15 


  367 00000114         
  368 00000114 4867            LDR              R0, =GPIO_PORTA_AHB_DEN_R
  369 00000116 F04F 0110       MOV              R1, #BIT4
  370 0000011A F041 0120       ORR              R1, #BIT5
  371 0000011E F041 0140       ORR              R1, #BIT6
  372 00000122 F041 0180       ORR              R1, #BIT7
  373 00000126 6001            STR              R1, [R0]
  374 00000128         
  375 00000128 4863            LDR              R0, =GPIO_PORTB_AHB_DEN_R
  376 0000012A F04F 0110       MOV              R1, #BIT4
  377 0000012E F041 0120       ORR              R1, #BIT5
  378 00000132 6001            STR              R1, [R0]
  379 00000134         
  380 00000134         ; 7. Para habilitar resistor de pull-up interno, setar P
                       UR para 1
  381 00000134 4861            LDR              R0, =GPIO_PORTJ_AHB_PUR_R ;Carr
                                                            ega o endereço do P
                                                            UR para a porta J
  382 00000136         ;Habilitar funcionalidade digital de resistor de pull-up
                        nos bits 0 e 1
  383 00000136 F04F 0101       MOV              R1, #BIT0
  384 0000013A F041 0102       ORR              R1, #BIT1
  385 0000013E 6001            STR              R1, [R0]    ;Escreve no registr
                                                            ador da memória do 
                                                            resistor de pull-up
                                                            
  386 00000140         
  387 00000140         ;retorno            
  388 00000140 4770            BX               LR
  389 00000142         
  390 00000142         ; ------------------------------------------------------
                       -------------------------
  391 00000142         ; Função PortF_Output
  392 00000142         ; Parâmetro de entrada: R0 --> se os BIT4 e BIT0 estão l
                       igado ou desligado
  393 00000142         ; Parâmetro de saída: Não tem
  394 00000142         PortF_Output
  395 00000142 495F            LDR              R1, =GPIO_PORTF_AHB_DATA_R ;Car
                                                            rega o valor do off
                                                            set do data registe
                                                            r
  396 00000144         ;Read-Modify-Write para escrita
  397 00000144 680A            LDR              R2, [R1]
  398 00000146 F022 0211       BIC              R2, #2_00010001 ;Primeiro limpa
                                                            mos os dois bits do
                                                             lido da porta R2 =
                                                             R2 & 11101110
  399 0000014A EA40 0002       ORR              R0, R0, R2  ;Fazer o OR do lido
                                                             pela porta com o p
                                                            arâmetro de entrada
                                                            
  400 0000014E 6008            STR              R0, [R1]    ;Escreve na porta F
                                                             o barramento de da
                                                            dos dos pinos F4 e 
                                                            F0
  401 00000150 4770            BX               LR          ;Retorno
  402 00000152         
  403 00000152         ; ------------------------------------------------------
                       -------------------------



ARM Macro Assembler    Page 16 


  404 00000152         ; Função select_leds
  405 00000152         ; Parâmetro de entrada: R0 --> 0x0000XXXX X=1: led selec
                       ionado, X=0: led nao selecioando
  406 00000152         ; Parâmetro de saída: Não tem
  407 00000152         select_leds
  408 00000152 495C            LDR              R1, =GPIO_PORTQ_DATA_R
  409 00000154 F04F 020F       MOV              R2, #2_00001111
  410 00000158 EA02 0200       AND              R2, R2, R0
  411 0000015C 600A            STR              R2, [R1]
  412 0000015E         
  413 0000015E 495A            LDR              R1, =GPIO_PORTA_AHB_DATA_R
  414 00000160 F04F 02F0       MOV              R2, #2_11110000
  415 00000164 EA02 0200       AND              R2, R2, R0
  416 00000168 600A            STR              R2, [R1]
  417 0000016A 4770            BX               LR
  418 0000016C         
  419 0000016C         ; ------------------------------------------------------
                       -------------------------
  420 0000016C         ; Função select_dig_DS
  421 0000016C         ; Parâmetro de entrada: R0 --> 0 a F, R0 := 0 a F => R0 
                       = 0
  422 0000016C         ; Parâmetro de saída: Não tem
  423 0000016C         select_dig_DS
  424 0000016C F04F 010F       MOV              R1, #0xF    ;seta R1 para pegar
                                                             os primerios 4 bit
                                                            s de R0
  425 00000170 EA00 0001       AND              R0, R0, R1  ;seleciona os 4 pri
                                                            meiros bits de R0
  426 00000174         ;seta os bits dos leds correspondentes de acordo com o d
                       igito
  427 00000174 2801            CMP              R0, #0x1
  428 00000176 BF04            ITT              EQ
  429 00000178 2006            LDREQ            R0, =DISP_DIG_1
  430 0000017A E039            BEQ              select_dig_DS_end
  431 0000017C 2802            CMP              R0, #0x2
  432 0000017E BF04            ITT              EQ
  433 00000180 205B            LDREQ            R0, =DISP_DIG_2
  434 00000182 E035            BEQ              select_dig_DS_end
  435 00000184 2803            CMP              R0, #0x3
  436 00000186 BF04            ITT              EQ
  437 00000188 204F            LDREQ            R0, =DISP_DIG_3
  438 0000018A E031            BEQ              select_dig_DS_end
  439 0000018C 2804            CMP              R0, #0x4
  440 0000018E BF04            ITT              EQ
  441 00000190 2066            LDREQ            R0, =DISP_DIG_4
  442 00000192 E02D            BEQ              select_dig_DS_end
  443 00000194 2805            CMP              R0, #0x5
  444 00000196 BF04            ITT              EQ
  445 00000198 206D            LDREQ            R0, =DISP_DIG_5
  446 0000019A E029            BEQ              select_dig_DS_end
  447 0000019C 2806            CMP              R0, #0x6
  448 0000019E BF04            ITT              EQ
  449 000001A0 207D            LDREQ            R0, =DISP_DIG_6
  450 000001A2 E025            BEQ              select_dig_DS_end
  451 000001A4 2807            CMP              R0, #0x7
  452 000001A6 BF04            ITT              EQ
  453 000001A8 2007            LDREQ            R0, =DISP_DIG_7
  454 000001AA E021            BEQ              select_dig_DS_end
  455 000001AC 2808            CMP              R0, #0x8



ARM Macro Assembler    Page 17 


  456 000001AE BF04            ITT              EQ
  457 000001B0 207F            LDREQ            R0, =DISP_DIG_8
  458 000001B2 E01D            BEQ              select_dig_DS_end
  459 000001B4 2809            CMP              R0, #0x9
  460 000001B6 BF04            ITT              EQ
  461 000001B8 206F            LDREQ            R0, =DISP_DIG_9
  462 000001BA E019            BEQ              select_dig_DS_end
  463 000001BC 280A            CMP              R0, #0xa
  464 000001BE BF04            ITT              EQ
  465 000001C0 2077            LDREQ            R0, =DISP_DIG_A
  466 000001C2 E015            BEQ              select_dig_DS_end
  467 000001C4 280B            CMP              R0, #0xb
  468 000001C6 BF04            ITT              EQ
  469 000001C8 207C            LDREQ            R0, =DISP_DIG_B
  470 000001CA E011            BEQ              select_dig_DS_end
  471 000001CC 280C            CMP              R0, #0xc
  472 000001CE BF04            ITT              EQ
  473 000001D0 2039            LDREQ            R0, =DISP_DIG_C
  474 000001D2 E00D            BEQ              select_dig_DS_end
  475 000001D4 280D            CMP              R0, #0xd
  476 000001D6 BF04            ITT              EQ
  477 000001D8 205E            LDREQ            R0, =DISP_DIG_D
  478 000001DA E009            BEQ              select_dig_DS_end
  479 000001DC 280E            CMP              R0, #0xe
  480 000001DE BF04            ITT              EQ
  481 000001E0 2079            LDREQ            R0, =DISP_DIG_E
  482 000001E2 E005            BEQ              select_dig_DS_end
  483 000001E4 280F            CMP              R0, #0xf
  484 000001E6 BF04            ITT              EQ
  485 000001E8 2071            LDREQ            R0, =DISP_DIG_F
  486 000001EA E001            BEQ              select_dig_DS_end
  487 000001EC F04F 003F       LDR              R0, =DISP_DIG_0
  488 000001F0         select_dig_DS_end
  489 000001F0 B500            PUSH             {LR}
  490 000001F2 F7FF FFFE       BL               select_leds
  491 000001F6 F85D EB04       POP              {LR}
  492 000001FA 4770            BX               LR
  493 000001FC         
  494 000001FC         ; ------------------------------------------------------
                       -------------------------
  495 000001FC         ; Função set_leds
  496 000001FC         ; Parâmetro de entrada: R0 --> R0 = FALSE: desliga, R0 =
                       = TRUE != 0: liga
  497 000001FC         ; Parâmetro de saída: Não tem
  498 000001FC         set_leds
  499 000001FC 2800            CMP              R0, #FALSE  ;verifica se R0 = F
                                                            ALSE
  500 000001FE BF18 2020       MOVNE            R0, #BIT5   ;seta bit para liga
                                                            r led (R0 = TRUE !=
                                                             0)
  501 00000202 4932            LDR              R1, =GPIO_PORTP_DATA_R ;carrega
                                                             endereco port P
  502 00000204 6008            STR              R0, [R1]    ;escreve em port P
  503 00000206 4770            BX               LR
  504 00000208         
  505 00000208         ; ------------------------------------------------------
                       -------------------------
  506 00000208         ; Função set_DS1_ON
  507 00000208         ; Parâmetro de entrada: R0 --> R0 = FALSE: desliga, R0 =



ARM Macro Assembler    Page 18 


                       = TRUE != 0: liga
  508 00000208         ; Parâmetro de saída: Não tem
  509 00000208         set_DS1_ON
  510 00000208 2800            CMP              R0, #FALSE  ;verifica se R0 = F
                                                            ALSE
  511 0000020A BF18 2010       MOVNE            R0, #BIT4   ;seta bit para liga
                                                            r disp 1 (R0 = TRUE
                                                             != 0)
  512 0000020E 4930            LDR              R1, =GPIO_PORTB_AHB_DATA_R ;car
                                                            rega endereco port 
                                                            B
  513 00000210 680A            LDR              R2, [R1]    ;carrega dado
  514 00000212 F022 0210       BIC              R2, #BIT4   ;limpa o bit
  515 00000216 EA42 0200       ORR              R2, R2, R0  ;mescla com o param
                                                            etro
  516 0000021A 600A            STR              R2, [R1]    ;escreve na memoria
                                                            
  517 0000021C 4770            BX               LR          ;retorno
  518 0000021E         
  519 0000021E         ; ------------------------------------------------------
                       -------------------------
  520 0000021E         ; Função set_DS2_ON
  521 0000021E         ; Parâmetro de entrada: R0 --> R0 = FALSE: desliga, R0 =
                       = TRUE != 0: liga
  522 0000021E         ; Parâmetro de saída: Não tem
  523 0000021E         set_DS2_ON
  524 0000021E 2800            CMP              R0, #FALSE  ;verifica se R0 = F
                                                            ALSE
  525 00000220 BF18 2020       MOVNE            R0, #BIT5   ;seta bit para liga
                                                            r disp 2 (R0 = TRUE
                                                             != 0)
  526 00000224 492A            LDR              R1, =GPIO_PORTB_AHB_DATA_R ;car
                                                            rega endereco port 
                                                            B
  527 00000226 680A            LDR              R2, [R1]    ;carrega dado
  528 00000228 F022 0220       BIC              R2, #BIT5   ;limpa o bit
  529 0000022C EA42 0200       ORR              R2, R2, R0  ;mescla com o param
                                                            etro
  530 00000230 600A            STR              R2, [R1]    ;escreve na memoria
                                                            
  531 00000232 4770            BX               LR          ;retorno
  532 00000234         
  533 00000234         ; ------------------------------------------------------
                       -------------------------
  534 00000234         ; Função PortJ_Input
  535 00000234         ; Parâmetro de entrada: Não tem
  536 00000234         ; Parâmetro de saída: R0 --> o valor da leitura
  537 00000234         PortJ_Input
  538 00000234 4927            LDR              R1, =GPIO_PORTJ_AHB_DATA_R ;car
                                                            rega o valor do off
                                                            set do data registe
                                                            r
  539 00000236 6808            LDR              R0, [R1]    ;lê no barramento d
                                                            e dados dos pinos [
                                                            J1-J0]
  540 00000238 4770            BX               LR          ;retorno
  541 0000023A         
  542 0000023A 00 00           ALIGN                        ; garante que o fim
                                                             da seção está alin



ARM Macro Assembler    Page 19 


                                                            hada 
  543 0000023C                 END                          ; fim do arquivo
              400FE608 
              400FEA08 
              40060528 
              4005D528 
              40066528 
              40065528 
              40058528 
              40059528 
              4006052C 
              4005D52C 
              4006652C 
              4006552C 
              4005852C 
              4005952C 
              4005D400 
              40060400 
              40066400 
              40065400 
              40058400 
              40059400 
              4005D420 
              40060420 
              40066420 
              40065420 
              40058420 
              40059420 
              4005D51C 
              4006051C 
              4006651C 
              4006551C 
              4005851C 
              4005951C 
              40060510 
              4005D3FC 
              400663FC 
              400583FC 
              400653FC 
              400593FC 
              400603FC 
Command Line: --debug --xref --diag_suppress=9931 --cpu=Cortex-M4.fp.sp --apcs=
interwork --depend=.\objects\gpio.d -o.\objects\gpio.o -IC:\Users\roger\AppData
\Local\Arm\Packs\Keil\TM4C_DFP\1.1.0\Device\Include\TM4C129 --predefine="__EVAL
 SETA 1" --predefine="__UVISION_VERSION SETA 536" --predefine="TM4C1294NCPDT SE
TA 1" --list=.\listings\gpio.lst gpio.s



ARM Macro Assembler    Page 1 Alphabetic symbol ordering
Relocatable symbols

.text 00000000

Symbol: .text
   Definitions
      At line 223 in file gpio.s
   Uses
      None
Comment: .text unused
EsperaGPIO 0000001E

Symbol: EsperaGPIO
   Definitions
      At line 255 in file gpio.s
   Uses
      At line 263 in file gpio.s
Comment: EsperaGPIO used once
GPIO_Init 00000000

Symbol: GPIO_Init
   Definitions
      At line 240 in file gpio.s
   Uses
      At line 226 in file gpio.s
Comment: GPIO_Init used once
PortF_Output 00000142

Symbol: PortF_Output
   Definitions
      At line 394 in file gpio.s
   Uses
      At line 227 in file gpio.s
Comment: PortF_Output used once
PortJ_Input 00000234

Symbol: PortJ_Input
   Definitions
      At line 537 in file gpio.s
   Uses
      At line 228 in file gpio.s
Comment: PortJ_Input used once
select_dig_DS 0000016C

Symbol: select_dig_DS
   Definitions
      At line 423 in file gpio.s
   Uses
      At line 233 in file gpio.s
Comment: select_dig_DS used once
select_dig_DS_end 000001F0

Symbol: select_dig_DS_end
   Definitions
      At line 488 in file gpio.s
   Uses
      At line 430 in file gpio.s
      At line 434 in file gpio.s
      At line 438 in file gpio.s
      At line 442 in file gpio.s
      At line 446 in file gpio.s



ARM Macro Assembler    Page 2 Alphabetic symbol ordering
Relocatable symbols

      At line 450 in file gpio.s
      At line 454 in file gpio.s
      At line 458 in file gpio.s
      At line 462 in file gpio.s
      At line 466 in file gpio.s
      At line 470 in file gpio.s
      At line 474 in file gpio.s
      At line 478 in file gpio.s
      At line 482 in file gpio.s
      At line 486 in file gpio.s

select_leds 00000152

Symbol: select_leds
   Definitions
      At line 407 in file gpio.s
   Uses
      At line 229 in file gpio.s
      At line 490 in file gpio.s

set_DS1_ON 00000208

Symbol: set_DS1_ON
   Definitions
      At line 509 in file gpio.s
   Uses
      At line 231 in file gpio.s
Comment: set_DS1_ON used once
set_DS2_ON 0000021E

Symbol: set_DS2_ON
   Definitions
      At line 523 in file gpio.s
   Uses
      At line 232 in file gpio.s
Comment: set_DS2_ON used once
set_leds 000001FC

Symbol: set_leds
   Definitions
      At line 498 in file gpio.s
   Uses
      At line 230 in file gpio.s
Comment: set_leds used once
11 symbols



ARM Macro Assembler    Page 1 Alphabetic symbol ordering
Absolute symbols

BIT0 00000001

Symbol: BIT0
   Definitions
      At line 12 in file gpio.s
   Uses
      At line 297 in file gpio.s
      At line 306 in file gpio.s
      At line 347 in file gpio.s
      At line 353 in file gpio.s
      At line 358 in file gpio.s
      At line 383 in file gpio.s

BIT1 00000002

Symbol: BIT1
   Definitions
      At line 13 in file gpio.s
   Uses
      At line 307 in file gpio.s
      At line 354 in file gpio.s
      At line 359 in file gpio.s
      At line 384 in file gpio.s

BIT2 00000004

Symbol: BIT2
   Definitions
      At line 14 in file gpio.s
   Uses
      At line 308 in file gpio.s
      At line 360 in file gpio.s

BIT3 00000008

Symbol: BIT3
   Definitions
      At line 15 in file gpio.s
   Uses
      At line 309 in file gpio.s
      At line 361 in file gpio.s

BIT4 00000010

Symbol: BIT4
   Definitions
      At line 16 in file gpio.s
   Uses
      At line 298 in file gpio.s
      At line 317 in file gpio.s
      At line 324 in file gpio.s
      At line 348 in file gpio.s
      At line 369 in file gpio.s
      At line 376 in file gpio.s
      At line 511 in file gpio.s
      At line 514 in file gpio.s

BIT5 00000020




ARM Macro Assembler    Page 2 Alphabetic symbol ordering
Absolute symbols

Symbol: BIT5
   Definitions
      At line 17 in file gpio.s
   Uses
      At line 313 in file gpio.s
      At line 318 in file gpio.s
      At line 325 in file gpio.s
      At line 365 in file gpio.s
      At line 370 in file gpio.s
      At line 377 in file gpio.s
      At line 500 in file gpio.s
      At line 525 in file gpio.s
      At line 528 in file gpio.s

BIT6 00000040

Symbol: BIT6
   Definitions
      At line 18 in file gpio.s
   Uses
      At line 319 in file gpio.s
      At line 371 in file gpio.s

BIT7 00000080

Symbol: BIT7
   Definitions
      At line 19 in file gpio.s
   Uses
      At line 320 in file gpio.s
      At line 372 in file gpio.s

DISP_DIG_0 0000003F

Symbol: DISP_DIG_0
   Definitions
      At line 21 in file gpio.s
   Uses
      At line 487 in file gpio.s
Comment: DISP_DIG_0 used once
DISP_DIG_1 00000006

Symbol: DISP_DIG_1
   Definitions
      At line 22 in file gpio.s
   Uses
      At line 429 in file gpio.s
Comment: DISP_DIG_1 used once
DISP_DIG_2 0000005B

Symbol: DISP_DIG_2
   Definitions
      At line 23 in file gpio.s
   Uses
      At line 433 in file gpio.s
Comment: DISP_DIG_2 used once
DISP_DIG_3 0000004F

Symbol: DISP_DIG_3



ARM Macro Assembler    Page 3 Alphabetic symbol ordering
Absolute symbols

   Definitions
      At line 24 in file gpio.s
   Uses
      At line 437 in file gpio.s
Comment: DISP_DIG_3 used once
DISP_DIG_4 00000066

Symbol: DISP_DIG_4
   Definitions
      At line 25 in file gpio.s
   Uses
      At line 441 in file gpio.s
Comment: DISP_DIG_4 used once
DISP_DIG_5 0000006D

Symbol: DISP_DIG_5
   Definitions
      At line 26 in file gpio.s
   Uses
      At line 445 in file gpio.s
Comment: DISP_DIG_5 used once
DISP_DIG_6 0000007D

Symbol: DISP_DIG_6
   Definitions
      At line 27 in file gpio.s
   Uses
      At line 449 in file gpio.s
Comment: DISP_DIG_6 used once
DISP_DIG_7 00000007

Symbol: DISP_DIG_7
   Definitions
      At line 28 in file gpio.s
   Uses
      At line 453 in file gpio.s
Comment: DISP_DIG_7 used once
DISP_DIG_8 0000007F

Symbol: DISP_DIG_8
   Definitions
      At line 29 in file gpio.s
   Uses
      At line 457 in file gpio.s
Comment: DISP_DIG_8 used once
DISP_DIG_9 0000006F

Symbol: DISP_DIG_9
   Definitions
      At line 30 in file gpio.s
   Uses
      At line 461 in file gpio.s
Comment: DISP_DIG_9 used once
DISP_DIG_A 00000077

Symbol: DISP_DIG_A
   Definitions
      At line 31 in file gpio.s
   Uses



ARM Macro Assembler    Page 4 Alphabetic symbol ordering
Absolute symbols

      At line 465 in file gpio.s
Comment: DISP_DIG_A used once
DISP_DIG_B 0000007C

Symbol: DISP_DIG_B
   Definitions
      At line 32 in file gpio.s
   Uses
      At line 469 in file gpio.s
Comment: DISP_DIG_B used once
DISP_DIG_C 00000039

Symbol: DISP_DIG_C
   Definitions
      At line 33 in file gpio.s
   Uses
      At line 473 in file gpio.s
Comment: DISP_DIG_C used once
DISP_DIG_D 0000005E

Symbol: DISP_DIG_D
   Definitions
      At line 34 in file gpio.s
   Uses
      At line 477 in file gpio.s
Comment: DISP_DIG_D used once
DISP_DIG_E 00000079

Symbol: DISP_DIG_E
   Definitions
      At line 35 in file gpio.s
   Uses
      At line 481 in file gpio.s
Comment: DISP_DIG_E used once
DISP_DIG_F 00000071

Symbol: DISP_DIG_F
   Definitions
      At line 36 in file gpio.s
   Uses
      At line 485 in file gpio.s
Comment: DISP_DIG_F used once
FALSE 00000000

Symbol: FALSE
   Definitions
      At line 11 in file gpio.s
   Uses
      At line 499 in file gpio.s
      At line 510 in file gpio.s
      At line 524 in file gpio.s

GPIO_PORTA 00000001

Symbol: GPIO_PORTA
   Definitions
      At line 46 in file gpio.s
   Uses
      At line 250 in file gpio.s



ARM Macro Assembler    Page 5 Alphabetic symbol ordering
Absolute symbols

      At line 260 in file gpio.s

GPIO_PORTA_AHB_ADCCTL_R 40058530

Symbol: GPIO_PORTA_AHB_ADCCTL_R
   Definitions
      At line 86 in file gpio.s
   Uses
      None
Comment: GPIO_PORTA_AHB_ADCCTL_R unused
GPIO_PORTA_AHB_AFSEL_R 40058420

Symbol: GPIO_PORTA_AHB_AFSEL_R
   Definitions
      At line 73 in file gpio.s
   Uses
      At line 339 in file gpio.s
Comment: GPIO_PORTA_AHB_AFSEL_R used once
GPIO_PORTA_AHB_AMSEL_R 40058528

Symbol: GPIO_PORTA_AHB_AMSEL_R
   Definitions
      At line 84 in file gpio.s
   Uses
      At line 275 in file gpio.s
Comment: GPIO_PORTA_AHB_AMSEL_R used once
GPIO_PORTA_AHB_CR_R 40058524

Symbol: GPIO_PORTA_AHB_CR_R
   Definitions
      At line 83 in file gpio.s
   Uses
      None
Comment: GPIO_PORTA_AHB_CR_R unused
GPIO_PORTA_AHB_DATA_BITS_R 40058000

Symbol: GPIO_PORTA_AHB_DATA_BITS_R
   Definitions
      At line 63 in file gpio.s
   Uses
      None
Comment: GPIO_PORTA_AHB_DATA_BITS_R unused
GPIO_PORTA_AHB_DATA_R 400583FC

Symbol: GPIO_PORTA_AHB_DATA_R
   Definitions
      At line 64 in file gpio.s
   Uses
      At line 413 in file gpio.s
Comment: GPIO_PORTA_AHB_DATA_R used once
GPIO_PORTA_AHB_DEN_R 4005851C

Symbol: GPIO_PORTA_AHB_DEN_R
   Definitions
      At line 81 in file gpio.s
   Uses
      At line 368 in file gpio.s
Comment: GPIO_PORTA_AHB_DEN_R used once
GPIO_PORTA_AHB_DIR_R 40058400



ARM Macro Assembler    Page 6 Alphabetic symbol ordering
Absolute symbols


Symbol: GPIO_PORTA_AHB_DIR_R
   Definitions
      At line 65 in file gpio.s
   Uses
      At line 316 in file gpio.s
Comment: GPIO_PORTA_AHB_DIR_R used once
GPIO_PORTA_AHB_DMACTL_R 40058534

Symbol: GPIO_PORTA_AHB_DMACTL_R
   Definitions
      At line 87 in file gpio.s
   Uses
      None
Comment: GPIO_PORTA_AHB_DMACTL_R unused
GPIO_PORTA_AHB_DR12R_R 4005853C

Symbol: GPIO_PORTA_AHB_DR12R_R
   Definitions
      At line 89 in file gpio.s
   Uses
      None
Comment: GPIO_PORTA_AHB_DR12R_R unused
GPIO_PORTA_AHB_DR2R_R 40058500

Symbol: GPIO_PORTA_AHB_DR2R_R
   Definitions
      At line 74 in file gpio.s
   Uses
      None
Comment: GPIO_PORTA_AHB_DR2R_R unused
GPIO_PORTA_AHB_DR4R_R 40058504

Symbol: GPIO_PORTA_AHB_DR4R_R
   Definitions
      At line 75 in file gpio.s
   Uses
      None
Comment: GPIO_PORTA_AHB_DR4R_R unused
GPIO_PORTA_AHB_DR8R_R 40058508

Symbol: GPIO_PORTA_AHB_DR8R_R
   Definitions
      At line 76 in file gpio.s
   Uses
      None
Comment: GPIO_PORTA_AHB_DR8R_R unused
GPIO_PORTA_AHB_IBE_R 40058408

Symbol: GPIO_PORTA_AHB_IBE_R
   Definitions
      At line 67 in file gpio.s
   Uses
      None
Comment: GPIO_PORTA_AHB_IBE_R unused
GPIO_PORTA_AHB_ICR_R 4005841C

Symbol: GPIO_PORTA_AHB_ICR_R
   Definitions



ARM Macro Assembler    Page 7 Alphabetic symbol ordering
Absolute symbols

      At line 72 in file gpio.s
   Uses
      None
Comment: GPIO_PORTA_AHB_ICR_R unused
GPIO_PORTA_AHB_IEV_R 4005840C

Symbol: GPIO_PORTA_AHB_IEV_R
   Definitions
      At line 68 in file gpio.s
   Uses
      None
Comment: GPIO_PORTA_AHB_IEV_R unused
GPIO_PORTA_AHB_IM_R 40058410

Symbol: GPIO_PORTA_AHB_IM_R
   Definitions
      At line 69 in file gpio.s
   Uses
      None
Comment: GPIO_PORTA_AHB_IM_R unused
GPIO_PORTA_AHB_IS_R 40058404

Symbol: GPIO_PORTA_AHB_IS_R
   Definitions
      At line 66 in file gpio.s
   Uses
      None
Comment: GPIO_PORTA_AHB_IS_R unused
GPIO_PORTA_AHB_LOCK_R 40058520

Symbol: GPIO_PORTA_AHB_LOCK_R
   Definitions
      At line 82 in file gpio.s
   Uses
      None
Comment: GPIO_PORTA_AHB_LOCK_R unused
GPIO_PORTA_AHB_MIS_R 40058418

Symbol: GPIO_PORTA_AHB_MIS_R
   Definitions
      At line 71 in file gpio.s
   Uses
      None
Comment: GPIO_PORTA_AHB_MIS_R unused
GPIO_PORTA_AHB_ODR_R 4005850C

Symbol: GPIO_PORTA_AHB_ODR_R
   Definitions
      At line 77 in file gpio.s
   Uses
      None
Comment: GPIO_PORTA_AHB_ODR_R unused
GPIO_PORTA_AHB_PCTL_R 4005852C

Symbol: GPIO_PORTA_AHB_PCTL_R
   Definitions
      At line 85 in file gpio.s
   Uses
      At line 290 in file gpio.s



ARM Macro Assembler    Page 8 Alphabetic symbol ordering
Absolute symbols

Comment: GPIO_PORTA_AHB_PCTL_R used once
GPIO_PORTA_AHB_PC_R 40058FC4

Symbol: GPIO_PORTA_AHB_PC_R
   Definitions
      At line 94 in file gpio.s
   Uses
      None
Comment: GPIO_PORTA_AHB_PC_R unused
GPIO_PORTA_AHB_PDR_R 40058514

Symbol: GPIO_PORTA_AHB_PDR_R
   Definitions
      At line 79 in file gpio.s
   Uses
      None
Comment: GPIO_PORTA_AHB_PDR_R unused
GPIO_PORTA_AHB_PP_R 40058FC0

Symbol: GPIO_PORTA_AHB_PP_R
   Definitions
      At line 93 in file gpio.s
   Uses
      None
Comment: GPIO_PORTA_AHB_PP_R unused
GPIO_PORTA_AHB_PUR_R 40058510

Symbol: GPIO_PORTA_AHB_PUR_R
   Definitions
      At line 78 in file gpio.s
   Uses
      None
Comment: GPIO_PORTA_AHB_PUR_R unused
GPIO_PORTA_AHB_RIS_R 40058414

Symbol: GPIO_PORTA_AHB_RIS_R
   Definitions
      At line 70 in file gpio.s
   Uses
      None
Comment: GPIO_PORTA_AHB_RIS_R unused
GPIO_PORTA_AHB_SI_R 40058538

Symbol: GPIO_PORTA_AHB_SI_R
   Definitions
      At line 88 in file gpio.s
   Uses
      None
Comment: GPIO_PORTA_AHB_SI_R unused
GPIO_PORTA_AHB_SLR_R 40058518

Symbol: GPIO_PORTA_AHB_SLR_R
   Definitions
      At line 80 in file gpio.s
   Uses
      None
Comment: GPIO_PORTA_AHB_SLR_R unused
GPIO_PORTA_AHB_WAKELVL_R 40058544




ARM Macro Assembler    Page 9 Alphabetic symbol ordering
Absolute symbols

Symbol: GPIO_PORTA_AHB_WAKELVL_R
   Definitions
      At line 91 in file gpio.s
   Uses
      None
Comment: GPIO_PORTA_AHB_WAKELVL_R unused
GPIO_PORTA_AHB_WAKEPEN_R 40058540

Symbol: GPIO_PORTA_AHB_WAKEPEN_R
   Definitions
      At line 90 in file gpio.s
   Uses
      None
Comment: GPIO_PORTA_AHB_WAKEPEN_R unused
GPIO_PORTA_AHB_WAKESTAT_R 40058548

Symbol: GPIO_PORTA_AHB_WAKESTAT_R
   Definitions
      At line 92 in file gpio.s
   Uses
      None
Comment: GPIO_PORTA_AHB_WAKESTAT_R unused
GPIO_PORTB 00000002

Symbol: GPIO_PORTB
   Definitions
      At line 47 in file gpio.s
   Uses
      At line 251 in file gpio.s
      At line 261 in file gpio.s

GPIO_PORTB_AHB_ADCCTL_R 40059530

Symbol: GPIO_PORTB_AHB_ADCCTL_R
   Definitions
      At line 120 in file gpio.s
   Uses
      None
Comment: GPIO_PORTB_AHB_ADCCTL_R unused
GPIO_PORTB_AHB_AFSEL_R 40059420

Symbol: GPIO_PORTB_AHB_AFSEL_R
   Definitions
      At line 107 in file gpio.s
   Uses
      At line 341 in file gpio.s
Comment: GPIO_PORTB_AHB_AFSEL_R used once
GPIO_PORTB_AHB_AMSEL_R 40059528

Symbol: GPIO_PORTB_AHB_AMSEL_R
   Definitions
      At line 118 in file gpio.s
   Uses
      At line 277 in file gpio.s
Comment: GPIO_PORTB_AHB_AMSEL_R used once
GPIO_PORTB_AHB_CR_R 40059524

Symbol: GPIO_PORTB_AHB_CR_R
   Definitions



ARM Macro Assembler    Page 10 Alphabetic symbol ordering
Absolute symbols

      At line 117 in file gpio.s
   Uses
      None
Comment: GPIO_PORTB_AHB_CR_R unused
GPIO_PORTB_AHB_DATA_BITS_R 40059000

Symbol: GPIO_PORTB_AHB_DATA_BITS_R
   Definitions
      At line 97 in file gpio.s
   Uses
      None
Comment: GPIO_PORTB_AHB_DATA_BITS_R unused
GPIO_PORTB_AHB_DATA_R 400593FC

Symbol: GPIO_PORTB_AHB_DATA_R
   Definitions
      At line 98 in file gpio.s
   Uses
      At line 512 in file gpio.s
      At line 526 in file gpio.s

GPIO_PORTB_AHB_DEN_R 4005951C

Symbol: GPIO_PORTB_AHB_DEN_R
   Definitions
      At line 115 in file gpio.s
   Uses
      At line 375 in file gpio.s
Comment: GPIO_PORTB_AHB_DEN_R used once
GPIO_PORTB_AHB_DIR_R 40059400

Symbol: GPIO_PORTB_AHB_DIR_R
   Definitions
      At line 99 in file gpio.s
   Uses
      At line 323 in file gpio.s
Comment: GPIO_PORTB_AHB_DIR_R used once
GPIO_PORTB_AHB_DMACTL_R 40059534

Symbol: GPIO_PORTB_AHB_DMACTL_R
   Definitions
      At line 121 in file gpio.s
   Uses
      None
Comment: GPIO_PORTB_AHB_DMACTL_R unused
GPIO_PORTB_AHB_DR12R_R 4005953C

Symbol: GPIO_PORTB_AHB_DR12R_R
   Definitions
      At line 123 in file gpio.s
   Uses
      None
Comment: GPIO_PORTB_AHB_DR12R_R unused
GPIO_PORTB_AHB_DR2R_R 40059500

Symbol: GPIO_PORTB_AHB_DR2R_R
   Definitions
      At line 108 in file gpio.s
   Uses



ARM Macro Assembler    Page 11 Alphabetic symbol ordering
Absolute symbols

      None
Comment: GPIO_PORTB_AHB_DR2R_R unused
GPIO_PORTB_AHB_DR4R_R 40059504

Symbol: GPIO_PORTB_AHB_DR4R_R
   Definitions
      At line 109 in file gpio.s
   Uses
      None
Comment: GPIO_PORTB_AHB_DR4R_R unused
GPIO_PORTB_AHB_DR8R_R 40059508

Symbol: GPIO_PORTB_AHB_DR8R_R
   Definitions
      At line 110 in file gpio.s
   Uses
      None
Comment: GPIO_PORTB_AHB_DR8R_R unused
GPIO_PORTB_AHB_IBE_R 40059408

Symbol: GPIO_PORTB_AHB_IBE_R
   Definitions
      At line 101 in file gpio.s
   Uses
      None
Comment: GPIO_PORTB_AHB_IBE_R unused
GPIO_PORTB_AHB_ICR_R 4005941C

Symbol: GPIO_PORTB_AHB_ICR_R
   Definitions
      At line 106 in file gpio.s
   Uses
      None
Comment: GPIO_PORTB_AHB_ICR_R unused
GPIO_PORTB_AHB_IEV_R 4005940C

Symbol: GPIO_PORTB_AHB_IEV_R
   Definitions
      At line 102 in file gpio.s
   Uses
      None
Comment: GPIO_PORTB_AHB_IEV_R unused
GPIO_PORTB_AHB_IM_R 40059410

Symbol: GPIO_PORTB_AHB_IM_R
   Definitions
      At line 103 in file gpio.s
   Uses
      None
Comment: GPIO_PORTB_AHB_IM_R unused
GPIO_PORTB_AHB_IS_R 40059404

Symbol: GPIO_PORTB_AHB_IS_R
   Definitions
      At line 100 in file gpio.s
   Uses
      None
Comment: GPIO_PORTB_AHB_IS_R unused
GPIO_PORTB_AHB_LOCK_R 40059520



ARM Macro Assembler    Page 12 Alphabetic symbol ordering
Absolute symbols


Symbol: GPIO_PORTB_AHB_LOCK_R
   Definitions
      At line 116 in file gpio.s
   Uses
      None
Comment: GPIO_PORTB_AHB_LOCK_R unused
GPIO_PORTB_AHB_MIS_R 40059418

Symbol: GPIO_PORTB_AHB_MIS_R
   Definitions
      At line 105 in file gpio.s
   Uses
      None
Comment: GPIO_PORTB_AHB_MIS_R unused
GPIO_PORTB_AHB_ODR_R 4005950C

Symbol: GPIO_PORTB_AHB_ODR_R
   Definitions
      At line 111 in file gpio.s
   Uses
      None
Comment: GPIO_PORTB_AHB_ODR_R unused
GPIO_PORTB_AHB_PCTL_R 4005952C

Symbol: GPIO_PORTB_AHB_PCTL_R
   Definitions
      At line 119 in file gpio.s
   Uses
      At line 292 in file gpio.s
Comment: GPIO_PORTB_AHB_PCTL_R used once
GPIO_PORTB_AHB_PC_R 40059FC4

Symbol: GPIO_PORTB_AHB_PC_R
   Definitions
      At line 128 in file gpio.s
   Uses
      None
Comment: GPIO_PORTB_AHB_PC_R unused
GPIO_PORTB_AHB_PDR_R 40059514

Symbol: GPIO_PORTB_AHB_PDR_R
   Definitions
      At line 113 in file gpio.s
   Uses
      None
Comment: GPIO_PORTB_AHB_PDR_R unused
GPIO_PORTB_AHB_PP_R 40059FC0

Symbol: GPIO_PORTB_AHB_PP_R
   Definitions
      At line 127 in file gpio.s
   Uses
      None
Comment: GPIO_PORTB_AHB_PP_R unused
GPIO_PORTB_AHB_PUR_R 40059510

Symbol: GPIO_PORTB_AHB_PUR_R
   Definitions



ARM Macro Assembler    Page 13 Alphabetic symbol ordering
Absolute symbols

      At line 112 in file gpio.s
   Uses
      None
Comment: GPIO_PORTB_AHB_PUR_R unused
GPIO_PORTB_AHB_RIS_R 40059414

Symbol: GPIO_PORTB_AHB_RIS_R
   Definitions
      At line 104 in file gpio.s
   Uses
      None
Comment: GPIO_PORTB_AHB_RIS_R unused
GPIO_PORTB_AHB_SI_R 40059538

Symbol: GPIO_PORTB_AHB_SI_R
   Definitions
      At line 122 in file gpio.s
   Uses
      None
Comment: GPIO_PORTB_AHB_SI_R unused
GPIO_PORTB_AHB_SLR_R 40059518

Symbol: GPIO_PORTB_AHB_SLR_R
   Definitions
      At line 114 in file gpio.s
   Uses
      None
Comment: GPIO_PORTB_AHB_SLR_R unused
GPIO_PORTB_AHB_WAKELVL_R 40059544

Symbol: GPIO_PORTB_AHB_WAKELVL_R
   Definitions
      At line 125 in file gpio.s
   Uses
      None
Comment: GPIO_PORTB_AHB_WAKELVL_R unused
GPIO_PORTB_AHB_WAKEPEN_R 40059540

Symbol: GPIO_PORTB_AHB_WAKEPEN_R
   Definitions
      At line 124 in file gpio.s
   Uses
      None
Comment: GPIO_PORTB_AHB_WAKEPEN_R unused
GPIO_PORTB_AHB_WAKESTAT_R 40059548

Symbol: GPIO_PORTB_AHB_WAKESTAT_R
   Definitions
      At line 126 in file gpio.s
   Uses
      None
Comment: GPIO_PORTB_AHB_WAKESTAT_R unused
GPIO_PORTC 00000004

Symbol: GPIO_PORTC
   Definitions
      At line 48 in file gpio.s
   Uses
      None



ARM Macro Assembler    Page 14 Alphabetic symbol ordering
Absolute symbols

Comment: GPIO_PORTC unused
GPIO_PORTD 00000008

Symbol: GPIO_PORTD
   Definitions
      At line 49 in file gpio.s
   Uses
      None
Comment: GPIO_PORTD unused
GPIO_PORTE 00000010

Symbol: GPIO_PORTE
   Definitions
      At line 50 in file gpio.s
   Uses
      None
Comment: GPIO_PORTE unused
GPIO_PORTF 00000020

Symbol: GPIO_PORTF
   Definitions
      At line 51 in file gpio.s
   Uses
      At line 246 in file gpio.s
      At line 256 in file gpio.s

GPIO_PORTF_AHB_AFSEL_R 4005D420

Symbol: GPIO_PORTF_AHB_AFSEL_R
   Definitions
      At line 147 in file gpio.s
   Uses
      At line 331 in file gpio.s
Comment: GPIO_PORTF_AHB_AFSEL_R used once
GPIO_PORTF_AHB_AMSEL_R 4005D528

Symbol: GPIO_PORTF_AHB_AMSEL_R
   Definitions
      At line 144 in file gpio.s
   Uses
      At line 269 in file gpio.s
Comment: GPIO_PORTF_AHB_AMSEL_R used once
GPIO_PORTF_AHB_CR_R 4005D524

Symbol: GPIO_PORTF_AHB_CR_R
   Definitions
      At line 143 in file gpio.s
   Uses
      None
Comment: GPIO_PORTF_AHB_CR_R unused
GPIO_PORTF_AHB_DATA_R 4005D3FC

Symbol: GPIO_PORTF_AHB_DATA_R
   Definitions
      At line 150 in file gpio.s
   Uses
      At line 395 in file gpio.s
Comment: GPIO_PORTF_AHB_DATA_R used once
GPIO_PORTF_AHB_DEN_R 4005D51C



ARM Macro Assembler    Page 15 Alphabetic symbol ordering
Absolute symbols


Symbol: GPIO_PORTF_AHB_DEN_R
   Definitions
      At line 148 in file gpio.s
   Uses
      At line 345 in file gpio.s
Comment: GPIO_PORTF_AHB_DEN_R used once
GPIO_PORTF_AHB_DIR_R 4005D400

Symbol: GPIO_PORTF_AHB_DIR_R
   Definitions
      At line 146 in file gpio.s
   Uses
      At line 296 in file gpio.s
Comment: GPIO_PORTF_AHB_DIR_R used once
GPIO_PORTF_AHB_LOCK_R 4005D520

Symbol: GPIO_PORTF_AHB_LOCK_R
   Definitions
      At line 142 in file gpio.s
   Uses
      None
Comment: GPIO_PORTF_AHB_LOCK_R unused
GPIO_PORTF_AHB_PCTL_R 4005D52C

Symbol: GPIO_PORTF_AHB_PCTL_R
   Definitions
      At line 145 in file gpio.s
   Uses
      At line 284 in file gpio.s
Comment: GPIO_PORTF_AHB_PCTL_R used once
GPIO_PORTF_AHB_PUR_R 4005D510

Symbol: GPIO_PORTF_AHB_PUR_R
   Definitions
      At line 149 in file gpio.s
   Uses
      None
Comment: GPIO_PORTF_AHB_PUR_R unused
GPIO_PORTG 00000040

Symbol: GPIO_PORTG
   Definitions
      At line 52 in file gpio.s
   Uses
      None
Comment: GPIO_PORTG unused
GPIO_PORTH 00000080

Symbol: GPIO_PORTH
   Definitions
      At line 53 in file gpio.s
   Uses
      None
Comment: GPIO_PORTH unused
GPIO_PORTJ 00000100

Symbol: GPIO_PORTJ
   Definitions



ARM Macro Assembler    Page 16 Alphabetic symbol ordering
Absolute symbols

      At line 54 in file gpio.s
   Uses
      At line 247 in file gpio.s
      At line 257 in file gpio.s

GPIO_PORTJ_AHB_AFSEL_R 40060420

Symbol: GPIO_PORTJ_AHB_AFSEL_R
   Definitions
      At line 136 in file gpio.s
   Uses
      At line 333 in file gpio.s
Comment: GPIO_PORTJ_AHB_AFSEL_R used once
GPIO_PORTJ_AHB_AMSEL_R 40060528

Symbol: GPIO_PORTJ_AHB_AMSEL_R
   Definitions
      At line 133 in file gpio.s
   Uses
      At line 267 in file gpio.s
Comment: GPIO_PORTJ_AHB_AMSEL_R used once
GPIO_PORTJ_AHB_CR_R 40060524

Symbol: GPIO_PORTJ_AHB_CR_R
   Definitions
      At line 132 in file gpio.s
   Uses
      None
Comment: GPIO_PORTJ_AHB_CR_R unused
GPIO_PORTJ_AHB_DATA_R 400603FC

Symbol: GPIO_PORTJ_AHB_DATA_R
   Definitions
      At line 139 in file gpio.s
   Uses
      At line 538 in file gpio.s
Comment: GPIO_PORTJ_AHB_DATA_R used once
GPIO_PORTJ_AHB_DEN_R 4006051C

Symbol: GPIO_PORTJ_AHB_DEN_R
   Definitions
      At line 137 in file gpio.s
   Uses
      At line 351 in file gpio.s
Comment: GPIO_PORTJ_AHB_DEN_R used once
GPIO_PORTJ_AHB_DIR_R 40060400

Symbol: GPIO_PORTJ_AHB_DIR_R
   Definitions
      At line 135 in file gpio.s
   Uses
      At line 301 in file gpio.s
Comment: GPIO_PORTJ_AHB_DIR_R used once
GPIO_PORTJ_AHB_LOCK_R 40060520

Symbol: GPIO_PORTJ_AHB_LOCK_R
   Definitions
      At line 131 in file gpio.s
   Uses



ARM Macro Assembler    Page 17 Alphabetic symbol ordering
Absolute symbols

      None
Comment: GPIO_PORTJ_AHB_LOCK_R unused
GPIO_PORTJ_AHB_PCTL_R 4006052C

Symbol: GPIO_PORTJ_AHB_PCTL_R
   Definitions
      At line 134 in file gpio.s
   Uses
      At line 282 in file gpio.s
Comment: GPIO_PORTJ_AHB_PCTL_R used once
GPIO_PORTJ_AHB_PUR_R 40060510

Symbol: GPIO_PORTJ_AHB_PUR_R
   Definitions
      At line 138 in file gpio.s
   Uses
      At line 381 in file gpio.s
Comment: GPIO_PORTJ_AHB_PUR_R used once
GPIO_PORTK 00000200

Symbol: GPIO_PORTK
   Definitions
      At line 55 in file gpio.s
   Uses
      None
Comment: GPIO_PORTK unused
GPIO_PORTL 00000400

Symbol: GPIO_PORTL
   Definitions
      At line 56 in file gpio.s
   Uses
      None
Comment: GPIO_PORTL unused
GPIO_PORTM 00000800

Symbol: GPIO_PORTM
   Definitions
      At line 57 in file gpio.s
   Uses
      None
Comment: GPIO_PORTM unused
GPIO_PORTN 00001000

Symbol: GPIO_PORTN
   Definitions
      At line 58 in file gpio.s
   Uses
      None
Comment: GPIO_PORTN unused
GPIO_PORTP 00002000

Symbol: GPIO_PORTP
   Definitions
      At line 59 in file gpio.s
   Uses
      At line 249 in file gpio.s
      At line 259 in file gpio.s




ARM Macro Assembler    Page 18 Alphabetic symbol ordering
Absolute symbols

GPIO_PORTP_ADCCTL_R 40065530

Symbol: GPIO_PORTP_ADCCTL_R
   Definitions
      At line 176 in file gpio.s
   Uses
      None
Comment: GPIO_PORTP_ADCCTL_R unused
GPIO_PORTP_AFSEL_R 40065420

Symbol: GPIO_PORTP_AFSEL_R
   Definitions
      At line 163 in file gpio.s
   Uses
      At line 337 in file gpio.s
Comment: GPIO_PORTP_AFSEL_R used once
GPIO_PORTP_AMSEL_R 40065528

Symbol: GPIO_PORTP_AMSEL_R
   Definitions
      At line 174 in file gpio.s
   Uses
      At line 273 in file gpio.s
Comment: GPIO_PORTP_AMSEL_R used once
GPIO_PORTP_CR_R 40065524

Symbol: GPIO_PORTP_CR_R
   Definitions
      At line 173 in file gpio.s
   Uses
      None
Comment: GPIO_PORTP_CR_R unused
GPIO_PORTP_DATA_BITS_R 40065000

Symbol: GPIO_PORTP_DATA_BITS_R
   Definitions
      At line 153 in file gpio.s
   Uses
      None
Comment: GPIO_PORTP_DATA_BITS_R unused
GPIO_PORTP_DATA_R 400653FC

Symbol: GPIO_PORTP_DATA_R
   Definitions
      At line 154 in file gpio.s
   Uses
      At line 501 in file gpio.s
Comment: GPIO_PORTP_DATA_R used once
GPIO_PORTP_DEN_R 4006551C

Symbol: GPIO_PORTP_DEN_R
   Definitions
      At line 171 in file gpio.s
   Uses
      At line 364 in file gpio.s
Comment: GPIO_PORTP_DEN_R used once
GPIO_PORTP_DIR_R 40065400

Symbol: GPIO_PORTP_DIR_R



ARM Macro Assembler    Page 19 Alphabetic symbol ordering
Absolute symbols

   Definitions
      At line 155 in file gpio.s
   Uses
      At line 312 in file gpio.s
Comment: GPIO_PORTP_DIR_R used once
GPIO_PORTP_DMACTL_R 40065534

Symbol: GPIO_PORTP_DMACTL_R
   Definitions
      At line 177 in file gpio.s
   Uses
      None
Comment: GPIO_PORTP_DMACTL_R unused
GPIO_PORTP_DR12R_R 4006553C

Symbol: GPIO_PORTP_DR12R_R
   Definitions
      At line 179 in file gpio.s
   Uses
      None
Comment: GPIO_PORTP_DR12R_R unused
GPIO_PORTP_DR2R_R 40065500

Symbol: GPIO_PORTP_DR2R_R
   Definitions
      At line 164 in file gpio.s
   Uses
      None
Comment: GPIO_PORTP_DR2R_R unused
GPIO_PORTP_DR4R_R 40065504

Symbol: GPIO_PORTP_DR4R_R
   Definitions
      At line 165 in file gpio.s
   Uses
      None
Comment: GPIO_PORTP_DR4R_R unused
GPIO_PORTP_DR8R_R 40065508

Symbol: GPIO_PORTP_DR8R_R
   Definitions
      At line 166 in file gpio.s
   Uses
      None
Comment: GPIO_PORTP_DR8R_R unused
GPIO_PORTP_IBE_R 40065408

Symbol: GPIO_PORTP_IBE_R
   Definitions
      At line 157 in file gpio.s
   Uses
      None
Comment: GPIO_PORTP_IBE_R unused
GPIO_PORTP_ICR_R 4006541C

Symbol: GPIO_PORTP_ICR_R
   Definitions
      At line 162 in file gpio.s
   Uses



ARM Macro Assembler    Page 20 Alphabetic symbol ordering
Absolute symbols

      None
Comment: GPIO_PORTP_ICR_R unused
GPIO_PORTP_IEV_R 4006540C

Symbol: GPIO_PORTP_IEV_R
   Definitions
      At line 158 in file gpio.s
   Uses
      None
Comment: GPIO_PORTP_IEV_R unused
GPIO_PORTP_IM_R 40065410

Symbol: GPIO_PORTP_IM_R
   Definitions
      At line 159 in file gpio.s
   Uses
      None
Comment: GPIO_PORTP_IM_R unused
GPIO_PORTP_IS_R 40065404

Symbol: GPIO_PORTP_IS_R
   Definitions
      At line 156 in file gpio.s
   Uses
      None
Comment: GPIO_PORTP_IS_R unused
GPIO_PORTP_LOCK_R 40065520

Symbol: GPIO_PORTP_LOCK_R
   Definitions
      At line 172 in file gpio.s
   Uses
      None
Comment: GPIO_PORTP_LOCK_R unused
GPIO_PORTP_MIS_R 40065418

Symbol: GPIO_PORTP_MIS_R
   Definitions
      At line 161 in file gpio.s
   Uses
      None
Comment: GPIO_PORTP_MIS_R unused
GPIO_PORTP_ODR_R 4006550C

Symbol: GPIO_PORTP_ODR_R
   Definitions
      At line 167 in file gpio.s
   Uses
      None
Comment: GPIO_PORTP_ODR_R unused
GPIO_PORTP_PCTL_R 4006552C

Symbol: GPIO_PORTP_PCTL_R
   Definitions
      At line 175 in file gpio.s
   Uses
      At line 288 in file gpio.s
Comment: GPIO_PORTP_PCTL_R used once
GPIO_PORTP_PC_R 40065FC4



ARM Macro Assembler    Page 21 Alphabetic symbol ordering
Absolute symbols


Symbol: GPIO_PORTP_PC_R
   Definitions
      At line 184 in file gpio.s
   Uses
      None
Comment: GPIO_PORTP_PC_R unused
GPIO_PORTP_PDR_R 40065514

Symbol: GPIO_PORTP_PDR_R
   Definitions
      At line 169 in file gpio.s
   Uses
      None
Comment: GPIO_PORTP_PDR_R unused
GPIO_PORTP_PP_R 40065FC0

Symbol: GPIO_PORTP_PP_R
   Definitions
      At line 183 in file gpio.s
   Uses
      None
Comment: GPIO_PORTP_PP_R unused
GPIO_PORTP_PUR_R 40065510

Symbol: GPIO_PORTP_PUR_R
   Definitions
      At line 168 in file gpio.s
   Uses
      None
Comment: GPIO_PORTP_PUR_R unused
GPIO_PORTP_RIS_R 40065414

Symbol: GPIO_PORTP_RIS_R
   Definitions
      At line 160 in file gpio.s
   Uses
      None
Comment: GPIO_PORTP_RIS_R unused
GPIO_PORTP_SI_R 40065538

Symbol: GPIO_PORTP_SI_R
   Definitions
      At line 178 in file gpio.s
   Uses
      None
Comment: GPIO_PORTP_SI_R unused
GPIO_PORTP_SLR_R 40065518

Symbol: GPIO_PORTP_SLR_R
   Definitions
      At line 170 in file gpio.s
   Uses
      None
Comment: GPIO_PORTP_SLR_R unused
GPIO_PORTP_WAKELVL_R 40065544

Symbol: GPIO_PORTP_WAKELVL_R
   Definitions



ARM Macro Assembler    Page 22 Alphabetic symbol ordering
Absolute symbols

      At line 181 in file gpio.s
   Uses
      None
Comment: GPIO_PORTP_WAKELVL_R unused
GPIO_PORTP_WAKEPEN_R 40065540

Symbol: GPIO_PORTP_WAKEPEN_R
   Definitions
      At line 180 in file gpio.s
   Uses
      None
Comment: GPIO_PORTP_WAKEPEN_R unused
GPIO_PORTP_WAKESTAT_R 40065548

Symbol: GPIO_PORTP_WAKESTAT_R
   Definitions
      At line 182 in file gpio.s
   Uses
      None
Comment: GPIO_PORTP_WAKESTAT_R unused
GPIO_PORTQ 00004000

Symbol: GPIO_PORTQ
   Definitions
      At line 60 in file gpio.s
   Uses
      At line 248 in file gpio.s
      At line 258 in file gpio.s

GPIO_PORTQ_ADCCTL_R 40066530

Symbol: GPIO_PORTQ_ADCCTL_R
   Definitions
      At line 210 in file gpio.s
   Uses
      None
Comment: GPIO_PORTQ_ADCCTL_R unused
GPIO_PORTQ_AFSEL_R 40066420

Symbol: GPIO_PORTQ_AFSEL_R
   Definitions
      At line 197 in file gpio.s
   Uses
      At line 335 in file gpio.s
Comment: GPIO_PORTQ_AFSEL_R used once
GPIO_PORTQ_AMSEL_R 40066528

Symbol: GPIO_PORTQ_AMSEL_R
   Definitions
      At line 208 in file gpio.s
   Uses
      At line 271 in file gpio.s
Comment: GPIO_PORTQ_AMSEL_R used once
GPIO_PORTQ_CR_R 40066524

Symbol: GPIO_PORTQ_CR_R
   Definitions
      At line 207 in file gpio.s
   Uses



ARM Macro Assembler    Page 23 Alphabetic symbol ordering
Absolute symbols

      None
Comment: GPIO_PORTQ_CR_R unused
GPIO_PORTQ_DATA_BITS_R 40066000

Symbol: GPIO_PORTQ_DATA_BITS_R
   Definitions
      At line 187 in file gpio.s
   Uses
      None
Comment: GPIO_PORTQ_DATA_BITS_R unused
GPIO_PORTQ_DATA_R 400663FC

Symbol: GPIO_PORTQ_DATA_R
   Definitions
      At line 188 in file gpio.s
   Uses
      At line 408 in file gpio.s
Comment: GPIO_PORTQ_DATA_R used once
GPIO_PORTQ_DEN_R 4006651C

Symbol: GPIO_PORTQ_DEN_R
   Definitions
      At line 205 in file gpio.s
   Uses
      At line 357 in file gpio.s
Comment: GPIO_PORTQ_DEN_R used once
GPIO_PORTQ_DIR_R 40066400

Symbol: GPIO_PORTQ_DIR_R
   Definitions
      At line 189 in file gpio.s
   Uses
      At line 305 in file gpio.s
Comment: GPIO_PORTQ_DIR_R used once
GPIO_PORTQ_DMACTL_R 40066534

Symbol: GPIO_PORTQ_DMACTL_R
   Definitions
      At line 211 in file gpio.s
   Uses
      None
Comment: GPIO_PORTQ_DMACTL_R unused
GPIO_PORTQ_DR12R_R 4006653C

Symbol: GPIO_PORTQ_DR12R_R
   Definitions
      At line 213 in file gpio.s
   Uses
      None
Comment: GPIO_PORTQ_DR12R_R unused
GPIO_PORTQ_DR2R_R 40066500

Symbol: GPIO_PORTQ_DR2R_R
   Definitions
      At line 198 in file gpio.s
   Uses
      None
Comment: GPIO_PORTQ_DR2R_R unused
GPIO_PORTQ_DR4R_R 40066504



ARM Macro Assembler    Page 24 Alphabetic symbol ordering
Absolute symbols


Symbol: GPIO_PORTQ_DR4R_R
   Definitions
      At line 199 in file gpio.s
   Uses
      None
Comment: GPIO_PORTQ_DR4R_R unused
GPIO_PORTQ_DR8R_R 40066508

Symbol: GPIO_PORTQ_DR8R_R
   Definitions
      At line 200 in file gpio.s
   Uses
      None
Comment: GPIO_PORTQ_DR8R_R unused
GPIO_PORTQ_IBE_R 40066408

Symbol: GPIO_PORTQ_IBE_R
   Definitions
      At line 191 in file gpio.s
   Uses
      None
Comment: GPIO_PORTQ_IBE_R unused
GPIO_PORTQ_ICR_R 4006641C

Symbol: GPIO_PORTQ_ICR_R
   Definitions
      At line 196 in file gpio.s
   Uses
      None
Comment: GPIO_PORTQ_ICR_R unused
GPIO_PORTQ_IEV_R 4006640C

Symbol: GPIO_PORTQ_IEV_R
   Definitions
      At line 192 in file gpio.s
   Uses
      None
Comment: GPIO_PORTQ_IEV_R unused
GPIO_PORTQ_IM_R 40066410

Symbol: GPIO_PORTQ_IM_R
   Definitions
      At line 193 in file gpio.s
   Uses
      None
Comment: GPIO_PORTQ_IM_R unused
GPIO_PORTQ_IS_R 40066404

Symbol: GPIO_PORTQ_IS_R
   Definitions
      At line 190 in file gpio.s
   Uses
      None
Comment: GPIO_PORTQ_IS_R unused
GPIO_PORTQ_LOCK_R 40066520

Symbol: GPIO_PORTQ_LOCK_R
   Definitions



ARM Macro Assembler    Page 25 Alphabetic symbol ordering
Absolute symbols

      At line 206 in file gpio.s
   Uses
      None
Comment: GPIO_PORTQ_LOCK_R unused
GPIO_PORTQ_MIS_R 40066418

Symbol: GPIO_PORTQ_MIS_R
   Definitions
      At line 195 in file gpio.s
   Uses
      None
Comment: GPIO_PORTQ_MIS_R unused
GPIO_PORTQ_ODR_R 4006650C

Symbol: GPIO_PORTQ_ODR_R
   Definitions
      At line 201 in file gpio.s
   Uses
      None
Comment: GPIO_PORTQ_ODR_R unused
GPIO_PORTQ_PCTL_R 4006652C

Symbol: GPIO_PORTQ_PCTL_R
   Definitions
      At line 209 in file gpio.s
   Uses
      At line 286 in file gpio.s
Comment: GPIO_PORTQ_PCTL_R used once
GPIO_PORTQ_PC_R 40066FC4

Symbol: GPIO_PORTQ_PC_R
   Definitions
      At line 218 in file gpio.s
   Uses
      None
Comment: GPIO_PORTQ_PC_R unused
GPIO_PORTQ_PDR_R 40066514

Symbol: GPIO_PORTQ_PDR_R
   Definitions
      At line 203 in file gpio.s
   Uses
      None
Comment: GPIO_PORTQ_PDR_R unused
GPIO_PORTQ_PP_R 40066FC0

Symbol: GPIO_PORTQ_PP_R
   Definitions
      At line 217 in file gpio.s
   Uses
      None
Comment: GPIO_PORTQ_PP_R unused
GPIO_PORTQ_PUR_R 40066510

Symbol: GPIO_PORTQ_PUR_R
   Definitions
      At line 202 in file gpio.s
   Uses
      None



ARM Macro Assembler    Page 26 Alphabetic symbol ordering
Absolute symbols

Comment: GPIO_PORTQ_PUR_R unused
GPIO_PORTQ_RIS_R 40066414

Symbol: GPIO_PORTQ_RIS_R
   Definitions
      At line 194 in file gpio.s
   Uses
      None
Comment: GPIO_PORTQ_RIS_R unused
GPIO_PORTQ_SI_R 40066538

Symbol: GPIO_PORTQ_SI_R
   Definitions
      At line 212 in file gpio.s
   Uses
      None
Comment: GPIO_PORTQ_SI_R unused
GPIO_PORTQ_SLR_R 40066518

Symbol: GPIO_PORTQ_SLR_R
   Definitions
      At line 204 in file gpio.s
   Uses
      None
Comment: GPIO_PORTQ_SLR_R unused
GPIO_PORTQ_WAKELVL_R 40066544

Symbol: GPIO_PORTQ_WAKELVL_R
   Definitions
      At line 215 in file gpio.s
   Uses
      None
Comment: GPIO_PORTQ_WAKELVL_R unused
GPIO_PORTQ_WAKEPEN_R 40066540

Symbol: GPIO_PORTQ_WAKEPEN_R
   Definitions
      At line 214 in file gpio.s
   Uses
      None
Comment: GPIO_PORTQ_WAKEPEN_R unused
GPIO_PORTQ_WAKESTAT_R 40066548

Symbol: GPIO_PORTQ_WAKESTAT_R
   Definitions
      At line 216 in file gpio.s
   Uses
      None
Comment: GPIO_PORTQ_WAKESTAT_R unused
SYSCTL_PRGPIO_R 400FEA08

Symbol: SYSCTL_PRGPIO_R
   Definitions
      At line 40 in file gpio.s
   Uses
      At line 254 in file gpio.s
Comment: SYSCTL_PRGPIO_R used once
SYSCTL_RCGCGPIO_R 400FE608




ARM Macro Assembler    Page 27 Alphabetic symbol ordering
Absolute symbols

Symbol: SYSCTL_RCGCGPIO_R
   Definitions
      At line 39 in file gpio.s
   Uses
      At line 245 in file gpio.s
Comment: SYSCTL_RCGCGPIO_R used once
TRUE 00000001

Symbol: TRUE
   Definitions
      At line 10 in file gpio.s
   Uses
      None
Comment: TRUE unused
189 symbols
536 symbols in table
